TMS320C2000 Assembler PC v22.6.0 Thu Feb 16 09:10:57 2023

Copyright (c) 1996-2018 Texas Instruments Incorporated
C:\Users\GA5354\AppData\Local\Temp\{95102AF2-3C74-4490-93BE-7FAE4CE21075} PAGE    1

       1              ;***************************************************************
       2              ;* TMS320C2000 G3 C/C++ Codegen                               PC v22.6.0.LTS *
       3              ;* Date/Time created: Thu Feb 16 09:10:57 2023                 *
       4              ;***************************************************************
       5                      .compiler_opts --abi=coffabi --float_support=softlib --hll_source=on --mem_model:code=flat --mem_mode
       6                      .asg    XAR2, FP
       7              
       8              $C$DW$CU        .dwtag  DW_TAG_compile_unit
       9                      .dwattr $C$DW$CU, DW_AT_name("D:/ti/motorware/motorware_1_01_00_18/sw/modules/clarke/src/32b/clarke.c
      10                      .dwattr $C$DW$CU, DW_AT_producer("TI TMS320C2000 G3 C/C++ Codegen PC v22.6.0.LTS Copyright (c) 1996-2
      11                      .dwattr $C$DW$CU, DW_AT_TI_version(0x01)
      12                      .dwattr $C$DW$CU, DW_AT_comp_dir("D:\ti\motorware\motorware_1_01_00_18\sw\solutions\instaspin_foc\boa
      13              ;       C:\ti\ccs1200\ccs\tools\compiler\ti-cgt-c2000_22.6.0.LTS\bin\opt2000.exe C:\\Users\\GA5354\\AppData\\
      14              ;       C:\ti\ccs1200\ccs\tools\compiler\ti-cgt-c2000_22.6.0.LTS\bin\ac2000.exe -@C:\\Users\\GA5354\\AppData\
      15 00000000               .sect   ".text"
      16                      .clink
      17                      .global _CLARKE_init
      18              
      19              $C$DW$1 .dwtag  DW_TAG_subprogram
      20                      .dwattr $C$DW$1, DW_AT_name("CLARKE_init")
      21                      .dwattr $C$DW$1, DW_AT_low_pc(_CLARKE_init)
      22                      .dwattr $C$DW$1, DW_AT_high_pc(0x00)
      23                      .dwattr $C$DW$1, DW_AT_TI_symbol_name("_CLARKE_init")
      24                      .dwattr $C$DW$1, DW_AT_external
      25                      .dwattr $C$DW$1, DW_AT_type(*$C$DW$T$25)
      26                      .dwattr $C$DW$1, DW_AT_TI_begin_file("D:/ti/motorware/motorware_1_01_00_18/sw/modules/clarke/src/32b/
      27                      .dwattr $C$DW$1, DW_AT_TI_begin_line(0x37)
      28                      .dwattr $C$DW$1, DW_AT_TI_begin_column(0x0f)
      29                      .dwattr $C$DW$1, DW_AT_TI_max_frame_size(-2)
      30                      .dwpsn  file "D:/ti/motorware/motorware_1_01_00_18/sw/modules/clarke/src/32b/clarke.c",line 56,column
      31              
      32                      .dwfde $C$DW$CIE, _CLARKE_init
      33              $C$DW$2 .dwtag  DW_TAG_formal_parameter
      34                      .dwattr $C$DW$2, DW_AT_name("pMemory")
      35                      .dwattr $C$DW$2, DW_AT_TI_symbol_name("_pMemory")
      36                      .dwattr $C$DW$2, DW_AT_type(*$C$DW$T$3)
      37                      .dwattr $C$DW$2, DW_AT_location[DW_OP_reg12]
      38              
      39              $C$DW$3 .dwtag  DW_TAG_formal_parameter
      40                      .dwattr $C$DW$3, DW_AT_name("numBytes")
      41                      .dwattr $C$DW$3, DW_AT_TI_symbol_name("_numBytes")
      42                      .dwattr $C$DW$3, DW_AT_type(*$C$DW$T$26)
      43                      .dwattr $C$DW$3, DW_AT_location[DW_OP_reg0]
      44              
      45              
      46              ;***************************************************************
      47              ;* FNAME: _CLARKE_init                  FR SIZE:   0           *
      48              ;*                                                             *
      49              ;* FUNCTION ENVIRONMENT                                        *
      50              ;*                                                             *
      51              ;* FUNCTION PROPERTIES                                         *
      52              ;*                            0 Parameter,  0 Auto,  0 SOE     *
      53              ;***************************************************************
      54              
      55              _CLARKE_init:
TMS320C2000 Assembler PC v22.6.0 Thu Feb 16 09:10:57 2023

Copyright (c) 1996-2018 Texas Instruments Incorporated
C:\Users\GA5354\AppData\Local\Temp\{95102AF2-3C74-4490-93BE-7FAE4CE21075} PAGE    2

      56              ;* AR6   assigned to _numBytes
      57              $C$DW$4 .dwtag  DW_TAG_variable
      58                      .dwattr $C$DW$4, DW_AT_name("numBytes")
      59                      .dwattr $C$DW$4, DW_AT_TI_symbol_name("_numBytes")
      60                      .dwattr $C$DW$4, DW_AT_type(*$C$DW$T$27)
      61                      .dwattr $C$DW$4, DW_AT_location[DW_OP_reg16]
      62              
      63                      .dwcfi  cfa_offset, -2
      64                      .dwcfi  save_reg_to_mem, 26, 0
      65 00000000 1EA6          MOVL      XAR6,ACC              ; [CPU_ALU] |56| 
      66                      .dwpsn  file "D:/ti/motorware/motorware_1_01_00_18/sw/modules/clarke/src/32b/clarke.c",line 60,column
      67 00000001 0206          MOVB      ACC,#6                ; [CPU_ALU] |60| 
      68 00000002 0FA6          CMPL      ACC,XAR6              ; [CPU_ALU] |60| 
      69 00000003 6902          B         $C$L1,LOS             ; [CPU_ALU] |60| 
      70                      ; branchcc occurs ; [] |60| 
      71 00000004 D400          MOVB      XAR4,#0               ; [CPU_ALU] |60| 
      72              $C$L1:    
      73              $C$DW$5 .dwtag  DW_TAG_TI_branch
      74                      .dwattr $C$DW$5, DW_AT_low_pc(0x00)
      75                      .dwattr $C$DW$5, DW_AT_TI_return
      76              
      77 00000005 0006          LRETR     ; [CPU_ALU] 
      78                      ; return occurs ; [] 
      79                      .dwattr $C$DW$1, DW_AT_TI_end_file("D:/ti/motorware/motorware_1_01_00_18/sw/modules/clarke/src/32b/cl
      80                      .dwattr $C$DW$1, DW_AT_TI_end_line(0x42)
      81                      .dwattr $C$DW$1, DW_AT_TI_end_column(0x01)
      82                      .dwendentry
      83                      .dwendtag $C$DW$1
      84              
      85              
      86              ;***************************************************************
      87              ;* TYPE INFORMATION                                            *
      88              ;***************************************************************
      89              
      90              $C$DW$T$23      .dwtag  DW_TAG_structure_type
      91                      .dwattr $C$DW$T$23, DW_AT_name("_CLARKE_Obj_")
      92                      .dwattr $C$DW$T$23, DW_AT_byte_size(0x06)
      93              $C$DW$6 .dwtag  DW_TAG_member
      94                      .dwattr $C$DW$6, DW_AT_type(*$C$DW$T$19)
      95                      .dwattr $C$DW$6, DW_AT_name("alpha_sf")
      96                      .dwattr $C$DW$6, DW_AT_TI_symbol_name("_alpha_sf")
      97                      .dwattr $C$DW$6, DW_AT_data_member_location[DW_OP_plus_uconst 0x0]
      98                      .dwattr $C$DW$6, DW_AT_accessibility(DW_ACCESS_public)
      99              
     100              $C$DW$7 .dwtag  DW_TAG_member
     101                      .dwattr $C$DW$7, DW_AT_type(*$C$DW$T$19)
     102                      .dwattr $C$DW$7, DW_AT_name("beta_sf")
     103                      .dwattr $C$DW$7, DW_AT_TI_symbol_name("_beta_sf")
     104                      .dwattr $C$DW$7, DW_AT_data_member_location[DW_OP_plus_uconst 0x2]
     105                      .dwattr $C$DW$7, DW_AT_accessibility(DW_ACCESS_public)
     106              
     107              $C$DW$8 .dwtag  DW_TAG_member
     108                      .dwattr $C$DW$8, DW_AT_type(*$C$DW$T$22)
     109                      .dwattr $C$DW$8, DW_AT_name("numSensors")
     110                      .dwattr $C$DW$8, DW_AT_TI_symbol_name("_numSensors")
TMS320C2000 Assembler PC v22.6.0 Thu Feb 16 09:10:57 2023

Copyright (c) 1996-2018 Texas Instruments Incorporated
C:\Users\GA5354\AppData\Local\Temp\{95102AF2-3C74-4490-93BE-7FAE4CE21075} PAGE    3

     111                      .dwattr $C$DW$8, DW_AT_data_member_location[DW_OP_plus_uconst 0x4]
     112                      .dwattr $C$DW$8, DW_AT_accessibility(DW_ACCESS_public)
     113              
     114                      .dwendtag $C$DW$T$23
     115              
     116              $C$DW$T$24      .dwtag  DW_TAG_pointer_type
     117                      .dwattr $C$DW$T$24, DW_AT_type(*$C$DW$T$23)
     118                      .dwattr $C$DW$T$24, DW_AT_address_class(0x20)
     119              
     120              $C$DW$T$25      .dwtag  DW_TAG_typedef
     121                      .dwattr $C$DW$T$25, DW_AT_name("CLARKE_Handle")
     122                      .dwattr $C$DW$T$25, DW_AT_type(*$C$DW$T$24)
     123                      .dwattr $C$DW$T$25, DW_AT_language(DW_LANG_C)
     124              
     125              $C$DW$T$2       .dwtag  DW_TAG_unspecified_type
     126                      .dwattr $C$DW$T$2, DW_AT_name("void")
     127              
     128              $C$DW$T$3       .dwtag  DW_TAG_pointer_type
     129                      .dwattr $C$DW$T$3, DW_AT_type(*$C$DW$T$2)
     130                      .dwattr $C$DW$T$3, DW_AT_address_class(0x20)
     131              
     132              $C$DW$T$4       .dwtag  DW_TAG_base_type
     133                      .dwattr $C$DW$T$4, DW_AT_encoding(DW_ATE_boolean)
     134                      .dwattr $C$DW$T$4, DW_AT_name("bool")
     135                      .dwattr $C$DW$T$4, DW_AT_byte_size(0x01)
     136              
     137              $C$DW$T$5       .dwtag  DW_TAG_base_type
     138                      .dwattr $C$DW$T$5, DW_AT_encoding(DW_ATE_signed_char)
     139                      .dwattr $C$DW$T$5, DW_AT_name("signed char")
     140                      .dwattr $C$DW$T$5, DW_AT_byte_size(0x01)
     141              
     142              $C$DW$T$6       .dwtag  DW_TAG_base_type
     143                      .dwattr $C$DW$T$6, DW_AT_encoding(DW_ATE_unsigned_char)
     144                      .dwattr $C$DW$T$6, DW_AT_name("unsigned char")
     145                      .dwattr $C$DW$T$6, DW_AT_byte_size(0x01)
     146              
     147              $C$DW$T$7       .dwtag  DW_TAG_base_type
     148                      .dwattr $C$DW$T$7, DW_AT_encoding(DW_ATE_signed_char)
     149                      .dwattr $C$DW$T$7, DW_AT_name("wchar_t")
     150                      .dwattr $C$DW$T$7, DW_AT_byte_size(0x01)
     151              
     152              $C$DW$T$8       .dwtag  DW_TAG_base_type
     153                      .dwattr $C$DW$T$8, DW_AT_encoding(DW_ATE_signed)
     154                      .dwattr $C$DW$T$8, DW_AT_name("short")
     155                      .dwattr $C$DW$T$8, DW_AT_byte_size(0x01)
     156              
     157              $C$DW$T$9       .dwtag  DW_TAG_base_type
     158                      .dwattr $C$DW$T$9, DW_AT_encoding(DW_ATE_unsigned)
     159                      .dwattr $C$DW$T$9, DW_AT_name("unsigned short")
     160                      .dwattr $C$DW$T$9, DW_AT_byte_size(0x01)
     161              
     162              $C$DW$T$10      .dwtag  DW_TAG_base_type
     163                      .dwattr $C$DW$T$10, DW_AT_encoding(DW_ATE_signed)
     164                      .dwattr $C$DW$T$10, DW_AT_name("int")
     165                      .dwattr $C$DW$T$10, DW_AT_byte_size(0x01)
TMS320C2000 Assembler PC v22.6.0 Thu Feb 16 09:10:57 2023

Copyright (c) 1996-2018 Texas Instruments Incorporated
C:\Users\GA5354\AppData\Local\Temp\{95102AF2-3C74-4490-93BE-7FAE4CE21075} PAGE    4

     166              
     167              $C$DW$T$11      .dwtag  DW_TAG_base_type
     168                      .dwattr $C$DW$T$11, DW_AT_encoding(DW_ATE_unsigned)
     169                      .dwattr $C$DW$T$11, DW_AT_name("unsigned int")
     170                      .dwattr $C$DW$T$11, DW_AT_byte_size(0x01)
     171              
     172              $C$DW$T$20      .dwtag  DW_TAG_typedef
     173                      .dwattr $C$DW$T$20, DW_AT_name("__uint16_t")
     174                      .dwattr $C$DW$T$20, DW_AT_type(*$C$DW$T$11)
     175                      .dwattr $C$DW$T$20, DW_AT_language(DW_LANG_C)
     176              
     177              $C$DW$T$21      .dwtag  DW_TAG_typedef
     178                      .dwattr $C$DW$T$21, DW_AT_name("__uint_least8_t")
     179                      .dwattr $C$DW$T$21, DW_AT_type(*$C$DW$T$20)
     180                      .dwattr $C$DW$T$21, DW_AT_language(DW_LANG_C)
     181              
     182              $C$DW$T$22      .dwtag  DW_TAG_typedef
     183                      .dwattr $C$DW$T$22, DW_AT_name("uint_least8_t")
     184                      .dwattr $C$DW$T$22, DW_AT_type(*$C$DW$T$21)
     185                      .dwattr $C$DW$T$22, DW_AT_language(DW_LANG_C)
     186              
     187              $C$DW$T$12      .dwtag  DW_TAG_base_type
     188                      .dwattr $C$DW$T$12, DW_AT_encoding(DW_ATE_signed)
     189                      .dwattr $C$DW$T$12, DW_AT_name("long")
     190                      .dwattr $C$DW$T$12, DW_AT_byte_size(0x02)
     191              
     192              $C$DW$T$19      .dwtag  DW_TAG_typedef
     193                      .dwattr $C$DW$T$19, DW_AT_name("_iq")
     194                      .dwattr $C$DW$T$19, DW_AT_type(*$C$DW$T$12)
     195                      .dwattr $C$DW$T$19, DW_AT_language(DW_LANG_C)
     196              
     197              $C$DW$T$13      .dwtag  DW_TAG_base_type
     198                      .dwattr $C$DW$T$13, DW_AT_encoding(DW_ATE_unsigned)
     199                      .dwattr $C$DW$T$13, DW_AT_name("unsigned long")
     200                      .dwattr $C$DW$T$13, DW_AT_byte_size(0x02)
     201              
     202              $C$DW$T$26      .dwtag  DW_TAG_typedef
     203                      .dwattr $C$DW$T$26, DW_AT_name("size_t")
     204                      .dwattr $C$DW$T$26, DW_AT_type(*$C$DW$T$13)
     205                      .dwattr $C$DW$T$26, DW_AT_language(DW_LANG_C)
     206              
     207              $C$DW$9 .dwtag  DW_TAG_TI_far_type
     208                      .dwattr $C$DW$9, DW_AT_type(*$C$DW$T$26)
     209              
     210              $C$DW$T$27      .dwtag  DW_TAG_const_type
     211                      .dwattr $C$DW$T$27, DW_AT_type(*$C$DW$9)
     212              
     213              $C$DW$T$14      .dwtag  DW_TAG_base_type
     214                      .dwattr $C$DW$T$14, DW_AT_encoding(DW_ATE_signed)
     215                      .dwattr $C$DW$T$14, DW_AT_name("long long")
     216                      .dwattr $C$DW$T$14, DW_AT_byte_size(0x04)
     217              
     218              $C$DW$T$15      .dwtag  DW_TAG_base_type
     219                      .dwattr $C$DW$T$15, DW_AT_encoding(DW_ATE_unsigned)
     220                      .dwattr $C$DW$T$15, DW_AT_name("unsigned long long")
TMS320C2000 Assembler PC v22.6.0 Thu Feb 16 09:10:57 2023

Copyright (c) 1996-2018 Texas Instruments Incorporated
C:\Users\GA5354\AppData\Local\Temp\{95102AF2-3C74-4490-93BE-7FAE4CE21075} PAGE    5

     221                      .dwattr $C$DW$T$15, DW_AT_byte_size(0x04)
     222              
     223              $C$DW$T$16      .dwtag  DW_TAG_base_type
     224                      .dwattr $C$DW$T$16, DW_AT_encoding(DW_ATE_float)
     225                      .dwattr $C$DW$T$16, DW_AT_name("float")
     226                      .dwattr $C$DW$T$16, DW_AT_byte_size(0x02)
     227              
     228              $C$DW$T$17      .dwtag  DW_TAG_base_type
     229                      .dwattr $C$DW$T$17, DW_AT_encoding(DW_ATE_float)
     230                      .dwattr $C$DW$T$17, DW_AT_name("double")
     231                      .dwattr $C$DW$T$17, DW_AT_byte_size(0x02)
     232              
     233              $C$DW$T$18      .dwtag  DW_TAG_base_type
     234                      .dwattr $C$DW$T$18, DW_AT_encoding(DW_ATE_float)
     235                      .dwattr $C$DW$T$18, DW_AT_name("long double")
     236                      .dwattr $C$DW$T$18, DW_AT_byte_size(0x04)
     237              
     238                      .dwattr $C$DW$CU, DW_AT_language(DW_LANG_C)
     239              
     240              ;***************************************************************
     241              ;* DWARF CIE ENTRIES                                           *
     242              ;***************************************************************
     243              
     244              $C$DW$CIE       .dwcie 26
     245                      .dwcfi  cfa_register, 20
     246                      .dwcfi  cfa_offset, 0
     247                      .dwcfi  same_value, 28
     248                      .dwcfi  same_value, 6
     249                      .dwcfi  same_value, 7
     250                      .dwcfi  same_value, 8
     251                      .dwcfi  same_value, 9
     252                      .dwcfi  same_value, 10
     253                      .dwcfi  same_value, 11
     254                      .dwendentry
     255              
     256              ;***************************************************************
     257              ;* DWARF REGISTER MAP                                          *
     258              ;***************************************************************
     259              
     260              $C$DW$10        .dwtag  DW_TAG_TI_assign_register
     261                      .dwattr $C$DW$10, DW_AT_name("AL")
     262                      .dwattr $C$DW$10, DW_AT_location[DW_OP_reg0]
     263              
     264              $C$DW$11        .dwtag  DW_TAG_TI_assign_register
     265                      .dwattr $C$DW$11, DW_AT_name("AH")
     266                      .dwattr $C$DW$11, DW_AT_location[DW_OP_reg1]
     267              
     268              $C$DW$12        .dwtag  DW_TAG_TI_assign_register
     269                      .dwattr $C$DW$12, DW_AT_name("PL")
     270                      .dwattr $C$DW$12, DW_AT_location[DW_OP_reg2]
     271              
     272              $C$DW$13        .dwtag  DW_TAG_TI_assign_register
     273                      .dwattr $C$DW$13, DW_AT_name("PH")
     274                      .dwattr $C$DW$13, DW_AT_location[DW_OP_reg3]
     275              
TMS320C2000 Assembler PC v22.6.0 Thu Feb 16 09:10:57 2023

Copyright (c) 1996-2018 Texas Instruments Incorporated
C:\Users\GA5354\AppData\Local\Temp\{95102AF2-3C74-4490-93BE-7FAE4CE21075} PAGE    6

     276              $C$DW$14        .dwtag  DW_TAG_TI_assign_register
     277                      .dwattr $C$DW$14, DW_AT_name("SP")
     278                      .dwattr $C$DW$14, DW_AT_location[DW_OP_reg20]
     279              
     280              $C$DW$15        .dwtag  DW_TAG_TI_assign_register
     281                      .dwattr $C$DW$15, DW_AT_name("XT")
     282                      .dwattr $C$DW$15, DW_AT_location[DW_OP_reg21]
     283              
     284              $C$DW$16        .dwtag  DW_TAG_TI_assign_register
     285                      .dwattr $C$DW$16, DW_AT_name("T")
     286                      .dwattr $C$DW$16, DW_AT_location[DW_OP_reg22]
     287              
     288              $C$DW$17        .dwtag  DW_TAG_TI_assign_register
     289                      .dwattr $C$DW$17, DW_AT_name("ST0")
     290                      .dwattr $C$DW$17, DW_AT_location[DW_OP_reg23]
     291              
     292              $C$DW$18        .dwtag  DW_TAG_TI_assign_register
     293                      .dwattr $C$DW$18, DW_AT_name("ST1")
     294                      .dwattr $C$DW$18, DW_AT_location[DW_OP_reg24]
     295              
     296              $C$DW$19        .dwtag  DW_TAG_TI_assign_register
     297                      .dwattr $C$DW$19, DW_AT_name("PC")
     298                      .dwattr $C$DW$19, DW_AT_location[DW_OP_reg25]
     299              
     300              $C$DW$20        .dwtag  DW_TAG_TI_assign_register
     301                      .dwattr $C$DW$20, DW_AT_name("RPC")
     302                      .dwattr $C$DW$20, DW_AT_location[DW_OP_reg26]
     303              
     304              $C$DW$21        .dwtag  DW_TAG_TI_assign_register
     305                      .dwattr $C$DW$21, DW_AT_name("FP")
     306                      .dwattr $C$DW$21, DW_AT_location[DW_OP_reg28]
     307              
     308              $C$DW$22        .dwtag  DW_TAG_TI_assign_register
     309                      .dwattr $C$DW$22, DW_AT_name("DP")
     310                      .dwattr $C$DW$22, DW_AT_location[DW_OP_reg29]
     311              
     312              $C$DW$23        .dwtag  DW_TAG_TI_assign_register
     313                      .dwattr $C$DW$23, DW_AT_name("SXM")
     314                      .dwattr $C$DW$23, DW_AT_location[DW_OP_reg30]
     315              
     316              $C$DW$24        .dwtag  DW_TAG_TI_assign_register
     317                      .dwattr $C$DW$24, DW_AT_name("PM")
     318                      .dwattr $C$DW$24, DW_AT_location[DW_OP_reg31]
     319              
     320              $C$DW$25        .dwtag  DW_TAG_TI_assign_register
     321                      .dwattr $C$DW$25, DW_AT_name("OVM")
     322                      .dwattr $C$DW$25, DW_AT_location[DW_OP_regx 0x20]
     323              
     324              $C$DW$26        .dwtag  DW_TAG_TI_assign_register
     325                      .dwattr $C$DW$26, DW_AT_name("PAGE0")
     326                      .dwattr $C$DW$26, DW_AT_location[DW_OP_regx 0x21]
     327              
     328              $C$DW$27        .dwtag  DW_TAG_TI_assign_register
     329                      .dwattr $C$DW$27, DW_AT_name("AMODE")
     330                      .dwattr $C$DW$27, DW_AT_location[DW_OP_regx 0x22]
TMS320C2000 Assembler PC v22.6.0 Thu Feb 16 09:10:57 2023

Copyright (c) 1996-2018 Texas Instruments Incorporated
C:\Users\GA5354\AppData\Local\Temp\{95102AF2-3C74-4490-93BE-7FAE4CE21075} PAGE    7

     331              
     332              $C$DW$28        .dwtag  DW_TAG_TI_assign_register
     333                      .dwattr $C$DW$28, DW_AT_name("EALLOW")
     334                      .dwattr $C$DW$28, DW_AT_location[DW_OP_regx 0x4e]
     335              
     336              $C$DW$29        .dwtag  DW_TAG_TI_assign_register
     337                      .dwattr $C$DW$29, DW_AT_name("INTM")
     338                      .dwattr $C$DW$29, DW_AT_location[DW_OP_regx 0x23]
     339              
     340              $C$DW$30        .dwtag  DW_TAG_TI_assign_register
     341                      .dwattr $C$DW$30, DW_AT_name("IFR")
     342                      .dwattr $C$DW$30, DW_AT_location[DW_OP_regx 0x24]
     343              
     344              $C$DW$31        .dwtag  DW_TAG_TI_assign_register
     345                      .dwattr $C$DW$31, DW_AT_name("IER")
     346                      .dwattr $C$DW$31, DW_AT_location[DW_OP_regx 0x25]
     347              
     348              $C$DW$32        .dwtag  DW_TAG_TI_assign_register
     349                      .dwattr $C$DW$32, DW_AT_name("V")
     350                      .dwattr $C$DW$32, DW_AT_location[DW_OP_regx 0x26]
     351              
     352              $C$DW$33        .dwtag  DW_TAG_TI_assign_register
     353                      .dwattr $C$DW$33, DW_AT_name("PSEUDOH")
     354                      .dwattr $C$DW$33, DW_AT_location[DW_OP_regx 0x4c]
     355              
     356              $C$DW$34        .dwtag  DW_TAG_TI_assign_register
     357                      .dwattr $C$DW$34, DW_AT_name("VOL")
     358                      .dwattr $C$DW$34, DW_AT_location[DW_OP_regx 0x4d]
     359              
     360              $C$DW$35        .dwtag  DW_TAG_TI_assign_register
     361                      .dwattr $C$DW$35, DW_AT_name("AR0")
     362                      .dwattr $C$DW$35, DW_AT_location[DW_OP_reg4]
     363              
     364              $C$DW$36        .dwtag  DW_TAG_TI_assign_register
     365                      .dwattr $C$DW$36, DW_AT_name("XAR0")
     366                      .dwattr $C$DW$36, DW_AT_location[DW_OP_reg5]
     367              
     368              $C$DW$37        .dwtag  DW_TAG_TI_assign_register
     369                      .dwattr $C$DW$37, DW_AT_name("AR1")
     370                      .dwattr $C$DW$37, DW_AT_location[DW_OP_reg6]
     371              
     372              $C$DW$38        .dwtag  DW_TAG_TI_assign_register
     373                      .dwattr $C$DW$38, DW_AT_name("XAR1")
     374                      .dwattr $C$DW$38, DW_AT_location[DW_OP_reg7]
     375              
     376              $C$DW$39        .dwtag  DW_TAG_TI_assign_register
     377                      .dwattr $C$DW$39, DW_AT_name("AR2")
     378                      .dwattr $C$DW$39, DW_AT_location[DW_OP_reg8]
     379              
     380              $C$DW$40        .dwtag  DW_TAG_TI_assign_register
     381                      .dwattr $C$DW$40, DW_AT_name("XAR2")
     382                      .dwattr $C$DW$40, DW_AT_location[DW_OP_reg9]
     383              
     384              $C$DW$41        .dwtag  DW_TAG_TI_assign_register
     385                      .dwattr $C$DW$41, DW_AT_name("AR3")
TMS320C2000 Assembler PC v22.6.0 Thu Feb 16 09:10:57 2023

Copyright (c) 1996-2018 Texas Instruments Incorporated
C:\Users\GA5354\AppData\Local\Temp\{95102AF2-3C74-4490-93BE-7FAE4CE21075} PAGE    8

     386                      .dwattr $C$DW$41, DW_AT_location[DW_OP_reg10]
     387              
     388              $C$DW$42        .dwtag  DW_TAG_TI_assign_register
     389                      .dwattr $C$DW$42, DW_AT_name("XAR3")
     390                      .dwattr $C$DW$42, DW_AT_location[DW_OP_reg11]
     391              
     392              $C$DW$43        .dwtag  DW_TAG_TI_assign_register
     393                      .dwattr $C$DW$43, DW_AT_name("AR4")
     394                      .dwattr $C$DW$43, DW_AT_location[DW_OP_reg12]
     395              
     396              $C$DW$44        .dwtag  DW_TAG_TI_assign_register
     397                      .dwattr $C$DW$44, DW_AT_name("XAR4")
     398                      .dwattr $C$DW$44, DW_AT_location[DW_OP_reg13]
     399              
     400              $C$DW$45        .dwtag  DW_TAG_TI_assign_register
     401                      .dwattr $C$DW$45, DW_AT_name("AR5")
     402                      .dwattr $C$DW$45, DW_AT_location[DW_OP_reg14]
     403              
     404              $C$DW$46        .dwtag  DW_TAG_TI_assign_register
     405                      .dwattr $C$DW$46, DW_AT_name("XAR5")
     406                      .dwattr $C$DW$46, DW_AT_location[DW_OP_reg15]
     407              
     408              $C$DW$47        .dwtag  DW_TAG_TI_assign_register
     409                      .dwattr $C$DW$47, DW_AT_name("AR6")
     410                      .dwattr $C$DW$47, DW_AT_location[DW_OP_reg16]
     411              
     412              $C$DW$48        .dwtag  DW_TAG_TI_assign_register
     413                      .dwattr $C$DW$48, DW_AT_name("XAR6")
     414                      .dwattr $C$DW$48, DW_AT_location[DW_OP_reg17]
     415              
     416              $C$DW$49        .dwtag  DW_TAG_TI_assign_register
     417                      .dwattr $C$DW$49, DW_AT_name("AR7")
     418                      .dwattr $C$DW$49, DW_AT_location[DW_OP_reg18]
     419              
     420              $C$DW$50        .dwtag  DW_TAG_TI_assign_register
     421                      .dwattr $C$DW$50, DW_AT_name("XAR7")
     422                      .dwattr $C$DW$50, DW_AT_location[DW_OP_reg19]
     423              
     424                      .dwendtag $C$DW$CU
     425              

No Assembly Errors, No Assembly Warnings
