TMS320C2000 Assembler PC v22.6.0 Wed Feb 22 16:00:59 2023

Copyright (c) 1996-2018 Texas Instruments Incorporated
C:\Users\GA5354\AppData\Local\Temp\{235E269F-503C-43FF-97C8-8FF23D1FA564} PAGE    1

       1              ;***************************************************************
       2              ;* TMS320C2000 G3 C/C++ Codegen                               PC v22.6.0.LTS *
       3              ;* Date/Time created: Wed Feb 22 16:00:59 2023                 *
       4              ;***************************************************************
       5                      .compiler_opts --abi=coffabi --float_support=softlib --hll_source=on --mem_model:code=flat --mem_mode
       6                      .asg    XAR2, FP
       7              
       8              $C$DW$CU        .dwtag  DW_TAG_compile_unit
       9                      .dwattr $C$DW$CU, DW_AT_name("D:/GIANT/GIANT_TI_instaspin/motorware/motorware_1_01_00_18/sw/drivers/c
      10                      .dwattr $C$DW$CU, DW_AT_producer("TI TMS320C2000 G3 C/C++ Codegen PC v22.6.0.LTS Copyright (c) 1996-2
      11                      .dwattr $C$DW$CU, DW_AT_TI_version(0x01)
      12                      .dwattr $C$DW$CU, DW_AT_comp_dir("D:\GIANT\GIANT_TI_instaspin\motorware\motorware_1_01_00_18\sw\solut
      13                      .global _cpu
      14 00000000       _cpu:   .usect  ".ebss",1,1,0
      15              $C$DW$1 .dwtag  DW_TAG_variable
      16                      .dwattr $C$DW$1, DW_AT_name("cpu")
      17                      .dwattr $C$DW$1, DW_AT_TI_symbol_name("_cpu")
      18                      .dwattr $C$DW$1, DW_AT_location[DW_OP_addr _cpu]
      19                      .dwattr $C$DW$1, DW_AT_type(*$C$DW$T$26)
      20                      .dwattr $C$DW$1, DW_AT_external
      21              
      22                      .sblock ".ebss"
      23              ;       C:\ti\ccs1200\ccs\tools\compiler\ti-cgt-c2000_22.6.0.LTS\bin\opt2000.exe C:\\Users\\GA5354\\AppData\\
      24              ;       C:\ti\ccs1200\ccs\tools\compiler\ti-cgt-c2000_22.6.0.LTS\bin\ac2000.exe -@C:\\Users\\GA5354\\AppData\
      25 00000000               .sect   ".text"
      26                      .clink
      27                      .global _CPU_init
      28              
      29              $C$DW$2 .dwtag  DW_TAG_subprogram
      30                      .dwattr $C$DW$2, DW_AT_name("CPU_init")
      31                      .dwattr $C$DW$2, DW_AT_low_pc(_CPU_init)
      32                      .dwattr $C$DW$2, DW_AT_high_pc(0x00)
      33                      .dwattr $C$DW$2, DW_AT_TI_symbol_name("_CPU_init")
      34                      .dwattr $C$DW$2, DW_AT_external
      35                      .dwattr $C$DW$2, DW_AT_type(*$C$DW$T$28)
      36                      .dwattr $C$DW$2, DW_AT_TI_begin_file("D:/GIANT/GIANT_TI_instaspin/motorware/motorware_1_01_00_18/sw/d
      37                      .dwattr $C$DW$2, DW_AT_TI_begin_line(0x9e)
      38                      .dwattr $C$DW$2, DW_AT_TI_begin_column(0x0c)
      39                      .dwattr $C$DW$2, DW_AT_TI_max_frame_size(-2)
      40                      .dwpsn  file "D:/GIANT/GIANT_TI_instaspin/motorware/motorware_1_01_00_18/sw/drivers/cpu/src/32b/f28x/
      41              
      42                      .dwfde $C$DW$CIE, _CPU_init
      43              $C$DW$3 .dwtag  DW_TAG_formal_parameter
      44                      .dwattr $C$DW$3, DW_AT_name("pMemory")
      45                      .dwattr $C$DW$3, DW_AT_TI_symbol_name("_pMemory")
      46                      .dwattr $C$DW$3, DW_AT_type(*$C$DW$T$3)
      47                      .dwattr $C$DW$3, DW_AT_location[DW_OP_reg12]
      48              
      49              $C$DW$4 .dwtag  DW_TAG_formal_parameter
      50                      .dwattr $C$DW$4, DW_AT_name("numBytes")
      51                      .dwattr $C$DW$4, DW_AT_TI_symbol_name("_numBytes")
      52                      .dwattr $C$DW$4, DW_AT_type(*$C$DW$T$29)
      53                      .dwattr $C$DW$4, DW_AT_location[DW_OP_reg0]
      54              
      55              
TMS320C2000 Assembler PC v22.6.0 Wed Feb 22 16:00:59 2023

Copyright (c) 1996-2018 Texas Instruments Incorporated
C:\Users\GA5354\AppData\Local\Temp\{235E269F-503C-43FF-97C8-8FF23D1FA564} PAGE    2

      56              ;***************************************************************
      57              ;* FNAME: _CPU_init                     FR SIZE:   0           *
      58              ;*                                                             *
      59              ;* FUNCTION ENVIRONMENT                                        *
      60              ;*                                                             *
      61              ;* FUNCTION PROPERTIES                                         *
      62              ;*                            0 Parameter,  0 Auto,  0 SOE     *
      63              ;***************************************************************
      64              
      65              _CPU_init:
      66              ;* AL    assigned to _numBytes
      67              $C$DW$5 .dwtag  DW_TAG_variable
      68                      .dwattr $C$DW$5, DW_AT_name("numBytes")
      69                      .dwattr $C$DW$5, DW_AT_TI_symbol_name("_numBytes")
      70                      .dwattr $C$DW$5, DW_AT_type(*$C$DW$T$30)
      71                      .dwattr $C$DW$5, DW_AT_location[DW_OP_reg0]
      72              
      73                      .dwcfi  cfa_offset, -2
      74                      .dwcfi  save_reg_to_mem, 26, 0
      75                      .dwpsn  file "D:/GIANT/GIANT_TI_instaspin/motorware/motorware_1_01_00_18/sw/drivers/cpu/src/32b/f28x/
      76 00000000 FF58          TEST      ACC                   ; [CPU_ALU] |169| 
      77 00000001 6002          B         $C$L1,NEQ             ; [CPU_ALU] |169| 
      78                      ; branchcc occurs ; [] |169| 
      79 00000002 D400          MOVB      XAR4,#0               ; [CPU_ALU] |169| 
      80              $C$L1:    
      81              $C$DW$6 .dwtag  DW_TAG_TI_branch
      82                      .dwattr $C$DW$6, DW_AT_low_pc(0x00)
      83                      .dwattr $C$DW$6, DW_AT_TI_return
      84              
      85 00000003 0006          LRETR     ; [CPU_ALU] 
      86                      ; return occurs ; [] 
      87                      .dwattr $C$DW$2, DW_AT_TI_end_file("D:/GIANT/GIANT_TI_instaspin/motorware/motorware_1_01_00_18/sw/dri
      88                      .dwattr $C$DW$2, DW_AT_TI_end_line(0xaa)
      89                      .dwattr $C$DW$2, DW_AT_TI_end_column(0x01)
      90                      .dwendentry
      91                      .dwendtag $C$DW$2
      92              
      93 00000004               .sect   ".text"
      94                      .clink
      95                      .global _CPU_enableProtectedRegisterWrite
      96              
      97              $C$DW$7 .dwtag  DW_TAG_subprogram
      98                      .dwattr $C$DW$7, DW_AT_name("CPU_enableProtectedRegisterWrite")
      99                      .dwattr $C$DW$7, DW_AT_low_pc(_CPU_enableProtectedRegisterWrite)
     100                      .dwattr $C$DW$7, DW_AT_high_pc(0x00)
     101                      .dwattr $C$DW$7, DW_AT_TI_symbol_name("_CPU_enableProtectedRegisterWrite")
     102                      .dwattr $C$DW$7, DW_AT_external
     103                      .dwattr $C$DW$7, DW_AT_TI_begin_file("D:/GIANT/GIANT_TI_instaspin/motorware/motorware_1_01_00_18/sw/d
     104                      .dwattr $C$DW$7, DW_AT_TI_begin_line(0x94)
     105                      .dwattr $C$DW$7, DW_AT_TI_begin_column(0x06)
     106                      .dwattr $C$DW$7, DW_AT_TI_max_frame_size(-2)
     107                      .dwpsn  file "D:/GIANT/GIANT_TI_instaspin/motorware/motorware_1_01_00_18/sw/drivers/cpu/src/32b/f28x/
     108              
     109                      .dwfde $C$DW$CIE, _CPU_enableProtectedRegisterWrite
     110              $C$DW$8 .dwtag  DW_TAG_formal_parameter
TMS320C2000 Assembler PC v22.6.0 Wed Feb 22 16:00:59 2023

Copyright (c) 1996-2018 Texas Instruments Incorporated
C:\Users\GA5354\AppData\Local\Temp\{235E269F-503C-43FF-97C8-8FF23D1FA564} PAGE    3

     111                      .dwattr $C$DW$8, DW_AT_name("cpuHandle")
     112                      .dwattr $C$DW$8, DW_AT_TI_symbol_name("_cpuHandle")
     113                      .dwattr $C$DW$8, DW_AT_type(*$C$DW$T$28)
     114                      .dwattr $C$DW$8, DW_AT_location[DW_OP_reg12]
     115              
     116              
     117              ;***************************************************************
     118              ;* FNAME: _CPU_enableProtectedRegisterWrite FR SIZE:   0           *
     119              ;*                                                             *
     120              ;* FUNCTION ENVIRONMENT                                        *
     121              ;*                                                             *
     122              ;* FUNCTION PROPERTIES                                         *
     123              ;*                            0 Parameter,  0 Auto,  0 SOE     *
     124              ;***************************************************************
     125              
     126 00000004       _CPU_enableProtectedRegisterWrite:
     127                      .dwcfi  cfa_offset, -2
     128                      .dwcfi  save_reg_to_mem, 26, 0
     129 00000004 7622   EALLOW
     130 00000005 FF69          SPM       #0                    ; [CPU_ALU] 
     131              $C$DW$9 .dwtag  DW_TAG_TI_branch
     132                      .dwattr $C$DW$9, DW_AT_low_pc(0x00)
     133                      .dwattr $C$DW$9, DW_AT_TI_return
     134              
     135 00000006 0006          LRETR     ; [CPU_ALU] 
     136                      ; return occurs ; [] 
     137                      .dwattr $C$DW$7, DW_AT_TI_end_file("D:/GIANT/GIANT_TI_instaspin/motorware/motorware_1_01_00_18/sw/dri
     138                      .dwattr $C$DW$7, DW_AT_TI_end_line(0x9b)
     139                      .dwattr $C$DW$7, DW_AT_TI_end_column(0x01)
     140                      .dwendentry
     141                      .dwendtag $C$DW$7
     142              
     143 00000007               .sect   ".text"
     144                      .clink
     145                      .global _CPU_enableInt
     146              
     147              $C$DW$10        .dwtag  DW_TAG_subprogram
     148                      .dwattr $C$DW$10, DW_AT_name("CPU_enableInt")
     149                      .dwattr $C$DW$10, DW_AT_low_pc(_CPU_enableInt)
     150                      .dwattr $C$DW$10, DW_AT_high_pc(0x00)
     151                      .dwattr $C$DW$10, DW_AT_TI_symbol_name("_CPU_enableInt")
     152                      .dwattr $C$DW$10, DW_AT_external
     153                      .dwattr $C$DW$10, DW_AT_TI_begin_file("D:/GIANT/GIANT_TI_instaspin/motorware/motorware_1_01_00_18/sw/
     154                      .dwattr $C$DW$10, DW_AT_TI_begin_line(0x8a)
     155                      .dwattr $C$DW$10, DW_AT_TI_begin_column(0x06)
     156                      .dwattr $C$DW$10, DW_AT_TI_max_frame_size(-2)
     157                      .dwpsn  file "D:/GIANT/GIANT_TI_instaspin/motorware/motorware_1_01_00_18/sw/drivers/cpu/src/32b/f28x/
     158              
     159                      .dwfde $C$DW$CIE, _CPU_enableInt
     160              $C$DW$11        .dwtag  DW_TAG_formal_parameter
     161                      .dwattr $C$DW$11, DW_AT_name("cpuHandle")
     162                      .dwattr $C$DW$11, DW_AT_TI_symbol_name("_cpuHandle")
     163                      .dwattr $C$DW$11, DW_AT_type(*$C$DW$T$28)
     164                      .dwattr $C$DW$11, DW_AT_location[DW_OP_reg12]
     165              
TMS320C2000 Assembler PC v22.6.0 Wed Feb 22 16:00:59 2023

Copyright (c) 1996-2018 Texas Instruments Incorporated
C:\Users\GA5354\AppData\Local\Temp\{235E269F-503C-43FF-97C8-8FF23D1FA564} PAGE    4

     166              $C$DW$12        .dwtag  DW_TAG_formal_parameter
     167                      .dwattr $C$DW$12, DW_AT_name("intNumber")
     168                      .dwattr $C$DW$12, DW_AT_TI_symbol_name("_intNumber")
     169                      .dwattr $C$DW$12, DW_AT_type(*$C$DW$T$24)
     170                      .dwattr $C$DW$12, DW_AT_location[DW_OP_reg0]
     171              
     172              
     173              ;***************************************************************
     174              ;* FNAME: _CPU_enableInt                FR SIZE:   0           *
     175              ;*                                                             *
     176              ;* FUNCTION ENVIRONMENT                                        *
     177              ;*                                                             *
     178              ;* FUNCTION PROPERTIES                                         *
     179              ;*                            0 Parameter,  0 Auto,  0 SOE     *
     180              ;***************************************************************
     181              
     182              _CPU_enableInt:
     183              ;* AL    assigned to _intNumber
     184              $C$DW$13        .dwtag  DW_TAG_variable
     185                      .dwattr $C$DW$13, DW_AT_name("intNumber")
     186                      .dwattr $C$DW$13, DW_AT_TI_symbol_name("_intNumber")
     187                      .dwattr $C$DW$13, DW_AT_type(*$C$DW$T$25)
     188                      .dwattr $C$DW$13, DW_AT_location[DW_OP_reg0]
     189              
     190                      .dwcfi  cfa_offset, -2
     191                      .dwcfi  save_reg_to_mem, 26, 0
     192                      .dwpsn  file "D:/GIANT/GIANT_TI_instaspin/motorware/motorware_1_01_00_18/sw/drivers/cpu/src/32b/f28x/
     193 00000007 20A8          MOV       AH,IER                ; [CPU_ALU] |142| 
     194 00000008 CBA9          OR        AH,AL                 ; [CPU_ALU] |142| 
     195 00000009 23A8          MOV       IER,AH                ; [CPU_ALU] |142| 
     196              $C$DW$14        .dwtag  DW_TAG_TI_branch
     197                      .dwattr $C$DW$14, DW_AT_low_pc(0x00)
     198                      .dwattr $C$DW$14, DW_AT_TI_return
     199              
     200 0000000a 0006          LRETR     ; [CPU_ALU] 
     201                      ; return occurs ; [] 
     202                      .dwattr $C$DW$10, DW_AT_TI_end_file("D:/GIANT/GIANT_TI_instaspin/motorware/motorware_1_01_00_18/sw/dr
     203                      .dwattr $C$DW$10, DW_AT_TI_end_line(0x91)
     204                      .dwattr $C$DW$10, DW_AT_TI_end_column(0x01)
     205                      .dwendentry
     206                      .dwendtag $C$DW$10
     207              
     208 0000000b               .sect   ".text"
     209                      .clink
     210                      .global _CPU_enableGlobalInts
     211              
     212              $C$DW$15        .dwtag  DW_TAG_subprogram
     213                      .dwattr $C$DW$15, DW_AT_name("CPU_enableGlobalInts")
     214                      .dwattr $C$DW$15, DW_AT_low_pc(_CPU_enableGlobalInts)
     215                      .dwattr $C$DW$15, DW_AT_high_pc(0x00)
     216                      .dwattr $C$DW$15, DW_AT_TI_symbol_name("_CPU_enableGlobalInts")
     217                      .dwattr $C$DW$15, DW_AT_external
     218                      .dwattr $C$DW$15, DW_AT_TI_begin_file("D:/GIANT/GIANT_TI_instaspin/motorware/motorware_1_01_00_18/sw/
     219                      .dwattr $C$DW$15, DW_AT_TI_begin_line(0x80)
     220                      .dwattr $C$DW$15, DW_AT_TI_begin_column(0x06)
TMS320C2000 Assembler PC v22.6.0 Wed Feb 22 16:00:59 2023

Copyright (c) 1996-2018 Texas Instruments Incorporated
C:\Users\GA5354\AppData\Local\Temp\{235E269F-503C-43FF-97C8-8FF23D1FA564} PAGE    5

     221                      .dwattr $C$DW$15, DW_AT_TI_max_frame_size(-2)
     222                      .dwpsn  file "D:/GIANT/GIANT_TI_instaspin/motorware/motorware_1_01_00_18/sw/drivers/cpu/src/32b/f28x/
     223              
     224                      .dwfde $C$DW$CIE, _CPU_enableGlobalInts
     225              $C$DW$16        .dwtag  DW_TAG_formal_parameter
     226                      .dwattr $C$DW$16, DW_AT_name("cpuHandle")
     227                      .dwattr $C$DW$16, DW_AT_TI_symbol_name("_cpuHandle")
     228                      .dwattr $C$DW$16, DW_AT_type(*$C$DW$T$28)
     229                      .dwattr $C$DW$16, DW_AT_location[DW_OP_reg12]
     230              
     231              
     232              ;***************************************************************
     233              ;* FNAME: _CPU_enableGlobalInts         FR SIZE:   0           *
     234              ;*                                                             *
     235              ;* FUNCTION ENVIRONMENT                                        *
     236              ;*                                                             *
     237              ;* FUNCTION PROPERTIES                                         *
     238              ;*                            0 Parameter,  0 Auto,  0 SOE     *
     239              ;***************************************************************
     240              
     241 0000000b       _CPU_enableGlobalInts:
     242                      .dwcfi  cfa_offset, -2
     243                      .dwcfi  save_reg_to_mem, 26, 0
     244 0000000b 2910   clrc INTM
     245 0000000c FF69          SPM       #0                    ; [CPU_ALU] 
     246              $C$DW$17        .dwtag  DW_TAG_TI_branch
     247                      .dwattr $C$DW$17, DW_AT_low_pc(0x00)
     248                      .dwattr $C$DW$17, DW_AT_TI_return
     249              
     250 0000000d 0006          LRETR     ; [CPU_ALU] 
     251                      ; return occurs ; [] 
     252                      .dwattr $C$DW$15, DW_AT_TI_end_file("D:/GIANT/GIANT_TI_instaspin/motorware/motorware_1_01_00_18/sw/dr
     253                      .dwattr $C$DW$15, DW_AT_TI_end_line(0x87)
     254                      .dwattr $C$DW$15, DW_AT_TI_end_column(0x01)
     255                      .dwendentry
     256                      .dwendtag $C$DW$15
     257              
     258 0000000e               .sect   ".text"
     259                      .clink
     260                      .global _CPU_enableDebugInt
     261              
     262              $C$DW$18        .dwtag  DW_TAG_subprogram
     263                      .dwattr $C$DW$18, DW_AT_name("CPU_enableDebugInt")
     264                      .dwattr $C$DW$18, DW_AT_low_pc(_CPU_enableDebugInt)
     265                      .dwattr $C$DW$18, DW_AT_high_pc(0x00)
     266                      .dwattr $C$DW$18, DW_AT_TI_symbol_name("_CPU_enableDebugInt")
     267                      .dwattr $C$DW$18, DW_AT_external
     268                      .dwattr $C$DW$18, DW_AT_TI_begin_file("D:/GIANT/GIANT_TI_instaspin/motorware/motorware_1_01_00_18/sw/
     269                      .dwattr $C$DW$18, DW_AT_TI_begin_line(0x76)
     270                      .dwattr $C$DW$18, DW_AT_TI_begin_column(0x06)
     271                      .dwattr $C$DW$18, DW_AT_TI_max_frame_size(-2)
     272                      .dwpsn  file "D:/GIANT/GIANT_TI_instaspin/motorware/motorware_1_01_00_18/sw/drivers/cpu/src/32b/f28x/
     273              
     274                      .dwfde $C$DW$CIE, _CPU_enableDebugInt
     275              $C$DW$19        .dwtag  DW_TAG_formal_parameter
TMS320C2000 Assembler PC v22.6.0 Wed Feb 22 16:00:59 2023

Copyright (c) 1996-2018 Texas Instruments Incorporated
C:\Users\GA5354\AppData\Local\Temp\{235E269F-503C-43FF-97C8-8FF23D1FA564} PAGE    6

     276                      .dwattr $C$DW$19, DW_AT_name("cpuHandle")
     277                      .dwattr $C$DW$19, DW_AT_TI_symbol_name("_cpuHandle")
     278                      .dwattr $C$DW$19, DW_AT_type(*$C$DW$T$28)
     279                      .dwattr $C$DW$19, DW_AT_location[DW_OP_reg12]
     280              
     281              
     282              ;***************************************************************
     283              ;* FNAME: _CPU_enableDebugInt           FR SIZE:   0           *
     284              ;*                                                             *
     285              ;* FUNCTION ENVIRONMENT                                        *
     286              ;*                                                             *
     287              ;* FUNCTION PROPERTIES                                         *
     288              ;*                            0 Parameter,  0 Auto,  0 SOE     *
     289              ;***************************************************************
     290              
     291 0000000e       _CPU_enableDebugInt:
     292                      .dwcfi  cfa_offset, -2
     293                      .dwcfi  save_reg_to_mem, 26, 0
     294 0000000e 2920   clrc DBGM
     295 0000000f FF69          SPM       #0                    ; [CPU_ALU] 
     296              $C$DW$20        .dwtag  DW_TAG_TI_branch
     297                      .dwattr $C$DW$20, DW_AT_low_pc(0x00)
     298                      .dwattr $C$DW$20, DW_AT_TI_return
     299              
     300 00000010 0006          LRETR     ; [CPU_ALU] 
     301                      ; return occurs ; [] 
     302                      .dwattr $C$DW$18, DW_AT_TI_end_file("D:/GIANT/GIANT_TI_instaspin/motorware/motorware_1_01_00_18/sw/dr
     303                      .dwattr $C$DW$18, DW_AT_TI_end_line(0x7d)
     304                      .dwattr $C$DW$18, DW_AT_TI_end_column(0x01)
     305                      .dwendentry
     306                      .dwendtag $C$DW$18
     307              
     308 00000011               .sect   ".text"
     309                      .clink
     310                      .global _CPU_disableProtectedRegisterWrite
     311              
     312              $C$DW$21        .dwtag  DW_TAG_subprogram
     313                      .dwattr $C$DW$21, DW_AT_name("CPU_disableProtectedRegisterWrite")
     314                      .dwattr $C$DW$21, DW_AT_low_pc(_CPU_disableProtectedRegisterWrite)
     315                      .dwattr $C$DW$21, DW_AT_high_pc(0x00)
     316                      .dwattr $C$DW$21, DW_AT_TI_symbol_name("_CPU_disableProtectedRegisterWrite")
     317                      .dwattr $C$DW$21, DW_AT_external
     318                      .dwattr $C$DW$21, DW_AT_TI_begin_file("D:/GIANT/GIANT_TI_instaspin/motorware/motorware_1_01_00_18/sw/
     319                      .dwattr $C$DW$21, DW_AT_TI_begin_line(0x6c)
     320                      .dwattr $C$DW$21, DW_AT_TI_begin_column(0x06)
     321                      .dwattr $C$DW$21, DW_AT_TI_max_frame_size(-2)
     322                      .dwpsn  file "D:/GIANT/GIANT_TI_instaspin/motorware/motorware_1_01_00_18/sw/drivers/cpu/src/32b/f28x/
     323              
     324                      .dwfde $C$DW$CIE, _CPU_disableProtectedRegisterWrite
     325              $C$DW$22        .dwtag  DW_TAG_formal_parameter
     326                      .dwattr $C$DW$22, DW_AT_name("cpuHandle")
     327                      .dwattr $C$DW$22, DW_AT_TI_symbol_name("_cpuHandle")
     328                      .dwattr $C$DW$22, DW_AT_type(*$C$DW$T$28)
     329                      .dwattr $C$DW$22, DW_AT_location[DW_OP_reg12]
     330              
TMS320C2000 Assembler PC v22.6.0 Wed Feb 22 16:00:59 2023

Copyright (c) 1996-2018 Texas Instruments Incorporated
C:\Users\GA5354\AppData\Local\Temp\{235E269F-503C-43FF-97C8-8FF23D1FA564} PAGE    7

     331              
     332              ;***************************************************************
     333              ;* FNAME: _CPU_disableProtectedRegisterWrite FR SIZE:   0           *
     334              ;*                                                             *
     335              ;* FUNCTION ENVIRONMENT                                        *
     336              ;*                                                             *
     337              ;* FUNCTION PROPERTIES                                         *
     338              ;*                            0 Parameter,  0 Auto,  0 SOE     *
     339              ;***************************************************************
     340              
     341 00000011       _CPU_disableProtectedRegisterWrite:
     342                      .dwcfi  cfa_offset, -2
     343                      .dwcfi  save_reg_to_mem, 26, 0
     344 00000011 761A   EDIS
     345 00000012 FF69          SPM       #0                    ; [CPU_ALU] 
     346              $C$DW$23        .dwtag  DW_TAG_TI_branch
     347                      .dwattr $C$DW$23, DW_AT_low_pc(0x00)
     348                      .dwattr $C$DW$23, DW_AT_TI_return
     349              
     350 00000013 0006          LRETR     ; [CPU_ALU] 
     351                      ; return occurs ; [] 
     352                      .dwattr $C$DW$21, DW_AT_TI_end_file("D:/GIANT/GIANT_TI_instaspin/motorware/motorware_1_01_00_18/sw/dr
     353                      .dwattr $C$DW$21, DW_AT_TI_end_line(0x73)
     354                      .dwattr $C$DW$21, DW_AT_TI_end_column(0x01)
     355                      .dwendentry
     356                      .dwendtag $C$DW$21
     357              
     358 00000014               .sect   ".text"
     359                      .clink
     360                      .global _CPU_disableInts
     361              
     362              $C$DW$24        .dwtag  DW_TAG_subprogram
     363                      .dwattr $C$DW$24, DW_AT_name("CPU_disableInts")
     364                      .dwattr $C$DW$24, DW_AT_low_pc(_CPU_disableInts)
     365                      .dwattr $C$DW$24, DW_AT_high_pc(0x00)
     366                      .dwattr $C$DW$24, DW_AT_TI_symbol_name("_CPU_disableInts")
     367                      .dwattr $C$DW$24, DW_AT_external
     368                      .dwattr $C$DW$24, DW_AT_TI_begin_file("D:/GIANT/GIANT_TI_instaspin/motorware/motorware_1_01_00_18/sw/
     369                      .dwattr $C$DW$24, DW_AT_TI_begin_line(0x62)
     370                      .dwattr $C$DW$24, DW_AT_TI_begin_column(0x06)
     371                      .dwattr $C$DW$24, DW_AT_TI_max_frame_size(-2)
     372                      .dwpsn  file "D:/GIANT/GIANT_TI_instaspin/motorware/motorware_1_01_00_18/sw/drivers/cpu/src/32b/f28x/
     373              
     374                      .dwfde $C$DW$CIE, _CPU_disableInts
     375              $C$DW$25        .dwtag  DW_TAG_formal_parameter
     376                      .dwattr $C$DW$25, DW_AT_name("cpuHandle")
     377                      .dwattr $C$DW$25, DW_AT_TI_symbol_name("_cpuHandle")
     378                      .dwattr $C$DW$25, DW_AT_type(*$C$DW$T$28)
     379                      .dwattr $C$DW$25, DW_AT_location[DW_OP_reg12]
     380              
     381              
     382              ;***************************************************************
     383              ;* FNAME: _CPU_disableInts              FR SIZE:   0           *
     384              ;*                                                             *
     385              ;* FUNCTION ENVIRONMENT                                        *
TMS320C2000 Assembler PC v22.6.0 Wed Feb 22 16:00:59 2023

Copyright (c) 1996-2018 Texas Instruments Incorporated
C:\Users\GA5354\AppData\Local\Temp\{235E269F-503C-43FF-97C8-8FF23D1FA564} PAGE    8

     386              ;*                                                             *
     387              ;* FUNCTION PROPERTIES                                         *
     388              ;*                            0 Parameter,  0 Auto,  0 SOE     *
     389              ;***************************************************************
     390              
     391 00000014       _CPU_disableInts:
     392                      .dwcfi  cfa_offset, -2
     393                      .dwcfi  save_reg_to_mem, 26, 0
     394                      .dwpsn  file "D:/GIANT/GIANT_TI_instaspin/motorware/motorware_1_01_00_18/sw/drivers/cpu/src/32b/f28x/
     395 00000014 7626          AND       IER,#0x0000           ; [CPU_ALU] |102| 
         00000015 0000 
     396              $C$DW$26        .dwtag  DW_TAG_TI_branch
     397                      .dwattr $C$DW$26, DW_AT_low_pc(0x00)
     398                      .dwattr $C$DW$26, DW_AT_TI_return
     399              
     400 00000016 0006          LRETR     ; [CPU_ALU] 
     401                      ; return occurs ; [] 
     402                      .dwattr $C$DW$24, DW_AT_TI_end_file("D:/GIANT/GIANT_TI_instaspin/motorware/motorware_1_01_00_18/sw/dr
     403                      .dwattr $C$DW$24, DW_AT_TI_end_line(0x69)
     404                      .dwattr $C$DW$24, DW_AT_TI_end_column(0x01)
     405                      .dwendentry
     406                      .dwendtag $C$DW$24
     407              
     408 00000017               .sect   ".text"
     409                      .clink
     410                      .global _CPU_disableInt
     411              
     412              $C$DW$27        .dwtag  DW_TAG_subprogram
     413                      .dwattr $C$DW$27, DW_AT_name("CPU_disableInt")
     414                      .dwattr $C$DW$27, DW_AT_low_pc(_CPU_disableInt)
     415                      .dwattr $C$DW$27, DW_AT_high_pc(0x00)
     416                      .dwattr $C$DW$27, DW_AT_TI_symbol_name("_CPU_disableInt")
     417                      .dwattr $C$DW$27, DW_AT_external
     418                      .dwattr $C$DW$27, DW_AT_TI_begin_file("D:/GIANT/GIANT_TI_instaspin/motorware/motorware_1_01_00_18/sw/
     419                      .dwattr $C$DW$27, DW_AT_TI_begin_line(0x58)
     420                      .dwattr $C$DW$27, DW_AT_TI_begin_column(0x06)
     421                      .dwattr $C$DW$27, DW_AT_TI_max_frame_size(-2)
     422                      .dwpsn  file "D:/GIANT/GIANT_TI_instaspin/motorware/motorware_1_01_00_18/sw/drivers/cpu/src/32b/f28x/
     423              
     424                      .dwfde $C$DW$CIE, _CPU_disableInt
     425              $C$DW$28        .dwtag  DW_TAG_formal_parameter
     426                      .dwattr $C$DW$28, DW_AT_name("cpuHandle")
     427                      .dwattr $C$DW$28, DW_AT_TI_symbol_name("_cpuHandle")
     428                      .dwattr $C$DW$28, DW_AT_type(*$C$DW$T$28)
     429                      .dwattr $C$DW$28, DW_AT_location[DW_OP_reg12]
     430              
     431              $C$DW$29        .dwtag  DW_TAG_formal_parameter
     432                      .dwattr $C$DW$29, DW_AT_name("intNumber")
     433                      .dwattr $C$DW$29, DW_AT_TI_symbol_name("_intNumber")
     434                      .dwattr $C$DW$29, DW_AT_type(*$C$DW$T$24)
     435                      .dwattr $C$DW$29, DW_AT_location[DW_OP_reg0]
     436              
     437              
     438              ;***************************************************************
     439              ;* FNAME: _CPU_disableInt               FR SIZE:   0           *
TMS320C2000 Assembler PC v22.6.0 Wed Feb 22 16:00:59 2023

Copyright (c) 1996-2018 Texas Instruments Incorporated
C:\Users\GA5354\AppData\Local\Temp\{235E269F-503C-43FF-97C8-8FF23D1FA564} PAGE    9

     440              ;*                                                             *
     441              ;* FUNCTION ENVIRONMENT                                        *
     442              ;*                                                             *
     443              ;* FUNCTION PROPERTIES                                         *
     444              ;*                            0 Parameter,  0 Auto,  0 SOE     *
     445              ;***************************************************************
     446              
     447 00000017       _CPU_disableInt:
     448                      .dwcfi  cfa_offset, -2
     449                      .dwcfi  save_reg_to_mem, 26, 0
     450                      .dwpsn  file "D:/GIANT/GIANT_TI_instaspin/motorware/motorware_1_01_00_18/sw/drivers/cpu/src/32b/f28x/
     451 00000017 20A8          MOV       AH,IER                ; [CPU_ALU] |92| 
     452 00000018 FF5E          NOT       AL                    ; [CPU_ALU] |92| 
     453 00000019 CEA8          AND       AL,AH                 ; [CPU_ALU] |92| 
     454 0000001a 23A9          MOV       IER,AL                ; [CPU_ALU] |92| 
     455              $C$DW$30        .dwtag  DW_TAG_TI_branch
     456                      .dwattr $C$DW$30, DW_AT_low_pc(0x00)
     457                      .dwattr $C$DW$30, DW_AT_TI_return
     458              
     459 0000001b 0006          LRETR     ; [CPU_ALU] 
     460                      ; return occurs ; [] 
     461                      .dwattr $C$DW$27, DW_AT_TI_end_file("D:/GIANT/GIANT_TI_instaspin/motorware/motorware_1_01_00_18/sw/dr
     462                      .dwattr $C$DW$27, DW_AT_TI_end_line(0x5f)
     463                      .dwattr $C$DW$27, DW_AT_TI_end_column(0x01)
     464                      .dwendentry
     465                      .dwendtag $C$DW$27
     466              
     467 0000001c               .sect   ".text"
     468                      .clink
     469                      .global _CPU_disableGlobalInts
     470              
     471              $C$DW$31        .dwtag  DW_TAG_subprogram
     472                      .dwattr $C$DW$31, DW_AT_name("CPU_disableGlobalInts")
     473                      .dwattr $C$DW$31, DW_AT_low_pc(_CPU_disableGlobalInts)
     474                      .dwattr $C$DW$31, DW_AT_high_pc(0x00)
     475                      .dwattr $C$DW$31, DW_AT_TI_symbol_name("_CPU_disableGlobalInts")
     476                      .dwattr $C$DW$31, DW_AT_external
     477                      .dwattr $C$DW$31, DW_AT_TI_begin_file("D:/GIANT/GIANT_TI_instaspin/motorware/motorware_1_01_00_18/sw/
     478                      .dwattr $C$DW$31, DW_AT_TI_begin_line(0x4e)
     479                      .dwattr $C$DW$31, DW_AT_TI_begin_column(0x06)
     480                      .dwattr $C$DW$31, DW_AT_TI_max_frame_size(-2)
     481                      .dwpsn  file "D:/GIANT/GIANT_TI_instaspin/motorware/motorware_1_01_00_18/sw/drivers/cpu/src/32b/f28x/
     482              
     483                      .dwfde $C$DW$CIE, _CPU_disableGlobalInts
     484              $C$DW$32        .dwtag  DW_TAG_formal_parameter
     485                      .dwattr $C$DW$32, DW_AT_name("cpuHandle")
     486                      .dwattr $C$DW$32, DW_AT_TI_symbol_name("_cpuHandle")
     487                      .dwattr $C$DW$32, DW_AT_type(*$C$DW$T$28)
     488                      .dwattr $C$DW$32, DW_AT_location[DW_OP_reg12]
     489              
     490              
     491              ;***************************************************************
     492              ;* FNAME: _CPU_disableGlobalInts        FR SIZE:   0           *
     493              ;*                                                             *
     494              ;* FUNCTION ENVIRONMENT                                        *
TMS320C2000 Assembler PC v22.6.0 Wed Feb 22 16:00:59 2023

Copyright (c) 1996-2018 Texas Instruments Incorporated
C:\Users\GA5354\AppData\Local\Temp\{235E269F-503C-43FF-97C8-8FF23D1FA564} PAGE   10

     495              ;*                                                             *
     496              ;* FUNCTION PROPERTIES                                         *
     497              ;*                            0 Parameter,  0 Auto,  0 SOE     *
     498              ;***************************************************************
     499              
     500 0000001c       _CPU_disableGlobalInts:
     501                      .dwcfi  cfa_offset, -2
     502                      .dwcfi  save_reg_to_mem, 26, 0
     503 0000001c 3B10   setc INTM
     504 0000001d FF69          SPM       #0                    ; [CPU_ALU] 
     505              $C$DW$33        .dwtag  DW_TAG_TI_branch
     506                      .dwattr $C$DW$33, DW_AT_low_pc(0x00)
     507                      .dwattr $C$DW$33, DW_AT_TI_return
     508              
     509 0000001e 0006          LRETR     ; [CPU_ALU] 
     510                      ; return occurs ; [] 
     511                      .dwattr $C$DW$31, DW_AT_TI_end_file("D:/GIANT/GIANT_TI_instaspin/motorware/motorware_1_01_00_18/sw/dr
     512                      .dwattr $C$DW$31, DW_AT_TI_end_line(0x55)
     513                      .dwattr $C$DW$31, DW_AT_TI_end_column(0x01)
     514                      .dwendentry
     515                      .dwendtag $C$DW$31
     516              
     517 0000001f               .sect   ".text"
     518                      .clink
     519                      .global _CPU_disableDebugInt
     520              
     521              $C$DW$34        .dwtag  DW_TAG_subprogram
     522                      .dwattr $C$DW$34, DW_AT_name("CPU_disableDebugInt")
     523                      .dwattr $C$DW$34, DW_AT_low_pc(_CPU_disableDebugInt)
     524                      .dwattr $C$DW$34, DW_AT_high_pc(0x00)
     525                      .dwattr $C$DW$34, DW_AT_TI_symbol_name("_CPU_disableDebugInt")
     526                      .dwattr $C$DW$34, DW_AT_external
     527                      .dwattr $C$DW$34, DW_AT_TI_begin_file("D:/GIANT/GIANT_TI_instaspin/motorware/motorware_1_01_00_18/sw/
     528                      .dwattr $C$DW$34, DW_AT_TI_begin_line(0x44)
     529                      .dwattr $C$DW$34, DW_AT_TI_begin_column(0x06)
     530                      .dwattr $C$DW$34, DW_AT_TI_max_frame_size(-2)
     531                      .dwpsn  file "D:/GIANT/GIANT_TI_instaspin/motorware/motorware_1_01_00_18/sw/drivers/cpu/src/32b/f28x/
     532              
     533                      .dwfde $C$DW$CIE, _CPU_disableDebugInt
     534              $C$DW$35        .dwtag  DW_TAG_formal_parameter
     535                      .dwattr $C$DW$35, DW_AT_name("cpuHandle")
     536                      .dwattr $C$DW$35, DW_AT_TI_symbol_name("_cpuHandle")
     537                      .dwattr $C$DW$35, DW_AT_type(*$C$DW$T$28)
     538                      .dwattr $C$DW$35, DW_AT_location[DW_OP_reg12]
     539              
     540              
     541              ;***************************************************************
     542              ;* FNAME: _CPU_disableDebugInt          FR SIZE:   0           *
     543              ;*                                                             *
     544              ;* FUNCTION ENVIRONMENT                                        *
     545              ;*                                                             *
     546              ;* FUNCTION PROPERTIES                                         *
     547              ;*                            0 Parameter,  0 Auto,  0 SOE     *
     548              ;***************************************************************
     549              
TMS320C2000 Assembler PC v22.6.0 Wed Feb 22 16:00:59 2023

Copyright (c) 1996-2018 Texas Instruments Incorporated
C:\Users\GA5354\AppData\Local\Temp\{235E269F-503C-43FF-97C8-8FF23D1FA564} PAGE   11

     550 0000001f       _CPU_disableDebugInt:
     551                      .dwcfi  cfa_offset, -2
     552                      .dwcfi  save_reg_to_mem, 26, 0
     553 0000001f 3B20   setc DBGM
     554 00000020 FF69          SPM       #0                    ; [CPU_ALU] 
     555              $C$DW$36        .dwtag  DW_TAG_TI_branch
     556                      .dwattr $C$DW$36, DW_AT_low_pc(0x00)
     557                      .dwattr $C$DW$36, DW_AT_TI_return
     558              
     559 00000021 0006          LRETR     ; [CPU_ALU] 
     560                      ; return occurs ; [] 
     561                      .dwattr $C$DW$34, DW_AT_TI_end_file("D:/GIANT/GIANT_TI_instaspin/motorware/motorware_1_01_00_18/sw/dr
     562                      .dwattr $C$DW$34, DW_AT_TI_end_line(0x4b)
     563                      .dwattr $C$DW$34, DW_AT_TI_end_column(0x01)
     564                      .dwendentry
     565                      .dwendtag $C$DW$34
     566              
     567 00000022               .sect   ".text"
     568                      .clink
     569                      .global _CPU_clearIntFlags
     570              
     571              $C$DW$37        .dwtag  DW_TAG_subprogram
     572                      .dwattr $C$DW$37, DW_AT_name("CPU_clearIntFlags")
     573                      .dwattr $C$DW$37, DW_AT_low_pc(_CPU_clearIntFlags)
     574                      .dwattr $C$DW$37, DW_AT_high_pc(0x00)
     575                      .dwattr $C$DW$37, DW_AT_TI_symbol_name("_CPU_clearIntFlags")
     576                      .dwattr $C$DW$37, DW_AT_external
     577                      .dwattr $C$DW$37, DW_AT_TI_begin_file("D:/GIANT/GIANT_TI_instaspin/motorware/motorware_1_01_00_18/sw/
     578                      .dwattr $C$DW$37, DW_AT_TI_begin_line(0x3a)
     579                      .dwattr $C$DW$37, DW_AT_TI_begin_column(0x06)
     580                      .dwattr $C$DW$37, DW_AT_TI_max_frame_size(-2)
     581                      .dwpsn  file "D:/GIANT/GIANT_TI_instaspin/motorware/motorware_1_01_00_18/sw/drivers/cpu/src/32b/f28x/
     582              
     583                      .dwfde $C$DW$CIE, _CPU_clearIntFlags
     584              $C$DW$38        .dwtag  DW_TAG_formal_parameter
     585                      .dwattr $C$DW$38, DW_AT_name("cpuHandle")
     586                      .dwattr $C$DW$38, DW_AT_TI_symbol_name("_cpuHandle")
     587                      .dwattr $C$DW$38, DW_AT_type(*$C$DW$T$28)
     588                      .dwattr $C$DW$38, DW_AT_location[DW_OP_reg12]
     589              
     590              
     591              ;***************************************************************
     592              ;* FNAME: _CPU_clearIntFlags            FR SIZE:   0           *
     593              ;*                                                             *
     594              ;* FUNCTION ENVIRONMENT                                        *
     595              ;*                                                             *
     596              ;* FUNCTION PROPERTIES                                         *
     597              ;*                            0 Parameter,  0 Auto,  0 SOE     *
     598              ;***************************************************************
     599              
     600 00000022       _CPU_clearIntFlags:
     601                      .dwcfi  cfa_offset, -2
     602                      .dwcfi  save_reg_to_mem, 26, 0
     603                      .dwpsn  file "D:/GIANT/GIANT_TI_instaspin/motorware/motorware_1_01_00_18/sw/drivers/cpu/src/32b/f28x/
     604 00000022 762F          AND       IFR,#0x0000           ; [CPU_ALU] |62| 
TMS320C2000 Assembler PC v22.6.0 Wed Feb 22 16:00:59 2023

Copyright (c) 1996-2018 Texas Instruments Incorporated
C:\Users\GA5354\AppData\Local\Temp\{235E269F-503C-43FF-97C8-8FF23D1FA564} PAGE   12

         00000023 0000 
     605              $C$DW$39        .dwtag  DW_TAG_TI_branch
     606                      .dwattr $C$DW$39, DW_AT_low_pc(0x00)
     607                      .dwattr $C$DW$39, DW_AT_TI_return
     608              
     609 00000024 0006          LRETR     ; [CPU_ALU] 
     610                      ; return occurs ; [] 
     611                      .dwattr $C$DW$37, DW_AT_TI_end_file("D:/GIANT/GIANT_TI_instaspin/motorware/motorware_1_01_00_18/sw/dr
     612                      .dwattr $C$DW$37, DW_AT_TI_end_line(0x41)
     613                      .dwattr $C$DW$37, DW_AT_TI_end_column(0x01)
     614                      .dwendentry
     615                      .dwendtag $C$DW$37
     616              
     617              
     618              ;***************************************************************
     619              ;* TYPE INFORMATION                                            *
     620              ;***************************************************************
     621              
     622              $C$DW$T$23      .dwtag  DW_TAG_enumeration_type
     623                      .dwattr $C$DW$T$23, DW_AT_byte_size(0x01)
     624              $C$DW$40        .dwtag  DW_TAG_enumerator
     625                      .dwattr $C$DW$40, DW_AT_name("CPU_IntNumber_1")
     626                      .dwattr $C$DW$40, DW_AT_const_value(0x01)
     627              
     628              $C$DW$41        .dwtag  DW_TAG_enumerator
     629                      .dwattr $C$DW$41, DW_AT_name("CPU_IntNumber_2")
     630                      .dwattr $C$DW$41, DW_AT_const_value(0x02)
     631              
     632              $C$DW$42        .dwtag  DW_TAG_enumerator
     633                      .dwattr $C$DW$42, DW_AT_name("CPU_IntNumber_3")
     634                      .dwattr $C$DW$42, DW_AT_const_value(0x04)
     635              
     636              $C$DW$43        .dwtag  DW_TAG_enumerator
     637                      .dwattr $C$DW$43, DW_AT_name("CPU_IntNumber_4")
     638                      .dwattr $C$DW$43, DW_AT_const_value(0x08)
     639              
     640              $C$DW$44        .dwtag  DW_TAG_enumerator
     641                      .dwattr $C$DW$44, DW_AT_name("CPU_IntNumber_5")
     642                      .dwattr $C$DW$44, DW_AT_const_value(0x10)
     643              
     644              $C$DW$45        .dwtag  DW_TAG_enumerator
     645                      .dwattr $C$DW$45, DW_AT_name("CPU_IntNumber_6")
     646                      .dwattr $C$DW$45, DW_AT_const_value(0x20)
     647              
     648              $C$DW$46        .dwtag  DW_TAG_enumerator
     649                      .dwattr $C$DW$46, DW_AT_name("CPU_IntNumber_7")
     650                      .dwattr $C$DW$46, DW_AT_const_value(0x40)
     651              
     652              $C$DW$47        .dwtag  DW_TAG_enumerator
     653                      .dwattr $C$DW$47, DW_AT_name("CPU_IntNumber_8")
     654                      .dwattr $C$DW$47, DW_AT_const_value(0x80)
     655              
     656              $C$DW$48        .dwtag  DW_TAG_enumerator
     657                      .dwattr $C$DW$48, DW_AT_name("CPU_IntNumber_9")
     658                      .dwattr $C$DW$48, DW_AT_const_value(0x100)
TMS320C2000 Assembler PC v22.6.0 Wed Feb 22 16:00:59 2023

Copyright (c) 1996-2018 Texas Instruments Incorporated
C:\Users\GA5354\AppData\Local\Temp\{235E269F-503C-43FF-97C8-8FF23D1FA564} PAGE   13

     659              
     660              $C$DW$49        .dwtag  DW_TAG_enumerator
     661                      .dwattr $C$DW$49, DW_AT_name("CPU_IntNumber_10")
     662                      .dwattr $C$DW$49, DW_AT_const_value(0x200)
     663              
     664              $C$DW$50        .dwtag  DW_TAG_enumerator
     665                      .dwattr $C$DW$50, DW_AT_name("CPU_IntNumber_11")
     666                      .dwattr $C$DW$50, DW_AT_const_value(0x400)
     667              
     668              $C$DW$51        .dwtag  DW_TAG_enumerator
     669                      .dwattr $C$DW$51, DW_AT_name("CPU_IntNumber_12")
     670                      .dwattr $C$DW$51, DW_AT_const_value(0x800)
     671              
     672              $C$DW$52        .dwtag  DW_TAG_enumerator
     673                      .dwattr $C$DW$52, DW_AT_name("CPU_IntNumber_13")
     674                      .dwattr $C$DW$52, DW_AT_const_value(0x1000)
     675              
     676              $C$DW$53        .dwtag  DW_TAG_enumerator
     677                      .dwattr $C$DW$53, DW_AT_name("CPU_IntNumber_14")
     678                      .dwattr $C$DW$53, DW_AT_const_value(0x2000)
     679              
     680                      .dwendtag $C$DW$T$23
     681              
     682              $C$DW$T$24      .dwtag  DW_TAG_typedef
     683                      .dwattr $C$DW$T$24, DW_AT_name("CPU_IntNumber_e")
     684                      .dwattr $C$DW$T$24, DW_AT_type(*$C$DW$T$23)
     685                      .dwattr $C$DW$T$24, DW_AT_language(DW_LANG_C)
     686              
     687              $C$DW$54        .dwtag  DW_TAG_TI_far_type
     688                      .dwattr $C$DW$54, DW_AT_type(*$C$DW$T$24)
     689              
     690              $C$DW$T$25      .dwtag  DW_TAG_const_type
     691                      .dwattr $C$DW$T$25, DW_AT_type(*$C$DW$54)
     692              
     693              
     694              $C$DW$T$22      .dwtag  DW_TAG_structure_type
     695                      .dwattr $C$DW$T$22, DW_AT_name("_CPU_Obj_")
     696                      .dwattr $C$DW$T$22, DW_AT_byte_size(0x01)
     697              $C$DW$55        .dwtag  DW_TAG_member
     698                      .dwattr $C$DW$55, DW_AT_type(*$C$DW$T$21)
     699                      .dwattr $C$DW$55, DW_AT_name("tmp")
     700                      .dwattr $C$DW$55, DW_AT_TI_symbol_name("_tmp")
     701                      .dwattr $C$DW$55, DW_AT_data_member_location[DW_OP_plus_uconst 0x0]
     702                      .dwattr $C$DW$55, DW_AT_accessibility(DW_ACCESS_public)
     703              
     704                      .dwendtag $C$DW$T$22
     705              
     706              $C$DW$T$26      .dwtag  DW_TAG_typedef
     707                      .dwattr $C$DW$T$26, DW_AT_name("CPU_Obj")
     708                      .dwattr $C$DW$T$26, DW_AT_type(*$C$DW$T$22)
     709                      .dwattr $C$DW$T$26, DW_AT_language(DW_LANG_C)
     710              
     711              $C$DW$T$27      .dwtag  DW_TAG_pointer_type
     712                      .dwattr $C$DW$T$27, DW_AT_type(*$C$DW$T$22)
     713                      .dwattr $C$DW$T$27, DW_AT_address_class(0x20)
TMS320C2000 Assembler PC v22.6.0 Wed Feb 22 16:00:59 2023

Copyright (c) 1996-2018 Texas Instruments Incorporated
C:\Users\GA5354\AppData\Local\Temp\{235E269F-503C-43FF-97C8-8FF23D1FA564} PAGE   14

     714              
     715              $C$DW$T$28      .dwtag  DW_TAG_typedef
     716                      .dwattr $C$DW$T$28, DW_AT_name("CPU_Handle")
     717                      .dwattr $C$DW$T$28, DW_AT_type(*$C$DW$T$27)
     718                      .dwattr $C$DW$T$28, DW_AT_language(DW_LANG_C)
     719              
     720              $C$DW$T$2       .dwtag  DW_TAG_unspecified_type
     721                      .dwattr $C$DW$T$2, DW_AT_name("void")
     722              
     723              $C$DW$T$3       .dwtag  DW_TAG_pointer_type
     724                      .dwattr $C$DW$T$3, DW_AT_type(*$C$DW$T$2)
     725                      .dwattr $C$DW$T$3, DW_AT_address_class(0x20)
     726              
     727              $C$DW$T$4       .dwtag  DW_TAG_base_type
     728                      .dwattr $C$DW$T$4, DW_AT_encoding(DW_ATE_boolean)
     729                      .dwattr $C$DW$T$4, DW_AT_name("bool")
     730                      .dwattr $C$DW$T$4, DW_AT_byte_size(0x01)
     731              
     732              $C$DW$T$5       .dwtag  DW_TAG_base_type
     733                      .dwattr $C$DW$T$5, DW_AT_encoding(DW_ATE_signed_char)
     734                      .dwattr $C$DW$T$5, DW_AT_name("signed char")
     735                      .dwattr $C$DW$T$5, DW_AT_byte_size(0x01)
     736              
     737              $C$DW$T$6       .dwtag  DW_TAG_base_type
     738                      .dwattr $C$DW$T$6, DW_AT_encoding(DW_ATE_unsigned_char)
     739                      .dwattr $C$DW$T$6, DW_AT_name("unsigned char")
     740                      .dwattr $C$DW$T$6, DW_AT_byte_size(0x01)
     741              
     742              $C$DW$T$7       .dwtag  DW_TAG_base_type
     743                      .dwattr $C$DW$T$7, DW_AT_encoding(DW_ATE_signed_char)
     744                      .dwattr $C$DW$T$7, DW_AT_name("wchar_t")
     745                      .dwattr $C$DW$T$7, DW_AT_byte_size(0x01)
     746              
     747              $C$DW$T$8       .dwtag  DW_TAG_base_type
     748                      .dwattr $C$DW$T$8, DW_AT_encoding(DW_ATE_signed)
     749                      .dwattr $C$DW$T$8, DW_AT_name("short")
     750                      .dwattr $C$DW$T$8, DW_AT_byte_size(0x01)
     751              
     752              $C$DW$T$9       .dwtag  DW_TAG_base_type
     753                      .dwattr $C$DW$T$9, DW_AT_encoding(DW_ATE_unsigned)
     754                      .dwattr $C$DW$T$9, DW_AT_name("unsigned short")
     755                      .dwattr $C$DW$T$9, DW_AT_byte_size(0x01)
     756              
     757              $C$DW$T$10      .dwtag  DW_TAG_base_type
     758                      .dwattr $C$DW$T$10, DW_AT_encoding(DW_ATE_signed)
     759                      .dwattr $C$DW$T$10, DW_AT_name("int")
     760                      .dwattr $C$DW$T$10, DW_AT_byte_size(0x01)
     761              
     762              $C$DW$T$11      .dwtag  DW_TAG_base_type
     763                      .dwattr $C$DW$T$11, DW_AT_encoding(DW_ATE_unsigned)
     764                      .dwattr $C$DW$T$11, DW_AT_name("unsigned int")
     765                      .dwattr $C$DW$T$11, DW_AT_byte_size(0x01)
     766              
     767              $C$DW$T$19      .dwtag  DW_TAG_typedef
     768                      .dwattr $C$DW$T$19, DW_AT_name("__uint16_t")
TMS320C2000 Assembler PC v22.6.0 Wed Feb 22 16:00:59 2023

Copyright (c) 1996-2018 Texas Instruments Incorporated
C:\Users\GA5354\AppData\Local\Temp\{235E269F-503C-43FF-97C8-8FF23D1FA564} PAGE   15

     769                      .dwattr $C$DW$T$19, DW_AT_type(*$C$DW$T$11)
     770                      .dwattr $C$DW$T$19, DW_AT_language(DW_LANG_C)
     771              
     772              $C$DW$T$20      .dwtag  DW_TAG_typedef
     773                      .dwattr $C$DW$T$20, DW_AT_name("__uint_least8_t")
     774                      .dwattr $C$DW$T$20, DW_AT_type(*$C$DW$T$19)
     775                      .dwattr $C$DW$T$20, DW_AT_language(DW_LANG_C)
     776              
     777              $C$DW$T$21      .dwtag  DW_TAG_typedef
     778                      .dwattr $C$DW$T$21, DW_AT_name("uint_least8_t")
     779                      .dwattr $C$DW$T$21, DW_AT_type(*$C$DW$T$20)
     780                      .dwattr $C$DW$T$21, DW_AT_language(DW_LANG_C)
     781              
     782              $C$DW$T$12      .dwtag  DW_TAG_base_type
     783                      .dwattr $C$DW$T$12, DW_AT_encoding(DW_ATE_signed)
     784                      .dwattr $C$DW$T$12, DW_AT_name("long")
     785                      .dwattr $C$DW$T$12, DW_AT_byte_size(0x02)
     786              
     787              $C$DW$T$13      .dwtag  DW_TAG_base_type
     788                      .dwattr $C$DW$T$13, DW_AT_encoding(DW_ATE_unsigned)
     789                      .dwattr $C$DW$T$13, DW_AT_name("unsigned long")
     790                      .dwattr $C$DW$T$13, DW_AT_byte_size(0x02)
     791              
     792              $C$DW$T$29      .dwtag  DW_TAG_typedef
     793                      .dwattr $C$DW$T$29, DW_AT_name("size_t")
     794                      .dwattr $C$DW$T$29, DW_AT_type(*$C$DW$T$13)
     795                      .dwattr $C$DW$T$29, DW_AT_language(DW_LANG_C)
     796              
     797              $C$DW$56        .dwtag  DW_TAG_TI_far_type
     798                      .dwattr $C$DW$56, DW_AT_type(*$C$DW$T$29)
     799              
     800              $C$DW$T$30      .dwtag  DW_TAG_const_type
     801                      .dwattr $C$DW$T$30, DW_AT_type(*$C$DW$56)
     802              
     803              $C$DW$T$14      .dwtag  DW_TAG_base_type
     804                      .dwattr $C$DW$T$14, DW_AT_encoding(DW_ATE_signed)
     805                      .dwattr $C$DW$T$14, DW_AT_name("long long")
     806                      .dwattr $C$DW$T$14, DW_AT_byte_size(0x04)
     807              
     808              $C$DW$T$15      .dwtag  DW_TAG_base_type
     809                      .dwattr $C$DW$T$15, DW_AT_encoding(DW_ATE_unsigned)
     810                      .dwattr $C$DW$T$15, DW_AT_name("unsigned long long")
     811                      .dwattr $C$DW$T$15, DW_AT_byte_size(0x04)
     812              
     813              $C$DW$T$16      .dwtag  DW_TAG_base_type
     814                      .dwattr $C$DW$T$16, DW_AT_encoding(DW_ATE_float)
     815                      .dwattr $C$DW$T$16, DW_AT_name("float")
     816                      .dwattr $C$DW$T$16, DW_AT_byte_size(0x02)
     817              
     818              $C$DW$T$17      .dwtag  DW_TAG_base_type
     819                      .dwattr $C$DW$T$17, DW_AT_encoding(DW_ATE_float)
     820                      .dwattr $C$DW$T$17, DW_AT_name("double")
     821                      .dwattr $C$DW$T$17, DW_AT_byte_size(0x02)
     822              
     823              $C$DW$T$18      .dwtag  DW_TAG_base_type
TMS320C2000 Assembler PC v22.6.0 Wed Feb 22 16:00:59 2023

Copyright (c) 1996-2018 Texas Instruments Incorporated
C:\Users\GA5354\AppData\Local\Temp\{235E269F-503C-43FF-97C8-8FF23D1FA564} PAGE   16

     824                      .dwattr $C$DW$T$18, DW_AT_encoding(DW_ATE_float)
     825                      .dwattr $C$DW$T$18, DW_AT_name("long double")
     826                      .dwattr $C$DW$T$18, DW_AT_byte_size(0x04)
     827              
     828                      .dwattr $C$DW$CU, DW_AT_language(DW_LANG_C)
     829              
     830              ;***************************************************************
     831              ;* DWARF CIE ENTRIES                                           *
     832              ;***************************************************************
     833              
     834              $C$DW$CIE       .dwcie 26
     835                      .dwcfi  cfa_register, 20
     836                      .dwcfi  cfa_offset, 0
     837                      .dwcfi  same_value, 28
     838                      .dwcfi  same_value, 6
     839                      .dwcfi  same_value, 7
     840                      .dwcfi  same_value, 8
     841                      .dwcfi  same_value, 9
     842                      .dwcfi  same_value, 10
     843                      .dwcfi  same_value, 11
     844                      .dwendentry
     845              
     846              ;***************************************************************
     847              ;* DWARF REGISTER MAP                                          *
     848              ;***************************************************************
     849              
     850              $C$DW$57        .dwtag  DW_TAG_TI_assign_register
     851                      .dwattr $C$DW$57, DW_AT_name("AL")
     852                      .dwattr $C$DW$57, DW_AT_location[DW_OP_reg0]
     853              
     854              $C$DW$58        .dwtag  DW_TAG_TI_assign_register
     855                      .dwattr $C$DW$58, DW_AT_name("AH")
     856                      .dwattr $C$DW$58, DW_AT_location[DW_OP_reg1]
     857              
     858              $C$DW$59        .dwtag  DW_TAG_TI_assign_register
     859                      .dwattr $C$DW$59, DW_AT_name("PL")
     860                      .dwattr $C$DW$59, DW_AT_location[DW_OP_reg2]
     861              
     862              $C$DW$60        .dwtag  DW_TAG_TI_assign_register
     863                      .dwattr $C$DW$60, DW_AT_name("PH")
     864                      .dwattr $C$DW$60, DW_AT_location[DW_OP_reg3]
     865              
     866              $C$DW$61        .dwtag  DW_TAG_TI_assign_register
     867                      .dwattr $C$DW$61, DW_AT_name("SP")
     868                      .dwattr $C$DW$61, DW_AT_location[DW_OP_reg20]
     869              
     870              $C$DW$62        .dwtag  DW_TAG_TI_assign_register
     871                      .dwattr $C$DW$62, DW_AT_name("XT")
     872                      .dwattr $C$DW$62, DW_AT_location[DW_OP_reg21]
     873              
     874              $C$DW$63        .dwtag  DW_TAG_TI_assign_register
     875                      .dwattr $C$DW$63, DW_AT_name("T")
     876                      .dwattr $C$DW$63, DW_AT_location[DW_OP_reg22]
     877              
     878              $C$DW$64        .dwtag  DW_TAG_TI_assign_register
TMS320C2000 Assembler PC v22.6.0 Wed Feb 22 16:00:59 2023

Copyright (c) 1996-2018 Texas Instruments Incorporated
C:\Users\GA5354\AppData\Local\Temp\{235E269F-503C-43FF-97C8-8FF23D1FA564} PAGE   17

     879                      .dwattr $C$DW$64, DW_AT_name("ST0")
     880                      .dwattr $C$DW$64, DW_AT_location[DW_OP_reg23]
     881              
     882              $C$DW$65        .dwtag  DW_TAG_TI_assign_register
     883                      .dwattr $C$DW$65, DW_AT_name("ST1")
     884                      .dwattr $C$DW$65, DW_AT_location[DW_OP_reg24]
     885              
     886              $C$DW$66        .dwtag  DW_TAG_TI_assign_register
     887                      .dwattr $C$DW$66, DW_AT_name("PC")
     888                      .dwattr $C$DW$66, DW_AT_location[DW_OP_reg25]
     889              
     890              $C$DW$67        .dwtag  DW_TAG_TI_assign_register
     891                      .dwattr $C$DW$67, DW_AT_name("RPC")
     892                      .dwattr $C$DW$67, DW_AT_location[DW_OP_reg26]
     893              
     894              $C$DW$68        .dwtag  DW_TAG_TI_assign_register
     895                      .dwattr $C$DW$68, DW_AT_name("FP")
     896                      .dwattr $C$DW$68, DW_AT_location[DW_OP_reg28]
     897              
     898              $C$DW$69        .dwtag  DW_TAG_TI_assign_register
     899                      .dwattr $C$DW$69, DW_AT_name("DP")
     900                      .dwattr $C$DW$69, DW_AT_location[DW_OP_reg29]
     901              
     902              $C$DW$70        .dwtag  DW_TAG_TI_assign_register
     903                      .dwattr $C$DW$70, DW_AT_name("SXM")
     904                      .dwattr $C$DW$70, DW_AT_location[DW_OP_reg30]
     905              
     906              $C$DW$71        .dwtag  DW_TAG_TI_assign_register
     907                      .dwattr $C$DW$71, DW_AT_name("PM")
     908                      .dwattr $C$DW$71, DW_AT_location[DW_OP_reg31]
     909              
     910              $C$DW$72        .dwtag  DW_TAG_TI_assign_register
     911                      .dwattr $C$DW$72, DW_AT_name("OVM")
     912                      .dwattr $C$DW$72, DW_AT_location[DW_OP_regx 0x20]
     913              
     914              $C$DW$73        .dwtag  DW_TAG_TI_assign_register
     915                      .dwattr $C$DW$73, DW_AT_name("PAGE0")
     916                      .dwattr $C$DW$73, DW_AT_location[DW_OP_regx 0x21]
     917              
     918              $C$DW$74        .dwtag  DW_TAG_TI_assign_register
     919                      .dwattr $C$DW$74, DW_AT_name("AMODE")
     920                      .dwattr $C$DW$74, DW_AT_location[DW_OP_regx 0x22]
     921              
     922              $C$DW$75        .dwtag  DW_TAG_TI_assign_register
     923                      .dwattr $C$DW$75, DW_AT_name("EALLOW")
     924                      .dwattr $C$DW$75, DW_AT_location[DW_OP_regx 0x4e]
     925              
     926              $C$DW$76        .dwtag  DW_TAG_TI_assign_register
     927                      .dwattr $C$DW$76, DW_AT_name("INTM")
     928                      .dwattr $C$DW$76, DW_AT_location[DW_OP_regx 0x23]
     929              
     930              $C$DW$77        .dwtag  DW_TAG_TI_assign_register
     931                      .dwattr $C$DW$77, DW_AT_name("IFR")
     932                      .dwattr $C$DW$77, DW_AT_location[DW_OP_regx 0x24]
     933              
TMS320C2000 Assembler PC v22.6.0 Wed Feb 22 16:00:59 2023

Copyright (c) 1996-2018 Texas Instruments Incorporated
C:\Users\GA5354\AppData\Local\Temp\{235E269F-503C-43FF-97C8-8FF23D1FA564} PAGE   18

     934              $C$DW$78        .dwtag  DW_TAG_TI_assign_register
     935                      .dwattr $C$DW$78, DW_AT_name("IER")
     936                      .dwattr $C$DW$78, DW_AT_location[DW_OP_regx 0x25]
     937              
     938              $C$DW$79        .dwtag  DW_TAG_TI_assign_register
     939                      .dwattr $C$DW$79, DW_AT_name("V")
     940                      .dwattr $C$DW$79, DW_AT_location[DW_OP_regx 0x26]
     941              
     942              $C$DW$80        .dwtag  DW_TAG_TI_assign_register
     943                      .dwattr $C$DW$80, DW_AT_name("PSEUDOH")
     944                      .dwattr $C$DW$80, DW_AT_location[DW_OP_regx 0x4c]
     945              
     946              $C$DW$81        .dwtag  DW_TAG_TI_assign_register
     947                      .dwattr $C$DW$81, DW_AT_name("VOL")
     948                      .dwattr $C$DW$81, DW_AT_location[DW_OP_regx 0x4d]
     949              
     950              $C$DW$82        .dwtag  DW_TAG_TI_assign_register
     951                      .dwattr $C$DW$82, DW_AT_name("AR0")
     952                      .dwattr $C$DW$82, DW_AT_location[DW_OP_reg4]
     953              
     954              $C$DW$83        .dwtag  DW_TAG_TI_assign_register
     955                      .dwattr $C$DW$83, DW_AT_name("XAR0")
     956                      .dwattr $C$DW$83, DW_AT_location[DW_OP_reg5]
     957              
     958              $C$DW$84        .dwtag  DW_TAG_TI_assign_register
     959                      .dwattr $C$DW$84, DW_AT_name("AR1")
     960                      .dwattr $C$DW$84, DW_AT_location[DW_OP_reg6]
     961              
     962              $C$DW$85        .dwtag  DW_TAG_TI_assign_register
     963                      .dwattr $C$DW$85, DW_AT_name("XAR1")
     964                      .dwattr $C$DW$85, DW_AT_location[DW_OP_reg7]
     965              
     966              $C$DW$86        .dwtag  DW_TAG_TI_assign_register
     967                      .dwattr $C$DW$86, DW_AT_name("AR2")
     968                      .dwattr $C$DW$86, DW_AT_location[DW_OP_reg8]
     969              
     970              $C$DW$87        .dwtag  DW_TAG_TI_assign_register
     971                      .dwattr $C$DW$87, DW_AT_name("XAR2")
     972                      .dwattr $C$DW$87, DW_AT_location[DW_OP_reg9]
     973              
     974              $C$DW$88        .dwtag  DW_TAG_TI_assign_register
     975                      .dwattr $C$DW$88, DW_AT_name("AR3")
     976                      .dwattr $C$DW$88, DW_AT_location[DW_OP_reg10]
     977              
     978              $C$DW$89        .dwtag  DW_TAG_TI_assign_register
     979                      .dwattr $C$DW$89, DW_AT_name("XAR3")
     980                      .dwattr $C$DW$89, DW_AT_location[DW_OP_reg11]
     981              
     982              $C$DW$90        .dwtag  DW_TAG_TI_assign_register
     983                      .dwattr $C$DW$90, DW_AT_name("AR4")
     984                      .dwattr $C$DW$90, DW_AT_location[DW_OP_reg12]
     985              
     986              $C$DW$91        .dwtag  DW_TAG_TI_assign_register
     987                      .dwattr $C$DW$91, DW_AT_name("XAR4")
     988                      .dwattr $C$DW$91, DW_AT_location[DW_OP_reg13]
TMS320C2000 Assembler PC v22.6.0 Wed Feb 22 16:00:59 2023

Copyright (c) 1996-2018 Texas Instruments Incorporated
C:\Users\GA5354\AppData\Local\Temp\{235E269F-503C-43FF-97C8-8FF23D1FA564} PAGE   19

     989              
     990              $C$DW$92        .dwtag  DW_TAG_TI_assign_register
     991                      .dwattr $C$DW$92, DW_AT_name("AR5")
     992                      .dwattr $C$DW$92, DW_AT_location[DW_OP_reg14]
     993              
     994              $C$DW$93        .dwtag  DW_TAG_TI_assign_register
     995                      .dwattr $C$DW$93, DW_AT_name("XAR5")
     996                      .dwattr $C$DW$93, DW_AT_location[DW_OP_reg15]
     997              
     998              $C$DW$94        .dwtag  DW_TAG_TI_assign_register
     999                      .dwattr $C$DW$94, DW_AT_name("AR6")
    1000                      .dwattr $C$DW$94, DW_AT_location[DW_OP_reg16]
    1001              
    1002              $C$DW$95        .dwtag  DW_TAG_TI_assign_register
    1003                      .dwattr $C$DW$95, DW_AT_name("XAR6")
    1004                      .dwattr $C$DW$95, DW_AT_location[DW_OP_reg17]
    1005              
    1006              $C$DW$96        .dwtag  DW_TAG_TI_assign_register
    1007                      .dwattr $C$DW$96, DW_AT_name("AR7")
    1008                      .dwattr $C$DW$96, DW_AT_location[DW_OP_reg18]
    1009              
    1010              $C$DW$97        .dwtag  DW_TAG_TI_assign_register
    1011                      .dwattr $C$DW$97, DW_AT_name("XAR7")
    1012                      .dwattr $C$DW$97, DW_AT_location[DW_OP_reg19]
    1013              
    1014                      .dwendtag $C$DW$CU
    1015              

No Assembly Errors, No Assembly Warnings
