TMS320C2000 Assembler PC v22.6.0 Wed Feb 22 11:37:14 2023

Copyright (c) 1996-2018 Texas Instruments Incorporated
C:\Users\GA5354\AppData\Local\Temp\{2D66FADE-D1B9-4445-B830-97CFC48D181E} PAGE    1

       1              ;***************************************************************
       2              ;* TMS320C2000 G3 C/C++ Codegen                               PC v22.6.0.LTS *
       3              ;* Date/Time created: Wed Feb 22 11:37:14 2023                 *
       4              ;***************************************************************
       5                      .compiler_opts --abi=coffabi --float_support=softlib --hll_source=on --mem_model:code=flat --mem_mode
       6                      .asg    XAR2, FP
       7              
       8              $C$DW$CU        .dwtag  DW_TAG_compile_unit
       9                      .dwattr $C$DW$CU, DW_AT_name("D:/GIANT/GIANT_TI_instaspin/motorware/motorware_1_01_00_18/sw/modules/o
      10                      .dwattr $C$DW$CU, DW_AT_producer("TI TMS320C2000 G3 C/C++ Codegen PC v22.6.0.LTS Copyright (c) 1996-2
      11                      .dwattr $C$DW$CU, DW_AT_TI_version(0x01)
      12                      .dwattr $C$DW$CU, DW_AT_comp_dir("D:\GIANT\GIANT_TI_instaspin\motorware\motorware_1_01_00_18\sw\solut
      13              
      14              $C$DW$1 .dwtag  DW_TAG_subprogram
      15                      .dwattr $C$DW$1, DW_AT_name("FILTER_FO_getNumCoeffs")
      16                      .dwattr $C$DW$1, DW_AT_TI_symbol_name("_FILTER_FO_getNumCoeffs")
      17                      .dwattr $C$DW$1, DW_AT_declaration
      18                      .dwattr $C$DW$1, DW_AT_external
      19              $C$DW$2 .dwtag  DW_TAG_formal_parameter
      20                      .dwattr $C$DW$2, DW_AT_type(*$C$DW$T$25)
      21              
      22              $C$DW$3 .dwtag  DW_TAG_formal_parameter
      23                      .dwattr $C$DW$3, DW_AT_type(*$C$DW$T$42)
      24              
      25              $C$DW$4 .dwtag  DW_TAG_formal_parameter
      26                      .dwattr $C$DW$4, DW_AT_type(*$C$DW$T$42)
      27              
      28                      .dwendtag $C$DW$1
      29              
      30              
      31              $C$DW$5 .dwtag  DW_TAG_subprogram
      32                      .dwattr $C$DW$5, DW_AT_name("FILTER_FO_setDenCoeffs")
      33                      .dwattr $C$DW$5, DW_AT_TI_symbol_name("_FILTER_FO_setDenCoeffs")
      34                      .dwattr $C$DW$5, DW_AT_declaration
      35                      .dwattr $C$DW$5, DW_AT_external
      36              $C$DW$6 .dwtag  DW_TAG_formal_parameter
      37                      .dwattr $C$DW$6, DW_AT_type(*$C$DW$T$25)
      38              
      39              $C$DW$7 .dwtag  DW_TAG_formal_parameter
      40                      .dwattr $C$DW$7, DW_AT_type(*$C$DW$T$45)
      41              
      42                      .dwendtag $C$DW$5
      43              
      44              
      45              $C$DW$8 .dwtag  DW_TAG_subprogram
      46                      .dwattr $C$DW$8, DW_AT_name("FILTER_FO_setNumCoeffs")
      47                      .dwattr $C$DW$8, DW_AT_TI_symbol_name("_FILTER_FO_setNumCoeffs")
      48                      .dwattr $C$DW$8, DW_AT_declaration
      49                      .dwattr $C$DW$8, DW_AT_external
      50              $C$DW$9 .dwtag  DW_TAG_formal_parameter
      51                      .dwattr $C$DW$9, DW_AT_type(*$C$DW$T$25)
      52              
      53              $C$DW$10        .dwtag  DW_TAG_formal_parameter
      54                      .dwattr $C$DW$10, DW_AT_type(*$C$DW$T$45)
      55              
TMS320C2000 Assembler PC v22.6.0 Wed Feb 22 11:37:14 2023

Copyright (c) 1996-2018 Texas Instruments Incorporated
C:\Users\GA5354\AppData\Local\Temp\{2D66FADE-D1B9-4445-B830-97CFC48D181E} PAGE    2

      56              $C$DW$11        .dwtag  DW_TAG_formal_parameter
      57                      .dwattr $C$DW$11, DW_AT_type(*$C$DW$T$45)
      58              
      59                      .dwendtag $C$DW$8
      60              
      61              
      62              $C$DW$12        .dwtag  DW_TAG_subprogram
      63                      .dwattr $C$DW$12, DW_AT_name("FILTER_FO_setInitialConditions")
      64                      .dwattr $C$DW$12, DW_AT_TI_symbol_name("_FILTER_FO_setInitialConditions")
      65                      .dwattr $C$DW$12, DW_AT_declaration
      66                      .dwattr $C$DW$12, DW_AT_external
      67              $C$DW$13        .dwtag  DW_TAG_formal_parameter
      68                      .dwattr $C$DW$13, DW_AT_type(*$C$DW$T$25)
      69              
      70              $C$DW$14        .dwtag  DW_TAG_formal_parameter
      71                      .dwattr $C$DW$14, DW_AT_type(*$C$DW$T$45)
      72              
      73              $C$DW$15        .dwtag  DW_TAG_formal_parameter
      74                      .dwattr $C$DW$15, DW_AT_type(*$C$DW$T$45)
      75              
      76                      .dwendtag $C$DW$12
      77              
      78              
      79              $C$DW$16        .dwtag  DW_TAG_subprogram
      80                      .dwattr $C$DW$16, DW_AT_name("FILTER_FO_init")
      81                      .dwattr $C$DW$16, DW_AT_TI_symbol_name("_FILTER_FO_init")
      82                      .dwattr $C$DW$16, DW_AT_type(*$C$DW$T$25)
      83                      .dwattr $C$DW$16, DW_AT_declaration
      84                      .dwattr $C$DW$16, DW_AT_external
      85              $C$DW$17        .dwtag  DW_TAG_formal_parameter
      86                      .dwattr $C$DW$17, DW_AT_type(*$C$DW$T$3)
      87              
      88              $C$DW$18        .dwtag  DW_TAG_formal_parameter
      89                      .dwattr $C$DW$18, DW_AT_type(*$C$DW$T$29)
      90              
      91                      .dwendtag $C$DW$16
      92              
      93              ;       C:\ti\ccs1200\ccs\tools\compiler\ti-cgt-c2000_22.6.0.LTS\bin\opt2000.exe C:\\Users\\GA5354\\AppData\\
      94              ;       C:\ti\ccs1200\ccs\tools\compiler\ti-cgt-c2000_22.6.0.LTS\bin\ac2000.exe -@C:\\Users\\GA5354\\AppData\
      95 00000000               .sect   ".text"
      96                      .clink
      97                      .global _OFFSET_setOffset
      98              
      99              $C$DW$19        .dwtag  DW_TAG_subprogram
     100                      .dwattr $C$DW$19, DW_AT_name("OFFSET_setOffset")
     101                      .dwattr $C$DW$19, DW_AT_low_pc(_OFFSET_setOffset)
     102                      .dwattr $C$DW$19, DW_AT_high_pc(0x00)
     103                      .dwattr $C$DW$19, DW_AT_TI_symbol_name("_OFFSET_setOffset")
     104                      .dwattr $C$DW$19, DW_AT_external
     105                      .dwattr $C$DW$19, DW_AT_TI_begin_file("D:/GIANT/GIANT_TI_instaspin/motorware/motorware_1_01_00_18/sw/
     106                      .dwattr $C$DW$19, DW_AT_TI_begin_line(0x71)
     107                      .dwattr $C$DW$19, DW_AT_TI_begin_column(0x06)
     108                      .dwattr $C$DW$19, DW_AT_TI_max_frame_size(-2)
     109                      .dwpsn  file "D:/GIANT/GIANT_TI_instaspin/motorware/motorware_1_01_00_18/sw/modules/offset/src/32b/of
     110              
TMS320C2000 Assembler PC v22.6.0 Wed Feb 22 11:37:14 2023

Copyright (c) 1996-2018 Texas Instruments Incorporated
C:\Users\GA5354\AppData\Local\Temp\{2D66FADE-D1B9-4445-B830-97CFC48D181E} PAGE    3

     111                      .dwfde $C$DW$CIE, _OFFSET_setOffset
     112              $C$DW$20        .dwtag  DW_TAG_formal_parameter
     113                      .dwattr $C$DW$20, DW_AT_name("handle")
     114                      .dwattr $C$DW$20, DW_AT_TI_symbol_name("_handle")
     115                      .dwattr $C$DW$20, DW_AT_type(*$C$DW$T$36)
     116                      .dwattr $C$DW$20, DW_AT_location[DW_OP_reg12]
     117              
     118              $C$DW$21        .dwtag  DW_TAG_formal_parameter
     119                      .dwattr $C$DW$21, DW_AT_name("offsetValue")
     120                      .dwattr $C$DW$21, DW_AT_TI_symbol_name("_offsetValue")
     121                      .dwattr $C$DW$21, DW_AT_type(*$C$DW$T$21)
     122                      .dwattr $C$DW$21, DW_AT_location[DW_OP_reg0]
     123              
     124              
     125              ;***************************************************************
     126              ;* FNAME: _OFFSET_setOffset             FR SIZE:   0           *
     127              ;*                                                             *
     128              ;* FUNCTION ENVIRONMENT                                        *
     129              ;*                                                             *
     130              ;* FUNCTION PROPERTIES                                         *
     131              ;*                            0 Parameter,  0 Auto,  0 SOE     *
     132              ;***************************************************************
     133              
     134              _OFFSET_setOffset:
     135              ;* AR4   assigned to _handle
     136              $C$DW$22        .dwtag  DW_TAG_variable
     137                      .dwattr $C$DW$22, DW_AT_name("handle")
     138                      .dwattr $C$DW$22, DW_AT_TI_symbol_name("_handle")
     139                      .dwattr $C$DW$22, DW_AT_type(*$C$DW$T$37)
     140                      .dwattr $C$DW$22, DW_AT_location[DW_OP_reg12]
     141              
     142              ;* AL    assigned to _offsetValue
     143              $C$DW$23        .dwtag  DW_TAG_variable
     144                      .dwattr $C$DW$23, DW_AT_name("offsetValue")
     145                      .dwattr $C$DW$23, DW_AT_TI_symbol_name("_offsetValue")
     146                      .dwattr $C$DW$23, DW_AT_type(*$C$DW$T$45)
     147                      .dwattr $C$DW$23, DW_AT_location[DW_OP_reg0]
     148              
     149                      .dwcfi  cfa_offset, -2
     150                      .dwcfi  save_reg_to_mem, 26, 0
     151                      .dwpsn  file "D:/GIANT/GIANT_TI_instaspin/motorware/motorware_1_01_00_18/sw/modules/offset/src/32b/of
     152 00000000 1EC4          MOVL      *+XAR4[0],ACC         ; [CPU_ALU] |117| 
     153              $C$DW$24        .dwtag  DW_TAG_TI_branch
     154                      .dwattr $C$DW$24, DW_AT_low_pc(0x00)
     155                      .dwattr $C$DW$24, DW_AT_TI_return
     156              
     157 00000001 0006          LRETR     ; [CPU_ALU] 
     158                      ; return occurs ; [] 
     159                      .dwattr $C$DW$19, DW_AT_TI_end_file("D:/GIANT/GIANT_TI_instaspin/motorware/motorware_1_01_00_18/sw/mo
     160                      .dwattr $C$DW$19, DW_AT_TI_end_line(0x78)
     161                      .dwattr $C$DW$19, DW_AT_TI_end_column(0x01)
     162                      .dwendentry
     163                      .dwendtag $C$DW$19
     164              
     165 00000002               .sect   ".text"
TMS320C2000 Assembler PC v22.6.0 Wed Feb 22 11:37:14 2023

Copyright (c) 1996-2018 Texas Instruments Incorporated
C:\Users\GA5354\AppData\Local\Temp\{2D66FADE-D1B9-4445-B830-97CFC48D181E} PAGE    4

     166                      .clink
     167                      .global _OFFSET_setInitCond
     168              
     169              $C$DW$25        .dwtag  DW_TAG_subprogram
     170                      .dwattr $C$DW$25, DW_AT_name("OFFSET_setInitCond")
     171                      .dwattr $C$DW$25, DW_AT_low_pc(_OFFSET_setInitCond)
     172                      .dwattr $C$DW$25, DW_AT_high_pc(0x00)
     173                      .dwattr $C$DW$25, DW_AT_TI_symbol_name("_OFFSET_setInitCond")
     174                      .dwattr $C$DW$25, DW_AT_external
     175                      .dwattr $C$DW$25, DW_AT_TI_begin_file("D:/GIANT/GIANT_TI_instaspin/motorware/motorware_1_01_00_18/sw/
     176                      .dwattr $C$DW$25, DW_AT_TI_begin_line(0x66)
     177                      .dwattr $C$DW$25, DW_AT_TI_begin_column(0x06)
     178                      .dwattr $C$DW$25, DW_AT_TI_max_frame_size(-8)
     179                      .dwpsn  file "D:/GIANT/GIANT_TI_instaspin/motorware/motorware_1_01_00_18/sw/modules/offset/src/32b/of
     180              
     181                      .dwfde $C$DW$CIE, _OFFSET_setInitCond
     182              $C$DW$26        .dwtag  DW_TAG_formal_parameter
     183                      .dwattr $C$DW$26, DW_AT_name("handle")
     184                      .dwattr $C$DW$26, DW_AT_TI_symbol_name("_handle")
     185                      .dwattr $C$DW$26, DW_AT_type(*$C$DW$T$36)
     186                      .dwattr $C$DW$26, DW_AT_location[DW_OP_reg12]
     187              
     188              $C$DW$27        .dwtag  DW_TAG_formal_parameter
     189                      .dwattr $C$DW$27, DW_AT_name("initCond")
     190                      .dwattr $C$DW$27, DW_AT_TI_symbol_name("_initCond")
     191                      .dwattr $C$DW$27, DW_AT_type(*$C$DW$T$21)
     192                      .dwattr $C$DW$27, DW_AT_location[DW_OP_reg0]
     193              
     194              
     195              ;***************************************************************
     196              ;* FNAME: _OFFSET_setInitCond           FR SIZE:   6           *
     197              ;*                                                             *
     198              ;* FUNCTION ENVIRONMENT                                        *
     199              ;*                                                             *
     200              ;* FUNCTION PROPERTIES                                         *
     201              ;*                            2 Parameter,  0 Auto,  4 SOE     *
     202              ;***************************************************************
     203              
     204              _OFFSET_setInitCond:
     205              ;* AR2   assigned to _handle
     206              $C$DW$28        .dwtag  DW_TAG_variable
     207                      .dwattr $C$DW$28, DW_AT_name("handle")
     208                      .dwattr $C$DW$28, DW_AT_TI_symbol_name("_handle")
     209                      .dwattr $C$DW$28, DW_AT_type(*$C$DW$T$37)
     210                      .dwattr $C$DW$28, DW_AT_location[DW_OP_reg8]
     211              
     212              ;* AR1   assigned to _initCond
     213              $C$DW$29        .dwtag  DW_TAG_variable
     214                      .dwattr $C$DW$29, DW_AT_name("initCond")
     215                      .dwattr $C$DW$29, DW_AT_TI_symbol_name("_initCond")
     216                      .dwattr $C$DW$29, DW_AT_type(*$C$DW$T$45)
     217                      .dwattr $C$DW$29, DW_AT_location[DW_OP_reg6]
     218              
     219                      .dwcfi  cfa_offset, -2
     220                      .dwcfi  save_reg_to_mem, 26, 0
TMS320C2000 Assembler PC v22.6.0 Wed Feb 22 11:37:14 2023

Copyright (c) 1996-2018 Texas Instruments Incorporated
C:\Users\GA5354\AppData\Local\Temp\{2D66FADE-D1B9-4445-B830-97CFC48D181E} PAGE    5

     221 00000002 B2BD          MOVL      *SP++,XAR1            ; [CPU_ALU] 
     222                      .dwcfi  save_reg_to_mem, 7, 2
     223                      .dwcfi  cfa_offset, -4
     224 00000003 AABD          MOVL      *SP++,XAR2            ; [CPU_ALU] 
     225                      .dwcfi  save_reg_to_mem, 9, 4
     226                      .dwcfi  cfa_offset, -6
     227 00000004 FE02          ADDB      SP,#2                 ; [CPU_ARAU] 
     228                      .dwcfi  cfa_offset, -8
     229 00000005 86A4          MOVL      XAR2,XAR4             ; [CPU_ALU] |103| 
     230                      .dwpsn  file "D:/GIANT/GIANT_TI_instaspin/motorware/motorware_1_01_00_18/sw/modules/offset/src/32b/of
     231 00000006 D00C          MOVB      XAR0,#12              ; [CPU_ALU] |106| 
     232                      .dwpsn  file "D:/GIANT/GIANT_TI_instaspin/motorware/motorware_1_01_00_18/sw/modules/offset/src/32b/of
     233 00000007 8BA9          MOVL      XAR1,ACC              ; [CPU_ALU] |103| 
     234                      .dwpsn  file "D:/GIANT/GIANT_TI_instaspin/motorware/motorware_1_01_00_18/sw/modules/offset/src/32b/of
     235 00000008 1E42          MOVL      *-SP[2],ACC           ; [CPU_ALU] |106| 
     236 00000009 8A92          MOVL      XAR4,*+XAR2[AR0]      ; [CPU_ALU] |106| 
     237              $C$DW$30        .dwtag  DW_TAG_TI_branch
     238                      .dwattr $C$DW$30, DW_AT_low_pc(0x00)
     239                      .dwattr $C$DW$30, DW_AT_name("_FILTER_FO_setInitialConditions")
     240                      .dwattr $C$DW$30, DW_AT_TI_call
     241              
     242 0000000a 7640!         LCR       #_FILTER_FO_setInitialConditions ; [CPU_ALU] |106| 
         0000000b 0000 
     243                      ; call occurs [#_FILTER_FO_setInitialConditions] ; [] |106| 
     244 0000000c FE82          SUBB      SP,#2                 ; [CPU_ARAU] 
     245                      .dwcfi  cfa_offset, -6
     246                      .dwpsn  file "D:/GIANT/GIANT_TI_instaspin/motorware/motorware_1_01_00_18/sw/modules/offset/src/32b/of
     247 0000000d B2C2          MOVL      *+XAR2[0],XAR1        ; [CPU_ALU] |107| 
     248 0000000e 86BE          MOVL      XAR2,*--SP            ; [CPU_ALU] 
     249                      .dwcfi  cfa_offset, -4
     250                      .dwcfi  restore_reg, 9
     251 0000000f 8BBE          MOVL      XAR1,*--SP            ; [CPU_ALU] 
     252                      .dwcfi  cfa_offset, -2
     253                      .dwcfi  restore_reg, 7
     254              $C$DW$31        .dwtag  DW_TAG_TI_branch
     255                      .dwattr $C$DW$31, DW_AT_low_pc(0x00)
     256                      .dwattr $C$DW$31, DW_AT_TI_return
     257              
     258 00000010 0006          LRETR     ; [CPU_ALU] 
     259                      ; return occurs ; [] 
     260                      .dwattr $C$DW$25, DW_AT_TI_end_file("D:/GIANT/GIANT_TI_instaspin/motorware/motorware_1_01_00_18/sw/mo
     261                      .dwattr $C$DW$25, DW_AT_TI_end_line(0x6e)
     262                      .dwattr $C$DW$25, DW_AT_TI_end_column(0x01)
     263                      .dwendentry
     264                      .dwendtag $C$DW$25
     265              
     266 00000011               .sect   ".text"
     267                      .clink
     268                      .global _OFFSET_setBeta
     269              
     270              $C$DW$32        .dwtag  DW_TAG_subprogram
     271                      .dwattr $C$DW$32, DW_AT_name("OFFSET_setBeta")
     272                      .dwattr $C$DW$32, DW_AT_low_pc(_OFFSET_setBeta)
     273                      .dwattr $C$DW$32, DW_AT_high_pc(0x00)
     274                      .dwattr $C$DW$32, DW_AT_TI_symbol_name("_OFFSET_setBeta")
TMS320C2000 Assembler PC v22.6.0 Wed Feb 22 11:37:14 2023

Copyright (c) 1996-2018 Texas Instruments Incorporated
C:\Users\GA5354\AppData\Local\Temp\{2D66FADE-D1B9-4445-B830-97CFC48D181E} PAGE    6

     275                      .dwattr $C$DW$32, DW_AT_external
     276                      .dwattr $C$DW$32, DW_AT_TI_begin_file("D:/GIANT/GIANT_TI_instaspin/motorware/motorware_1_01_00_18/sw/
     277                      .dwattr $C$DW$32, DW_AT_TI_begin_line(0x58)
     278                      .dwattr $C$DW$32, DW_AT_TI_begin_column(0x06)
     279                      .dwattr $C$DW$32, DW_AT_TI_max_frame_size(-8)
     280                      .dwpsn  file "D:/GIANT/GIANT_TI_instaspin/motorware/motorware_1_01_00_18/sw/modules/offset/src/32b/of
     281              
     282                      .dwfde $C$DW$CIE, _OFFSET_setBeta
     283              $C$DW$33        .dwtag  DW_TAG_formal_parameter
     284                      .dwattr $C$DW$33, DW_AT_name("handle")
     285                      .dwattr $C$DW$33, DW_AT_TI_symbol_name("_handle")
     286                      .dwattr $C$DW$33, DW_AT_type(*$C$DW$T$36)
     287                      .dwattr $C$DW$33, DW_AT_location[DW_OP_reg12]
     288              
     289              $C$DW$34        .dwtag  DW_TAG_formal_parameter
     290                      .dwattr $C$DW$34, DW_AT_name("beta")
     291                      .dwattr $C$DW$34, DW_AT_TI_symbol_name("_beta")
     292                      .dwattr $C$DW$34, DW_AT_type(*$C$DW$T$21)
     293                      .dwattr $C$DW$34, DW_AT_location[DW_OP_reg0]
     294              
     295              
     296              ;***************************************************************
     297              ;* FNAME: _OFFSET_setBeta               FR SIZE:   6           *
     298              ;*                                                             *
     299              ;* FUNCTION ENVIRONMENT                                        *
     300              ;*                                                             *
     301              ;* FUNCTION PROPERTIES                                         *
     302              ;*                            2 Parameter,  0 Auto,  4 SOE     *
     303              ;***************************************************************
     304              
     305              _OFFSET_setBeta:
     306              ;* AR1   assigned to _handle
     307              $C$DW$35        .dwtag  DW_TAG_variable
     308                      .dwattr $C$DW$35, DW_AT_name("handle")
     309                      .dwattr $C$DW$35, DW_AT_TI_symbol_name("_handle")
     310                      .dwattr $C$DW$35, DW_AT_type(*$C$DW$T$37)
     311                      .dwattr $C$DW$35, DW_AT_location[DW_OP_reg6]
     312              
     313              ;* AR2   assigned to _beta
     314              $C$DW$36        .dwtag  DW_TAG_variable
     315                      .dwattr $C$DW$36, DW_AT_name("beta")
     316                      .dwattr $C$DW$36, DW_AT_TI_symbol_name("_beta")
     317                      .dwattr $C$DW$36, DW_AT_type(*$C$DW$T$45)
     318                      .dwattr $C$DW$36, DW_AT_location[DW_OP_reg8]
     319              
     320                      .dwcfi  cfa_offset, -2
     321                      .dwcfi  save_reg_to_mem, 26, 0
     322 00000011 B2BD          MOVL      *SP++,XAR1            ; [CPU_ALU] 
     323                      .dwcfi  save_reg_to_mem, 7, 2
     324                      .dwcfi  cfa_offset, -4
     325 00000012 AABD          MOVL      *SP++,XAR2            ; [CPU_ALU] 
     326                      .dwcfi  save_reg_to_mem, 9, 4
     327                      .dwcfi  cfa_offset, -6
     328 00000013 FE02          ADDB      SP,#2                 ; [CPU_ARAU] 
     329                      .dwcfi  cfa_offset, -8
TMS320C2000 Assembler PC v22.6.0 Wed Feb 22 11:37:14 2023

Copyright (c) 1996-2018 Texas Instruments Incorporated
C:\Users\GA5354\AppData\Local\Temp\{2D66FADE-D1B9-4445-B830-97CFC48D181E} PAGE    7

     330 00000014 8BA4          MOVL      XAR1,XAR4             ; [CPU_ALU] |89| 
     331                      .dwpsn  file "D:/GIANT/GIANT_TI_instaspin/motorware/motorware_1_01_00_18/sw/modules/offset/src/32b/of
     332 00000015 D00C          MOVB      XAR0,#12              ; [CPU_ALU] |95| 
     333                      .dwpsn  file "D:/GIANT/GIANT_TI_instaspin/motorware/motorware_1_01_00_18/sw/modules/offset/src/32b/of
     334 00000016 86A9          MOVL      XAR2,ACC              ; [CPU_ALU] |89| 
     335                      .dwpsn  file "D:/GIANT/GIANT_TI_instaspin/motorware/motorware_1_01_00_18/sw/modules/offset/src/32b/of
     336 00000017 FF0F          SUB       ACC,#512 << 15        ; [CPU_ALU] |95| 
         00000018 0200 
     337 00000019 8A91          MOVL      XAR4,*+XAR1[AR0]      ; [CPU_ALU] |95| 
     338              $C$DW$37        .dwtag  DW_TAG_TI_branch
     339                      .dwattr $C$DW$37, DW_AT_low_pc(0x00)
     340                      .dwattr $C$DW$37, DW_AT_name("_FILTER_FO_setDenCoeffs")
     341                      .dwattr $C$DW$37, DW_AT_TI_call
     342              
     343 0000001a 7640!         LCR       #_FILTER_FO_setDenCoeffs ; [CPU_ALU] |95| 
         0000001b 0000 
     344                      ; call occurs [#_FILTER_FO_setDenCoeffs] ; [] |95| 
     345                      .dwpsn  file "D:/GIANT/GIANT_TI_instaspin/motorware/motorware_1_01_00_18/sw/modules/offset/src/32b/of
     346 0000001c 0200          MOVB      ACC,#0                ; [CPU_ALU] |96| 
     347 0000001d D00C          MOVB      XAR0,#12              ; [CPU_ALU] |96| 
     348 0000001e 1E42          MOVL      *-SP[2],ACC           ; [CPU_ALU] |96| 
     349 0000001f AAA9          MOVL      ACC,XAR2              ; [CPU_ALU] |96| 
     350 00000020 8A91          MOVL      XAR4,*+XAR1[AR0]      ; [CPU_ALU] |96| 
     351              $C$DW$38        .dwtag  DW_TAG_TI_branch
     352                      .dwattr $C$DW$38, DW_AT_low_pc(0x00)
     353                      .dwattr $C$DW$38, DW_AT_name("_FILTER_FO_setNumCoeffs")
     354                      .dwattr $C$DW$38, DW_AT_TI_call
     355              
     356 00000021 7640!         LCR       #_FILTER_FO_setNumCoeffs ; [CPU_ALU] |96| 
         00000022 0000 
     357                      ; call occurs [#_FILTER_FO_setNumCoeffs] ; [] |96| 
     358 00000023 FE82          SUBB      SP,#2                 ; [CPU_ARAU] 
     359                      .dwcfi  cfa_offset, -6
     360 00000024 86BE          MOVL      XAR2,*--SP            ; [CPU_ALU] 
     361                      .dwcfi  cfa_offset, -4
     362                      .dwcfi  restore_reg, 9
     363 00000025 8BBE          MOVL      XAR1,*--SP            ; [CPU_ALU] 
     364                      .dwcfi  cfa_offset, -2
     365                      .dwcfi  restore_reg, 7
     366              $C$DW$39        .dwtag  DW_TAG_TI_branch
     367                      .dwattr $C$DW$39, DW_AT_low_pc(0x00)
     368                      .dwattr $C$DW$39, DW_AT_TI_return
     369              
     370 00000026 0006          LRETR     ; [CPU_ALU] 
     371                      ; return occurs ; [] 
     372                      .dwattr $C$DW$32, DW_AT_TI_end_file("D:/GIANT/GIANT_TI_instaspin/motorware/motorware_1_01_00_18/sw/mo
     373                      .dwattr $C$DW$32, DW_AT_TI_end_line(0x63)
     374                      .dwattr $C$DW$32, DW_AT_TI_end_column(0x01)
     375                      .dwendentry
     376                      .dwendtag $C$DW$32
     377              
     378 00000027               .sect   ".text"
     379                      .clink
     380                      .global _OFFSET_init
     381              
TMS320C2000 Assembler PC v22.6.0 Wed Feb 22 11:37:14 2023

Copyright (c) 1996-2018 Texas Instruments Incorporated
C:\Users\GA5354\AppData\Local\Temp\{2D66FADE-D1B9-4445-B830-97CFC48D181E} PAGE    8

     382              $C$DW$40        .dwtag  DW_TAG_subprogram
     383                      .dwattr $C$DW$40, DW_AT_name("OFFSET_init")
     384                      .dwattr $C$DW$40, DW_AT_low_pc(_OFFSET_init)
     385                      .dwattr $C$DW$40, DW_AT_high_pc(0x00)
     386                      .dwattr $C$DW$40, DW_AT_TI_symbol_name("_OFFSET_init")
     387                      .dwattr $C$DW$40, DW_AT_external
     388                      .dwattr $C$DW$40, DW_AT_type(*$C$DW$T$36)
     389                      .dwattr $C$DW$40, DW_AT_TI_begin_file("D:/GIANT/GIANT_TI_instaspin/motorware/motorware_1_01_00_18/sw/
     390                      .dwattr $C$DW$40, DW_AT_TI_begin_line(0x46)
     391                      .dwattr $C$DW$40, DW_AT_TI_begin_column(0x0f)
     392                      .dwattr $C$DW$40, DW_AT_TI_max_frame_size(-4)
     393                      .dwpsn  file "D:/GIANT/GIANT_TI_instaspin/motorware/motorware_1_01_00_18/sw/modules/offset/src/32b/of
     394              
     395                      .dwfde $C$DW$CIE, _OFFSET_init
     396              $C$DW$41        .dwtag  DW_TAG_formal_parameter
     397                      .dwattr $C$DW$41, DW_AT_name("pMemory")
     398                      .dwattr $C$DW$41, DW_AT_TI_symbol_name("_pMemory")
     399                      .dwattr $C$DW$41, DW_AT_type(*$C$DW$T$3)
     400                      .dwattr $C$DW$41, DW_AT_location[DW_OP_reg12]
     401              
     402              $C$DW$42        .dwtag  DW_TAG_formal_parameter
     403                      .dwattr $C$DW$42, DW_AT_name("numBytes")
     404                      .dwattr $C$DW$42, DW_AT_TI_symbol_name("_numBytes")
     405                      .dwattr $C$DW$42, DW_AT_type(*$C$DW$T$28)
     406                      .dwattr $C$DW$42, DW_AT_location[DW_OP_reg0]
     407              
     408              
     409              ;***************************************************************
     410              ;* FNAME: _OFFSET_init                  FR SIZE:   2           *
     411              ;*                                                             *
     412              ;* FUNCTION ENVIRONMENT                                        *
     413              ;*                                                             *
     414              ;* FUNCTION PROPERTIES                                         *
     415              ;*                            0 Parameter,  0 Auto,  2 SOE     *
     416              ;***************************************************************
     417              
     418              _OFFSET_init:
     419              ;* AR1   assigned to _pMemory
     420              $C$DW$43        .dwtag  DW_TAG_variable
     421                      .dwattr $C$DW$43, DW_AT_name("pMemory")
     422                      .dwattr $C$DW$43, DW_AT_TI_symbol_name("_pMemory")
     423                      .dwattr $C$DW$43, DW_AT_type(*$C$DW$T$41)
     424                      .dwattr $C$DW$43, DW_AT_location[DW_OP_reg6]
     425              
     426              ;* AR6   assigned to _numBytes
     427              $C$DW$44        .dwtag  DW_TAG_variable
     428                      .dwattr $C$DW$44, DW_AT_name("numBytes")
     429                      .dwattr $C$DW$44, DW_AT_TI_symbol_name("_numBytes")
     430                      .dwattr $C$DW$44, DW_AT_type(*$C$DW$T$29)
     431                      .dwattr $C$DW$44, DW_AT_location[DW_OP_reg16]
     432              
     433                      .dwcfi  cfa_offset, -2
     434                      .dwcfi  save_reg_to_mem, 26, 0
     435 00000027 1EA6          MOVL      XAR6,ACC              ; [CPU_ALU] |71| 
     436 00000028 B2BD          MOVL      *SP++,XAR1            ; [CPU_ALU] 
TMS320C2000 Assembler PC v22.6.0 Wed Feb 22 11:37:14 2023

Copyright (c) 1996-2018 Texas Instruments Incorporated
C:\Users\GA5354\AppData\Local\Temp\{2D66FADE-D1B9-4445-B830-97CFC48D181E} PAGE    9

     437                      .dwcfi  save_reg_to_mem, 7, 2
     438                      .dwcfi  cfa_offset, -4
     439                      .dwpsn  file "D:/GIANT/GIANT_TI_instaspin/motorware/motorware_1_01_00_18/sw/modules/offset/src/32b/of
     440 00000029 020E          MOVB      ACC,#14               ; [CPU_ALU] |75| 
     441                      .dwpsn  file "D:/GIANT/GIANT_TI_instaspin/motorware/motorware_1_01_00_18/sw/modules/offset/src/32b/of
     442 0000002a 8BA4          MOVL      XAR1,XAR4             ; [CPU_ALU] |71| 
     443                      .dwpsn  file "D:/GIANT/GIANT_TI_instaspin/motorware/motorware_1_01_00_18/sw/modules/offset/src/32b/of
     444 0000002b 0FA6          CMPL      ACC,XAR6              ; [CPU_ALU] |75| 
     445 0000002c 6903          B         $C$L1,LOS             ; [CPU_ALU] |75| 
     446                      ; branchcc occurs ; [] |75| 
     447                      .dwpsn  file "D:/GIANT/GIANT_TI_instaspin/motorware/motorware_1_01_00_18/sw/modules/offset/src/32b/of
     448 0000002d D100          MOVB      XAR1,#0               ; [CPU_ALU] |76| 
     449 0000002e 6F07          B         $C$L2,UNC             ; [CPU_ALU] |76| 
     450                      ; branch occurs ; [] |76| 
     451 0000002f       $C$L1:    
     452                      .dwpsn  file "D:/GIANT/GIANT_TI_instaspin/motorware/motorware_1_01_00_18/sw/modules/offset/src/32b/of
     453 0000002f DC02          ADDB      XAR4,#2               ; [CPU_ALU] |82| 
     454 00000030 020A          MOVB      ACC,#10               ; [CPU_ALU] |82| 
     455              $C$DW$45        .dwtag  DW_TAG_TI_branch
     456                      .dwattr $C$DW$45, DW_AT_low_pc(0x00)
     457                      .dwattr $C$DW$45, DW_AT_name("_FILTER_FO_init")
     458                      .dwattr $C$DW$45, DW_AT_TI_call
     459              
     460 00000031 7640!         LCR       #_FILTER_FO_init      ; [CPU_ALU] |82| 
         00000032 0000 
     461                      ; call occurs [#_FILTER_FO_init] ; [] |82| 
     462 00000033 D00C          MOVB      XAR0,#12              ; [CPU_ALU] |82| 
     463 00000034 A891          MOVL      *+XAR1[AR0],XAR4      ; [CPU_ALU] |82| 
     464 00000035       $C$L2:    
     465                      .dwpsn  file "D:/GIANT/GIANT_TI_instaspin/motorware/motorware_1_01_00_18/sw/modules/offset/src/32b/of
     466 00000035 8AA1          MOVL      XAR4,XAR1             ; [CPU_ALU] |84| 
     467 00000036 8BBE          MOVL      XAR1,*--SP            ; [CPU_ALU] |84| 
     468                      .dwcfi  cfa_offset, -2
     469                      .dwcfi  restore_reg, 7
     470              $C$DW$46        .dwtag  DW_TAG_TI_branch
     471                      .dwattr $C$DW$46, DW_AT_low_pc(0x00)
     472                      .dwattr $C$DW$46, DW_AT_TI_return
     473              
     474 00000037 0006          LRETR     ; [CPU_ALU] 
     475                      ; return occurs ; [] 
     476                      .dwattr $C$DW$40, DW_AT_TI_end_file("D:/GIANT/GIANT_TI_instaspin/motorware/motorware_1_01_00_18/sw/mo
     477                      .dwattr $C$DW$40, DW_AT_TI_end_line(0x55)
     478                      .dwattr $C$DW$40, DW_AT_TI_end_column(0x01)
     479                      .dwendentry
     480                      .dwendtag $C$DW$40
     481              
     482 00000038               .sect   ".text"
     483                      .clink
     484                      .global _OFFSET_getBeta
     485              
     486              $C$DW$47        .dwtag  DW_TAG_subprogram
     487                      .dwattr $C$DW$47, DW_AT_name("OFFSET_getBeta")
     488                      .dwattr $C$DW$47, DW_AT_low_pc(_OFFSET_getBeta)
     489                      .dwattr $C$DW$47, DW_AT_high_pc(0x00)
     490                      .dwattr $C$DW$47, DW_AT_TI_symbol_name("_OFFSET_getBeta")
TMS320C2000 Assembler PC v22.6.0 Wed Feb 22 11:37:14 2023

Copyright (c) 1996-2018 Texas Instruments Incorporated
C:\Users\GA5354\AppData\Local\Temp\{2D66FADE-D1B9-4445-B830-97CFC48D181E} PAGE   10

     491                      .dwattr $C$DW$47, DW_AT_external
     492                      .dwattr $C$DW$47, DW_AT_type(*$C$DW$T$21)
     493                      .dwattr $C$DW$47, DW_AT_TI_begin_file("D:/GIANT/GIANT_TI_instaspin/motorware/motorware_1_01_00_18/sw/
     494                      .dwattr $C$DW$47, DW_AT_TI_begin_line(0x3a)
     495                      .dwattr $C$DW$47, DW_AT_TI_begin_column(0x05)
     496                      .dwattr $C$DW$47, DW_AT_TI_max_frame_size(-8)
     497                      .dwpsn  file "D:/GIANT/GIANT_TI_instaspin/motorware/motorware_1_01_00_18/sw/modules/offset/src/32b/of
     498              
     499                      .dwfde $C$DW$CIE, _OFFSET_getBeta
     500              $C$DW$48        .dwtag  DW_TAG_formal_parameter
     501                      .dwattr $C$DW$48, DW_AT_name("handle")
     502                      .dwattr $C$DW$48, DW_AT_TI_symbol_name("_handle")
     503                      .dwattr $C$DW$48, DW_AT_type(*$C$DW$T$36)
     504                      .dwattr $C$DW$48, DW_AT_location[DW_OP_reg12]
     505              
     506              
     507              ;***************************************************************
     508              ;* FNAME: _OFFSET_getBeta               FR SIZE:   6           *
     509              ;*                                                             *
     510              ;* FUNCTION ENVIRONMENT                                        *
     511              ;*                                                             *
     512              ;* FUNCTION PROPERTIES                                         *
     513              ;*                            2 Parameter,  4 Auto,  0 SOE     *
     514              ;***************************************************************
     515              
     516              _OFFSET_getBeta:
     517              $C$DW$49        .dwtag  DW_TAG_variable
     518                      .dwattr $C$DW$49, DW_AT_name("b0")
     519                      .dwattr $C$DW$49, DW_AT_TI_symbol_name("_b0")
     520                      .dwattr $C$DW$49, DW_AT_type(*$C$DW$T$21)
     521                      .dwattr $C$DW$49, DW_AT_location[DW_OP_breg20 -4]
     522              
     523              $C$DW$50        .dwtag  DW_TAG_variable
     524                      .dwattr $C$DW$50, DW_AT_name("b1")
     525                      .dwattr $C$DW$50, DW_AT_TI_symbol_name("_b1")
     526                      .dwattr $C$DW$50, DW_AT_type(*$C$DW$T$21)
     527                      .dwattr $C$DW$50, DW_AT_location[DW_OP_breg20 -6]
     528              
     529              ;* AR4   assigned to _handle
     530              $C$DW$51        .dwtag  DW_TAG_variable
     531                      .dwattr $C$DW$51, DW_AT_name("handle")
     532                      .dwattr $C$DW$51, DW_AT_TI_symbol_name("_handle")
     533                      .dwattr $C$DW$51, DW_AT_type(*$C$DW$T$37)
     534                      .dwattr $C$DW$51, DW_AT_location[DW_OP_reg12]
     535              
     536                      .dwcfi  cfa_offset, -2
     537                      .dwcfi  save_reg_to_mem, 26, 0
     538 00000038 FE06          ADDB      SP,#6                 ; [CPU_ARAU] 
     539                      .dwcfi  cfa_offset, -8
     540                      .dwpsn  file "D:/GIANT/GIANT_TI_instaspin/motorware/motorware_1_01_00_18/sw/modules/offset/src/32b/of
     541 00000039 5DAD          MOVZ      AR5,SP                ; [CPU_ALU] |64| 
     542 0000003a DD86          SUBB      XAR5,#6               ; [CPU_ARAU] |64| 
     543 0000003b 0EA5          MOVU      ACC,AR5               ; [CPU_ALU] |64| 
     544 0000003c 5DAD          MOVZ      AR5,SP                ; [CPU_ALU] |64| 
     545 0000003d D00C          MOVB      XAR0,#12              ; [CPU_ALU] |64| 
TMS320C2000 Assembler PC v22.6.0 Wed Feb 22 11:37:14 2023

Copyright (c) 1996-2018 Texas Instruments Incorporated
C:\Users\GA5354\AppData\Local\Temp\{2D66FADE-D1B9-4445-B830-97CFC48D181E} PAGE   11

     546 0000003e 1E42          MOVL      *-SP[2],ACC           ; [CPU_ALU] |64| 
     547 0000003f 8A94          MOVL      XAR4,*+XAR4[AR0]      ; [CPU_ALU] |64| 
     548 00000040 DD84          SUBB      XAR5,#4               ; [CPU_ARAU] |64| 
     549 00000041 5DA5          MOVZ      AR5,AR5               ; [CPU_ALU] |64| 
     550              $C$DW$52        .dwtag  DW_TAG_TI_branch
     551                      .dwattr $C$DW$52, DW_AT_low_pc(0x00)
     552                      .dwattr $C$DW$52, DW_AT_name("_FILTER_FO_getNumCoeffs")
     553                      .dwattr $C$DW$52, DW_AT_TI_call
     554              
     555 00000042 7640!         LCR       #_FILTER_FO_getNumCoeffs ; [CPU_ALU] |64| 
         00000043 0000 
     556                      ; call occurs [#_FILTER_FO_getNumCoeffs] ; [] |64| 
     557                      .dwpsn  file "D:/GIANT/GIANT_TI_instaspin/motorware/motorware_1_01_00_18/sw/modules/offset/src/32b/of
     558 00000044 0644          MOVL      ACC,*-SP[4]           ; [CPU_ALU] |66| 
     559 00000045 FE86          SUBB      SP,#6                 ; [CPU_ARAU] 
     560                      .dwcfi  cfa_offset, -2
     561              $C$DW$53        .dwtag  DW_TAG_TI_branch
     562                      .dwattr $C$DW$53, DW_AT_low_pc(0x00)
     563                      .dwattr $C$DW$53, DW_AT_TI_return
     564              
     565 00000046 0006          LRETR     ; [CPU_ALU] 
     566                      ; return occurs ; [] 
     567                      .dwattr $C$DW$47, DW_AT_TI_end_file("D:/GIANT/GIANT_TI_instaspin/motorware/motorware_1_01_00_18/sw/mo
     568                      .dwattr $C$DW$47, DW_AT_TI_end_line(0x43)
     569                      .dwattr $C$DW$47, DW_AT_TI_end_column(0x01)
     570                      .dwendentry
     571                      .dwendtag $C$DW$47
     572              
     573              ;**************************************************************
     574              ;* UNDEFINED EXTERNAL REFERENCES                              *
     575              ;**************************************************************
     576                      .global _FILTER_FO_getNumCoeffs
     577                      .global _FILTER_FO_setDenCoeffs
     578                      .global _FILTER_FO_setNumCoeffs
     579                      .global _FILTER_FO_setInitialConditions
     580                      .global _FILTER_FO_init
     581              
     582              ;***************************************************************
     583              ;* TYPE INFORMATION                                            *
     584              ;***************************************************************
     585              
     586              $C$DW$T$22      .dwtag  DW_TAG_structure_type
     587                      .dwattr $C$DW$T$22, DW_AT_name("_FILTER_FO_")
     588                      .dwattr $C$DW$T$22, DW_AT_byte_size(0x0a)
     589              $C$DW$54        .dwtag  DW_TAG_member
     590                      .dwattr $C$DW$54, DW_AT_type(*$C$DW$T$21)
     591                      .dwattr $C$DW$54, DW_AT_name("a1")
     592                      .dwattr $C$DW$54, DW_AT_TI_symbol_name("_a1")
     593                      .dwattr $C$DW$54, DW_AT_data_member_location[DW_OP_plus_uconst 0x0]
     594                      .dwattr $C$DW$54, DW_AT_accessibility(DW_ACCESS_public)
     595              
     596              $C$DW$55        .dwtag  DW_TAG_member
     597                      .dwattr $C$DW$55, DW_AT_type(*$C$DW$T$21)
     598                      .dwattr $C$DW$55, DW_AT_name("b0")
     599                      .dwattr $C$DW$55, DW_AT_TI_symbol_name("_b0")
TMS320C2000 Assembler PC v22.6.0 Wed Feb 22 11:37:14 2023

Copyright (c) 1996-2018 Texas Instruments Incorporated
C:\Users\GA5354\AppData\Local\Temp\{2D66FADE-D1B9-4445-B830-97CFC48D181E} PAGE   12

     600                      .dwattr $C$DW$55, DW_AT_data_member_location[DW_OP_plus_uconst 0x2]
     601                      .dwattr $C$DW$55, DW_AT_accessibility(DW_ACCESS_public)
     602              
     603              $C$DW$56        .dwtag  DW_TAG_member
     604                      .dwattr $C$DW$56, DW_AT_type(*$C$DW$T$21)
     605                      .dwattr $C$DW$56, DW_AT_name("b1")
     606                      .dwattr $C$DW$56, DW_AT_TI_symbol_name("_b1")
     607                      .dwattr $C$DW$56, DW_AT_data_member_location[DW_OP_plus_uconst 0x4]
     608                      .dwattr $C$DW$56, DW_AT_accessibility(DW_ACCESS_public)
     609              
     610              $C$DW$57        .dwtag  DW_TAG_member
     611                      .dwattr $C$DW$57, DW_AT_type(*$C$DW$T$21)
     612                      .dwattr $C$DW$57, DW_AT_name("x1")
     613                      .dwattr $C$DW$57, DW_AT_TI_symbol_name("_x1")
     614                      .dwattr $C$DW$57, DW_AT_data_member_location[DW_OP_plus_uconst 0x6]
     615                      .dwattr $C$DW$57, DW_AT_accessibility(DW_ACCESS_public)
     616              
     617              $C$DW$58        .dwtag  DW_TAG_member
     618                      .dwattr $C$DW$58, DW_AT_type(*$C$DW$T$21)
     619                      .dwattr $C$DW$58, DW_AT_name("y1")
     620                      .dwattr $C$DW$58, DW_AT_TI_symbol_name("_y1")
     621                      .dwattr $C$DW$58, DW_AT_data_member_location[DW_OP_plus_uconst 0x8]
     622                      .dwattr $C$DW$58, DW_AT_accessibility(DW_ACCESS_public)
     623              
     624                      .dwendtag $C$DW$T$22
     625              
     626              $C$DW$T$23      .dwtag  DW_TAG_typedef
     627                      .dwattr $C$DW$T$23, DW_AT_name("FILTER_FO_Obj")
     628                      .dwattr $C$DW$T$23, DW_AT_type(*$C$DW$T$22)
     629                      .dwattr $C$DW$T$23, DW_AT_language(DW_LANG_C)
     630              
     631              
     632              $C$DW$T$19      .dwtag  DW_TAG_structure_type
     633                      .dwattr $C$DW$T$19, DW_AT_name("_FILTER_FO_Obj_")
     634                      .dwattr $C$DW$T$19, DW_AT_declaration
     635                      .dwendtag $C$DW$T$19
     636              
     637              $C$DW$T$24      .dwtag  DW_TAG_pointer_type
     638                      .dwattr $C$DW$T$24, DW_AT_type(*$C$DW$T$19)
     639                      .dwattr $C$DW$T$24, DW_AT_address_class(0x20)
     640              
     641              $C$DW$T$25      .dwtag  DW_TAG_typedef
     642                      .dwattr $C$DW$T$25, DW_AT_name("FILTER_FO_Handle")
     643                      .dwattr $C$DW$T$25, DW_AT_type(*$C$DW$T$24)
     644                      .dwattr $C$DW$T$25, DW_AT_language(DW_LANG_C)
     645              
     646              
     647              $C$DW$T$26      .dwtag  DW_TAG_structure_type
     648                      .dwattr $C$DW$T$26, DW_AT_name("_OFFSET_")
     649                      .dwattr $C$DW$T$26, DW_AT_byte_size(0x0e)
     650              $C$DW$59        .dwtag  DW_TAG_member
     651                      .dwattr $C$DW$59, DW_AT_type(*$C$DW$T$21)
     652                      .dwattr $C$DW$59, DW_AT_name("value")
     653                      .dwattr $C$DW$59, DW_AT_TI_symbol_name("_value")
     654                      .dwattr $C$DW$59, DW_AT_data_member_location[DW_OP_plus_uconst 0x0]
TMS320C2000 Assembler PC v22.6.0 Wed Feb 22 11:37:14 2023

Copyright (c) 1996-2018 Texas Instruments Incorporated
C:\Users\GA5354\AppData\Local\Temp\{2D66FADE-D1B9-4445-B830-97CFC48D181E} PAGE   13

     655                      .dwattr $C$DW$59, DW_AT_accessibility(DW_ACCESS_public)
     656              
     657              $C$DW$60        .dwtag  DW_TAG_member
     658                      .dwattr $C$DW$60, DW_AT_type(*$C$DW$T$23)
     659                      .dwattr $C$DW$60, DW_AT_name("filter")
     660                      .dwattr $C$DW$60, DW_AT_TI_symbol_name("_filter")
     661                      .dwattr $C$DW$60, DW_AT_data_member_location[DW_OP_plus_uconst 0x2]
     662                      .dwattr $C$DW$60, DW_AT_accessibility(DW_ACCESS_public)
     663              
     664              $C$DW$61        .dwtag  DW_TAG_member
     665                      .dwattr $C$DW$61, DW_AT_type(*$C$DW$T$25)
     666                      .dwattr $C$DW$61, DW_AT_name("filterHandle")
     667                      .dwattr $C$DW$61, DW_AT_TI_symbol_name("_filterHandle")
     668                      .dwattr $C$DW$61, DW_AT_data_member_location[DW_OP_plus_uconst 0xc]
     669                      .dwattr $C$DW$61, DW_AT_accessibility(DW_ACCESS_public)
     670              
     671                      .dwendtag $C$DW$T$26
     672              
     673              $C$DW$T$33      .dwtag  DW_TAG_typedef
     674                      .dwattr $C$DW$T$33, DW_AT_name("OFFSET_Obj")
     675                      .dwattr $C$DW$T$33, DW_AT_type(*$C$DW$T$26)
     676                      .dwattr $C$DW$T$33, DW_AT_language(DW_LANG_C)
     677              
     678              
     679              $C$DW$T$20      .dwtag  DW_TAG_structure_type
     680                      .dwattr $C$DW$T$20, DW_AT_name("_OFFSET_Obj_")
     681                      .dwattr $C$DW$T$20, DW_AT_declaration
     682                      .dwendtag $C$DW$T$20
     683              
     684              $C$DW$T$35      .dwtag  DW_TAG_pointer_type
     685                      .dwattr $C$DW$T$35, DW_AT_type(*$C$DW$T$20)
     686                      .dwattr $C$DW$T$35, DW_AT_address_class(0x20)
     687              
     688              $C$DW$T$36      .dwtag  DW_TAG_typedef
     689                      .dwattr $C$DW$T$36, DW_AT_name("OFFSET_Handle")
     690                      .dwattr $C$DW$T$36, DW_AT_type(*$C$DW$T$35)
     691                      .dwattr $C$DW$T$36, DW_AT_language(DW_LANG_C)
     692              
     693              $C$DW$62        .dwtag  DW_TAG_TI_far_type
     694                      .dwattr $C$DW$62, DW_AT_type(*$C$DW$T$36)
     695              
     696              $C$DW$T$37      .dwtag  DW_TAG_const_type
     697                      .dwattr $C$DW$T$37, DW_AT_type(*$C$DW$62)
     698              
     699              $C$DW$T$2       .dwtag  DW_TAG_unspecified_type
     700                      .dwattr $C$DW$T$2, DW_AT_name("void")
     701              
     702              $C$DW$T$3       .dwtag  DW_TAG_pointer_type
     703                      .dwattr $C$DW$T$3, DW_AT_type(*$C$DW$T$2)
     704                      .dwattr $C$DW$T$3, DW_AT_address_class(0x20)
     705              
     706              $C$DW$63        .dwtag  DW_TAG_TI_far_type
     707                      .dwattr $C$DW$63, DW_AT_type(*$C$DW$T$3)
     708              
     709              $C$DW$T$41      .dwtag  DW_TAG_const_type
TMS320C2000 Assembler PC v22.6.0 Wed Feb 22 11:37:14 2023

Copyright (c) 1996-2018 Texas Instruments Incorporated
C:\Users\GA5354\AppData\Local\Temp\{2D66FADE-D1B9-4445-B830-97CFC48D181E} PAGE   14

     710                      .dwattr $C$DW$T$41, DW_AT_type(*$C$DW$63)
     711              
     712              $C$DW$T$4       .dwtag  DW_TAG_base_type
     713                      .dwattr $C$DW$T$4, DW_AT_encoding(DW_ATE_boolean)
     714                      .dwattr $C$DW$T$4, DW_AT_name("bool")
     715                      .dwattr $C$DW$T$4, DW_AT_byte_size(0x01)
     716              
     717              $C$DW$T$5       .dwtag  DW_TAG_base_type
     718                      .dwattr $C$DW$T$5, DW_AT_encoding(DW_ATE_signed_char)
     719                      .dwattr $C$DW$T$5, DW_AT_name("signed char")
     720                      .dwattr $C$DW$T$5, DW_AT_byte_size(0x01)
     721              
     722              $C$DW$T$6       .dwtag  DW_TAG_base_type
     723                      .dwattr $C$DW$T$6, DW_AT_encoding(DW_ATE_unsigned_char)
     724                      .dwattr $C$DW$T$6, DW_AT_name("unsigned char")
     725                      .dwattr $C$DW$T$6, DW_AT_byte_size(0x01)
     726              
     727              $C$DW$T$7       .dwtag  DW_TAG_base_type
     728                      .dwattr $C$DW$T$7, DW_AT_encoding(DW_ATE_signed_char)
     729                      .dwattr $C$DW$T$7, DW_AT_name("wchar_t")
     730                      .dwattr $C$DW$T$7, DW_AT_byte_size(0x01)
     731              
     732              $C$DW$T$8       .dwtag  DW_TAG_base_type
     733                      .dwattr $C$DW$T$8, DW_AT_encoding(DW_ATE_signed)
     734                      .dwattr $C$DW$T$8, DW_AT_name("short")
     735                      .dwattr $C$DW$T$8, DW_AT_byte_size(0x01)
     736              
     737              $C$DW$T$9       .dwtag  DW_TAG_base_type
     738                      .dwattr $C$DW$T$9, DW_AT_encoding(DW_ATE_unsigned)
     739                      .dwattr $C$DW$T$9, DW_AT_name("unsigned short")
     740                      .dwattr $C$DW$T$9, DW_AT_byte_size(0x01)
     741              
     742              $C$DW$T$10      .dwtag  DW_TAG_base_type
     743                      .dwattr $C$DW$T$10, DW_AT_encoding(DW_ATE_signed)
     744                      .dwattr $C$DW$T$10, DW_AT_name("int")
     745                      .dwattr $C$DW$T$10, DW_AT_byte_size(0x01)
     746              
     747              $C$DW$T$11      .dwtag  DW_TAG_base_type
     748                      .dwattr $C$DW$T$11, DW_AT_encoding(DW_ATE_unsigned)
     749                      .dwattr $C$DW$T$11, DW_AT_name("unsigned int")
     750                      .dwattr $C$DW$T$11, DW_AT_byte_size(0x01)
     751              
     752              $C$DW$T$12      .dwtag  DW_TAG_base_type
     753                      .dwattr $C$DW$T$12, DW_AT_encoding(DW_ATE_signed)
     754                      .dwattr $C$DW$T$12, DW_AT_name("long")
     755                      .dwattr $C$DW$T$12, DW_AT_byte_size(0x02)
     756              
     757              $C$DW$T$21      .dwtag  DW_TAG_typedef
     758                      .dwattr $C$DW$T$21, DW_AT_name("_iq")
     759                      .dwattr $C$DW$T$21, DW_AT_type(*$C$DW$T$12)
     760                      .dwattr $C$DW$T$21, DW_AT_language(DW_LANG_C)
     761              
     762              $C$DW$T$42      .dwtag  DW_TAG_pointer_type
     763                      .dwattr $C$DW$T$42, DW_AT_type(*$C$DW$T$21)
     764                      .dwattr $C$DW$T$42, DW_AT_address_class(0x20)
TMS320C2000 Assembler PC v22.6.0 Wed Feb 22 11:37:14 2023

Copyright (c) 1996-2018 Texas Instruments Incorporated
C:\Users\GA5354\AppData\Local\Temp\{2D66FADE-D1B9-4445-B830-97CFC48D181E} PAGE   15

     765              
     766              $C$DW$64        .dwtag  DW_TAG_TI_far_type
     767                      .dwattr $C$DW$64, DW_AT_type(*$C$DW$T$21)
     768              
     769              $C$DW$T$45      .dwtag  DW_TAG_const_type
     770                      .dwattr $C$DW$T$45, DW_AT_type(*$C$DW$64)
     771              
     772              $C$DW$T$13      .dwtag  DW_TAG_base_type
     773                      .dwattr $C$DW$T$13, DW_AT_encoding(DW_ATE_unsigned)
     774                      .dwattr $C$DW$T$13, DW_AT_name("unsigned long")
     775                      .dwattr $C$DW$T$13, DW_AT_byte_size(0x02)
     776              
     777              $C$DW$T$28      .dwtag  DW_TAG_typedef
     778                      .dwattr $C$DW$T$28, DW_AT_name("size_t")
     779                      .dwattr $C$DW$T$28, DW_AT_type(*$C$DW$T$13)
     780                      .dwattr $C$DW$T$28, DW_AT_language(DW_LANG_C)
     781              
     782              $C$DW$65        .dwtag  DW_TAG_TI_far_type
     783                      .dwattr $C$DW$65, DW_AT_type(*$C$DW$T$28)
     784              
     785              $C$DW$T$29      .dwtag  DW_TAG_const_type
     786                      .dwattr $C$DW$T$29, DW_AT_type(*$C$DW$65)
     787              
     788              $C$DW$T$14      .dwtag  DW_TAG_base_type
     789                      .dwattr $C$DW$T$14, DW_AT_encoding(DW_ATE_signed)
     790                      .dwattr $C$DW$T$14, DW_AT_name("long long")
     791                      .dwattr $C$DW$T$14, DW_AT_byte_size(0x04)
     792              
     793              $C$DW$T$15      .dwtag  DW_TAG_base_type
     794                      .dwattr $C$DW$T$15, DW_AT_encoding(DW_ATE_unsigned)
     795                      .dwattr $C$DW$T$15, DW_AT_name("unsigned long long")
     796                      .dwattr $C$DW$T$15, DW_AT_byte_size(0x04)
     797              
     798              $C$DW$T$16      .dwtag  DW_TAG_base_type
     799                      .dwattr $C$DW$T$16, DW_AT_encoding(DW_ATE_float)
     800                      .dwattr $C$DW$T$16, DW_AT_name("float")
     801                      .dwattr $C$DW$T$16, DW_AT_byte_size(0x02)
     802              
     803              $C$DW$T$17      .dwtag  DW_TAG_base_type
     804                      .dwattr $C$DW$T$17, DW_AT_encoding(DW_ATE_float)
     805                      .dwattr $C$DW$T$17, DW_AT_name("double")
     806                      .dwattr $C$DW$T$17, DW_AT_byte_size(0x02)
     807              
     808              $C$DW$T$18      .dwtag  DW_TAG_base_type
     809                      .dwattr $C$DW$T$18, DW_AT_encoding(DW_ATE_float)
     810                      .dwattr $C$DW$T$18, DW_AT_name("long double")
     811                      .dwattr $C$DW$T$18, DW_AT_byte_size(0x04)
     812              
     813                      .dwattr $C$DW$CU, DW_AT_language(DW_LANG_C)
     814              
     815              ;***************************************************************
     816              ;* DWARF CIE ENTRIES                                           *
     817              ;***************************************************************
     818              
     819              $C$DW$CIE       .dwcie 26
TMS320C2000 Assembler PC v22.6.0 Wed Feb 22 11:37:14 2023

Copyright (c) 1996-2018 Texas Instruments Incorporated
C:\Users\GA5354\AppData\Local\Temp\{2D66FADE-D1B9-4445-B830-97CFC48D181E} PAGE   16

     820                      .dwcfi  cfa_register, 20
     821                      .dwcfi  cfa_offset, 0
     822                      .dwcfi  same_value, 28
     823                      .dwcfi  same_value, 6
     824                      .dwcfi  same_value, 7
     825                      .dwcfi  same_value, 8
     826                      .dwcfi  same_value, 9
     827                      .dwcfi  same_value, 10
     828                      .dwcfi  same_value, 11
     829                      .dwendentry
     830              
     831              ;***************************************************************
     832              ;* DWARF REGISTER MAP                                          *
     833              ;***************************************************************
     834              
     835              $C$DW$66        .dwtag  DW_TAG_TI_assign_register
     836                      .dwattr $C$DW$66, DW_AT_name("AL")
     837                      .dwattr $C$DW$66, DW_AT_location[DW_OP_reg0]
     838              
     839              $C$DW$67        .dwtag  DW_TAG_TI_assign_register
     840                      .dwattr $C$DW$67, DW_AT_name("AH")
     841                      .dwattr $C$DW$67, DW_AT_location[DW_OP_reg1]
     842              
     843              $C$DW$68        .dwtag  DW_TAG_TI_assign_register
     844                      .dwattr $C$DW$68, DW_AT_name("PL")
     845                      .dwattr $C$DW$68, DW_AT_location[DW_OP_reg2]
     846              
     847              $C$DW$69        .dwtag  DW_TAG_TI_assign_register
     848                      .dwattr $C$DW$69, DW_AT_name("PH")
     849                      .dwattr $C$DW$69, DW_AT_location[DW_OP_reg3]
     850              
     851              $C$DW$70        .dwtag  DW_TAG_TI_assign_register
     852                      .dwattr $C$DW$70, DW_AT_name("SP")
     853                      .dwattr $C$DW$70, DW_AT_location[DW_OP_reg20]
     854              
     855              $C$DW$71        .dwtag  DW_TAG_TI_assign_register
     856                      .dwattr $C$DW$71, DW_AT_name("XT")
     857                      .dwattr $C$DW$71, DW_AT_location[DW_OP_reg21]
     858              
     859              $C$DW$72        .dwtag  DW_TAG_TI_assign_register
     860                      .dwattr $C$DW$72, DW_AT_name("T")
     861                      .dwattr $C$DW$72, DW_AT_location[DW_OP_reg22]
     862              
     863              $C$DW$73        .dwtag  DW_TAG_TI_assign_register
     864                      .dwattr $C$DW$73, DW_AT_name("ST0")
     865                      .dwattr $C$DW$73, DW_AT_location[DW_OP_reg23]
     866              
     867              $C$DW$74        .dwtag  DW_TAG_TI_assign_register
     868                      .dwattr $C$DW$74, DW_AT_name("ST1")
     869                      .dwattr $C$DW$74, DW_AT_location[DW_OP_reg24]
     870              
     871              $C$DW$75        .dwtag  DW_TAG_TI_assign_register
     872                      .dwattr $C$DW$75, DW_AT_name("PC")
     873                      .dwattr $C$DW$75, DW_AT_location[DW_OP_reg25]
     874              
TMS320C2000 Assembler PC v22.6.0 Wed Feb 22 11:37:14 2023

Copyright (c) 1996-2018 Texas Instruments Incorporated
C:\Users\GA5354\AppData\Local\Temp\{2D66FADE-D1B9-4445-B830-97CFC48D181E} PAGE   17

     875              $C$DW$76        .dwtag  DW_TAG_TI_assign_register
     876                      .dwattr $C$DW$76, DW_AT_name("RPC")
     877                      .dwattr $C$DW$76, DW_AT_location[DW_OP_reg26]
     878              
     879              $C$DW$77        .dwtag  DW_TAG_TI_assign_register
     880                      .dwattr $C$DW$77, DW_AT_name("FP")
     881                      .dwattr $C$DW$77, DW_AT_location[DW_OP_reg28]
     882              
     883              $C$DW$78        .dwtag  DW_TAG_TI_assign_register
     884                      .dwattr $C$DW$78, DW_AT_name("DP")
     885                      .dwattr $C$DW$78, DW_AT_location[DW_OP_reg29]
     886              
     887              $C$DW$79        .dwtag  DW_TAG_TI_assign_register
     888                      .dwattr $C$DW$79, DW_AT_name("SXM")
     889                      .dwattr $C$DW$79, DW_AT_location[DW_OP_reg30]
     890              
     891              $C$DW$80        .dwtag  DW_TAG_TI_assign_register
     892                      .dwattr $C$DW$80, DW_AT_name("PM")
     893                      .dwattr $C$DW$80, DW_AT_location[DW_OP_reg31]
     894              
     895              $C$DW$81        .dwtag  DW_TAG_TI_assign_register
     896                      .dwattr $C$DW$81, DW_AT_name("OVM")
     897                      .dwattr $C$DW$81, DW_AT_location[DW_OP_regx 0x20]
     898              
     899              $C$DW$82        .dwtag  DW_TAG_TI_assign_register
     900                      .dwattr $C$DW$82, DW_AT_name("PAGE0")
     901                      .dwattr $C$DW$82, DW_AT_location[DW_OP_regx 0x21]
     902              
     903              $C$DW$83        .dwtag  DW_TAG_TI_assign_register
     904                      .dwattr $C$DW$83, DW_AT_name("AMODE")
     905                      .dwattr $C$DW$83, DW_AT_location[DW_OP_regx 0x22]
     906              
     907              $C$DW$84        .dwtag  DW_TAG_TI_assign_register
     908                      .dwattr $C$DW$84, DW_AT_name("EALLOW")
     909                      .dwattr $C$DW$84, DW_AT_location[DW_OP_regx 0x4e]
     910              
     911              $C$DW$85        .dwtag  DW_TAG_TI_assign_register
     912                      .dwattr $C$DW$85, DW_AT_name("INTM")
     913                      .dwattr $C$DW$85, DW_AT_location[DW_OP_regx 0x23]
     914              
     915              $C$DW$86        .dwtag  DW_TAG_TI_assign_register
     916                      .dwattr $C$DW$86, DW_AT_name("IFR")
     917                      .dwattr $C$DW$86, DW_AT_location[DW_OP_regx 0x24]
     918              
     919              $C$DW$87        .dwtag  DW_TAG_TI_assign_register
     920                      .dwattr $C$DW$87, DW_AT_name("IER")
     921                      .dwattr $C$DW$87, DW_AT_location[DW_OP_regx 0x25]
     922              
     923              $C$DW$88        .dwtag  DW_TAG_TI_assign_register
     924                      .dwattr $C$DW$88, DW_AT_name("V")
     925                      .dwattr $C$DW$88, DW_AT_location[DW_OP_regx 0x26]
     926              
     927              $C$DW$89        .dwtag  DW_TAG_TI_assign_register
     928                      .dwattr $C$DW$89, DW_AT_name("PSEUDOH")
     929                      .dwattr $C$DW$89, DW_AT_location[DW_OP_regx 0x4c]
TMS320C2000 Assembler PC v22.6.0 Wed Feb 22 11:37:14 2023

Copyright (c) 1996-2018 Texas Instruments Incorporated
C:\Users\GA5354\AppData\Local\Temp\{2D66FADE-D1B9-4445-B830-97CFC48D181E} PAGE   18

     930              
     931              $C$DW$90        .dwtag  DW_TAG_TI_assign_register
     932                      .dwattr $C$DW$90, DW_AT_name("VOL")
     933                      .dwattr $C$DW$90, DW_AT_location[DW_OP_regx 0x4d]
     934              
     935              $C$DW$91        .dwtag  DW_TAG_TI_assign_register
     936                      .dwattr $C$DW$91, DW_AT_name("AR0")
     937                      .dwattr $C$DW$91, DW_AT_location[DW_OP_reg4]
     938              
     939              $C$DW$92        .dwtag  DW_TAG_TI_assign_register
     940                      .dwattr $C$DW$92, DW_AT_name("XAR0")
     941                      .dwattr $C$DW$92, DW_AT_location[DW_OP_reg5]
     942              
     943              $C$DW$93        .dwtag  DW_TAG_TI_assign_register
     944                      .dwattr $C$DW$93, DW_AT_name("AR1")
     945                      .dwattr $C$DW$93, DW_AT_location[DW_OP_reg6]
     946              
     947              $C$DW$94        .dwtag  DW_TAG_TI_assign_register
     948                      .dwattr $C$DW$94, DW_AT_name("XAR1")
     949                      .dwattr $C$DW$94, DW_AT_location[DW_OP_reg7]
     950              
     951              $C$DW$95        .dwtag  DW_TAG_TI_assign_register
     952                      .dwattr $C$DW$95, DW_AT_name("AR2")
     953                      .dwattr $C$DW$95, DW_AT_location[DW_OP_reg8]
     954              
     955              $C$DW$96        .dwtag  DW_TAG_TI_assign_register
     956                      .dwattr $C$DW$96, DW_AT_name("XAR2")
     957                      .dwattr $C$DW$96, DW_AT_location[DW_OP_reg9]
     958              
     959              $C$DW$97        .dwtag  DW_TAG_TI_assign_register
     960                      .dwattr $C$DW$97, DW_AT_name("AR3")
     961                      .dwattr $C$DW$97, DW_AT_location[DW_OP_reg10]
     962              
     963              $C$DW$98        .dwtag  DW_TAG_TI_assign_register
     964                      .dwattr $C$DW$98, DW_AT_name("XAR3")
     965                      .dwattr $C$DW$98, DW_AT_location[DW_OP_reg11]
     966              
     967              $C$DW$99        .dwtag  DW_TAG_TI_assign_register
     968                      .dwattr $C$DW$99, DW_AT_name("AR4")
     969                      .dwattr $C$DW$99, DW_AT_location[DW_OP_reg12]
     970              
     971              $C$DW$100       .dwtag  DW_TAG_TI_assign_register
     972                      .dwattr $C$DW$100, DW_AT_name("XAR4")
     973                      .dwattr $C$DW$100, DW_AT_location[DW_OP_reg13]
     974              
     975              $C$DW$101       .dwtag  DW_TAG_TI_assign_register
     976                      .dwattr $C$DW$101, DW_AT_name("AR5")
     977                      .dwattr $C$DW$101, DW_AT_location[DW_OP_reg14]
     978              
     979              $C$DW$102       .dwtag  DW_TAG_TI_assign_register
     980                      .dwattr $C$DW$102, DW_AT_name("XAR5")
     981                      .dwattr $C$DW$102, DW_AT_location[DW_OP_reg15]
     982              
     983              $C$DW$103       .dwtag  DW_TAG_TI_assign_register
     984                      .dwattr $C$DW$103, DW_AT_name("AR6")
TMS320C2000 Assembler PC v22.6.0 Wed Feb 22 11:37:14 2023

Copyright (c) 1996-2018 Texas Instruments Incorporated
C:\Users\GA5354\AppData\Local\Temp\{2D66FADE-D1B9-4445-B830-97CFC48D181E} PAGE   19

     985                      .dwattr $C$DW$103, DW_AT_location[DW_OP_reg16]
     986              
     987              $C$DW$104       .dwtag  DW_TAG_TI_assign_register
     988                      .dwattr $C$DW$104, DW_AT_name("XAR6")
     989                      .dwattr $C$DW$104, DW_AT_location[DW_OP_reg17]
     990              
     991              $C$DW$105       .dwtag  DW_TAG_TI_assign_register
     992                      .dwattr $C$DW$105, DW_AT_name("AR7")
     993                      .dwattr $C$DW$105, DW_AT_location[DW_OP_reg18]
     994              
     995              $C$DW$106       .dwtag  DW_TAG_TI_assign_register
     996                      .dwattr $C$DW$106, DW_AT_name("XAR7")
     997                      .dwattr $C$DW$106, DW_AT_location[DW_OP_reg19]
     998              
     999                      .dwendtag $C$DW$CU
    1000              

No Assembly Errors, No Assembly Warnings
