TMS320C2000 Assembler PC v22.6.0 Mon Mar  6 12:21:59 2023

Copyright (c) 1996-2018 Texas Instruments Incorporated
C:\Users\User\AppData\Local\Temp\{E842F97B-3128-4870-921A-6090BABC4810} PAGE    1

       1              ;***************************************************************
       2              ;* TMS320C2000 G3 C/C++ Codegen                               PC v22.6.0.LTS *
       3              ;* Date/Time created: Mon Mar  6 12:21:59 2023                 *
       4              ;***************************************************************
       5                      .compiler_opts --abi=coffabi --float_support=softlib --hll_source=on --mem_model:code=flat --mem_mode
       6                      .asg    XAR2, FP
       7              
       8              $C$DW$CU        .dwtag  DW_TAG_compile_unit
       9                      .dwattr $C$DW$CU, DW_AT_name("D:/GIANT/GIANT_TI_instaspin/TI_instaspin_indoor_smart_trainer/motorware
      10                      .dwattr $C$DW$CU, DW_AT_producer("TI TMS320C2000 G3 C/C++ Codegen PC v22.6.0.LTS Copyright (c) 1996-2
      11                      .dwattr $C$DW$CU, DW_AT_TI_version(0x01)
      12                      .dwattr $C$DW$CU, DW_AT_comp_dir("D:\GIANT\GIANT_TI_instaspin\TI_instaspin_indoor_smart_trainer\motor
      13              ;       C:\ti\ccs1220\ccs\tools\compiler\ti-cgt-c2000_22.6.0.LTS\bin\opt2000.exe C:\\Users\\User\\AppData\\Lo
      14              ;       C:\ti\ccs1220\ccs\tools\compiler\ti-cgt-c2000_22.6.0.LTS\bin\ac2000.exe -@C:\\Users\\User\\AppData\\L
      15 00000000               .sect   ".text"
      16                      .clink
      17                      .global _PWR_setNumStandByClocks
      18              
      19              $C$DW$1 .dwtag  DW_TAG_subprogram
      20                      .dwattr $C$DW$1, DW_AT_name("PWR_setNumStandByClocks")
      21                      .dwattr $C$DW$1, DW_AT_low_pc(_PWR_setNumStandByClocks)
      22                      .dwattr $C$DW$1, DW_AT_high_pc(0x00)
      23                      .dwattr $C$DW$1, DW_AT_TI_symbol_name("_PWR_setNumStandByClocks")
      24                      .dwattr $C$DW$1, DW_AT_external
      25                      .dwattr $C$DW$1, DW_AT_TI_begin_file("D:/GIANT/GIANT_TI_instaspin/TI_instaspin_indoor_smart_trainer/m
      26                      .dwattr $C$DW$1, DW_AT_TI_begin_line(0x94)
      27                      .dwattr $C$DW$1, DW_AT_TI_begin_column(0x06)
      28                      .dwattr $C$DW$1, DW_AT_TI_max_frame_size(-2)
      29                      .dwpsn  file "D:/GIANT/GIANT_TI_instaspin/TI_instaspin_indoor_smart_trainer/motorware/motorware_1_01_
      30              
      31                      .dwfde $C$DW$CIE, _PWR_setNumStandByClocks
      32              $C$DW$2 .dwtag  DW_TAG_formal_parameter
      33                      .dwattr $C$DW$2, DW_AT_name("pwrHandle")
      34                      .dwattr $C$DW$2, DW_AT_TI_symbol_name("_pwrHandle")
      35                      .dwattr $C$DW$2, DW_AT_type(*$C$DW$T$32)
      36                      .dwattr $C$DW$2, DW_AT_location[DW_OP_reg12]
      37              
      38              $C$DW$3 .dwtag  DW_TAG_formal_parameter
      39                      .dwattr $C$DW$3, DW_AT_name("numClkCycles")
      40                      .dwattr $C$DW$3, DW_AT_TI_symbol_name("_numClkCycles")
      41                      .dwattr $C$DW$3, DW_AT_type(*$C$DW$T$28)
      42                      .dwattr $C$DW$3, DW_AT_location[DW_OP_reg0]
      43              
      44              
      45              ;***************************************************************
      46              ;* FNAME: _PWR_setNumStandByClocks      FR SIZE:   0           *
      47              ;*                                                             *
      48              ;* FUNCTION ENVIRONMENT                                        *
      49              ;*                                                             *
      50              ;* FUNCTION PROPERTIES                                         *
      51              ;*                            0 Parameter,  0 Auto,  0 SOE     *
      52              ;***************************************************************
      53              
      54              _PWR_setNumStandByClocks:
      55              ;* AR4   assigned to _pwrHandle
TMS320C2000 Assembler PC v22.6.0 Mon Mar  6 12:21:59 2023

Copyright (c) 1996-2018 Texas Instruments Incorporated
C:\Users\User\AppData\Local\Temp\{E842F97B-3128-4870-921A-6090BABC4810} PAGE    2

      56              $C$DW$4 .dwtag  DW_TAG_variable
      57                      .dwattr $C$DW$4, DW_AT_name("pwrHandle")
      58                      .dwattr $C$DW$4, DW_AT_TI_symbol_name("_pwrHandle")
      59                      .dwattr $C$DW$4, DW_AT_type(*$C$DW$T$33)
      60                      .dwattr $C$DW$4, DW_AT_location[DW_OP_reg12]
      61              
      62              ;* AR6   assigned to _numClkCycles
      63              $C$DW$5 .dwtag  DW_TAG_variable
      64                      .dwattr $C$DW$5, DW_AT_name("numClkCycles")
      65                      .dwattr $C$DW$5, DW_AT_TI_symbol_name("_numClkCycles")
      66                      .dwattr $C$DW$5, DW_AT_type(*$C$DW$T$29)
      67                      .dwattr $C$DW$5, DW_AT_location[DW_OP_reg16]
      68              
      69                      .dwcfi  cfa_offset, -2
      70                      .dwcfi  save_reg_to_mem, 26, 0
      71 00000000 88A9          MOVZ      AR6,AL                ; [CPU_ALU] |149| 
      72 00000001 7622   EALLOW
      73                      .dwpsn  file "D:/GIANT/GIANT_TI_instaspin/TI_instaspin_indoor_smart_trainer/motorware/motorware_1_01_
      74 00000002 A8A9          MOVL      ACC,XAR4              ; [CPU_ALU] |156| 
      75 00000003 FF10          ADD       ACC,#26265 << 0       ; [CPU_ALU] |156| 
         00000004 6699 
      76 00000005 83A9          MOVL      XAR5,ACC              ; [CPU_ALU] |156| 
      77                      .dwpsn  file "D:/GIANT/GIANT_TI_instaspin/TI_instaspin_indoor_smart_trainer/motorware/motorware_1_01_
      78 00000006 A8A9          MOVL      ACC,XAR4              ; [CPU_ALU] |159| 
      79 00000007 FF10          ADD       ACC,#26265 << 0       ; [CPU_ALU] |159| 
         00000008 6699 
      80 00000009 8AA9          MOVL      XAR4,ACC              ; [CPU_ALU] |159| 
      81                      .dwpsn  file "D:/GIANT/GIANT_TI_instaspin/TI_instaspin_indoor_smart_trainer/motorware/motorware_1_01_
      82 0000000a 18C5          AND       *+XAR5[0],#0xff03     ; [CPU_ALU] |156| 
         0000000b FF03 
      83                      .dwpsn  file "D:/GIANT/GIANT_TI_instaspin/TI_instaspin_indoor_smart_trainer/motorware/motorware_1_01_
      84 0000000c 92A6          MOV       AL,AR6                ; [CPU_ALU] |159| 
      85 0000000d 98C4          OR        *+XAR4[0],AL          ; [CPU_ALU] |159| 
      86 0000000e 761A   EDIS
      87 0000000f FF69          SPM       #0                    ; [CPU_ALU] 
      88              $C$DW$6 .dwtag  DW_TAG_TI_branch
      89                      .dwattr $C$DW$6, DW_AT_low_pc(0x00)
      90                      .dwattr $C$DW$6, DW_AT_TI_return
      91              
      92 00000010 0006          LRETR     ; [CPU_ALU] 
      93                      ; return occurs ; [] 
      94                      .dwattr $C$DW$1, DW_AT_TI_end_file("D:/GIANT/GIANT_TI_instaspin/TI_instaspin_indoor_smart_trainer/mot
      95                      .dwattr $C$DW$1, DW_AT_TI_end_line(0xa4)
      96                      .dwattr $C$DW$1, DW_AT_TI_end_column(0x01)
      97                      .dwendentry
      98                      .dwendtag $C$DW$1
      99              
     100 00000011               .sect   ".text"
     101                      .clink
     102                      .global _PWR_setLowPowerMode
     103              
     104              $C$DW$7 .dwtag  DW_TAG_subprogram
     105                      .dwattr $C$DW$7, DW_AT_name("PWR_setLowPowerMode")
     106                      .dwattr $C$DW$7, DW_AT_low_pc(_PWR_setLowPowerMode)
     107                      .dwattr $C$DW$7, DW_AT_high_pc(0x00)
TMS320C2000 Assembler PC v22.6.0 Mon Mar  6 12:21:59 2023

Copyright (c) 1996-2018 Texas Instruments Incorporated
C:\Users\User\AppData\Local\Temp\{E842F97B-3128-4870-921A-6090BABC4810} PAGE    3

     108                      .dwattr $C$DW$7, DW_AT_TI_symbol_name("_PWR_setLowPowerMode")
     109                      .dwattr $C$DW$7, DW_AT_external
     110                      .dwattr $C$DW$7, DW_AT_TI_begin_file("D:/GIANT/GIANT_TI_instaspin/TI_instaspin_indoor_smart_trainer/m
     111                      .dwattr $C$DW$7, DW_AT_TI_begin_line(0x80)
     112                      .dwattr $C$DW$7, DW_AT_TI_begin_column(0x06)
     113                      .dwattr $C$DW$7, DW_AT_TI_max_frame_size(-2)
     114                      .dwpsn  file "D:/GIANT/GIANT_TI_instaspin/TI_instaspin_indoor_smart_trainer/motorware/motorware_1_01_
     115              
     116                      .dwfde $C$DW$CIE, _PWR_setLowPowerMode
     117              $C$DW$8 .dwtag  DW_TAG_formal_parameter
     118                      .dwattr $C$DW$8, DW_AT_name("pwrHandle")
     119                      .dwattr $C$DW$8, DW_AT_TI_symbol_name("_pwrHandle")
     120                      .dwattr $C$DW$8, DW_AT_type(*$C$DW$T$32)
     121                      .dwattr $C$DW$8, DW_AT_location[DW_OP_reg12]
     122              
     123              $C$DW$9 .dwtag  DW_TAG_formal_parameter
     124                      .dwattr $C$DW$9, DW_AT_name("lowPowerMode")
     125                      .dwattr $C$DW$9, DW_AT_TI_symbol_name("_lowPowerMode")
     126                      .dwattr $C$DW$9, DW_AT_type(*$C$DW$T$25)
     127                      .dwattr $C$DW$9, DW_AT_location[DW_OP_reg0]
     128              
     129              
     130              ;***************************************************************
     131              ;* FNAME: _PWR_setLowPowerMode          FR SIZE:   0           *
     132              ;*                                                             *
     133              ;* FUNCTION ENVIRONMENT                                        *
     134              ;*                                                             *
     135              ;* FUNCTION PROPERTIES                                         *
     136              ;*                            0 Parameter,  0 Auto,  0 SOE     *
     137              ;***************************************************************
     138              
     139              _PWR_setLowPowerMode:
     140              ;* AR4   assigned to _pwrHandle
     141              $C$DW$10        .dwtag  DW_TAG_variable
     142                      .dwattr $C$DW$10, DW_AT_name("pwrHandle")
     143                      .dwattr $C$DW$10, DW_AT_TI_symbol_name("_pwrHandle")
     144                      .dwattr $C$DW$10, DW_AT_type(*$C$DW$T$33)
     145                      .dwattr $C$DW$10, DW_AT_location[DW_OP_reg12]
     146              
     147              ;* AR6   assigned to _lowPowerMode
     148              $C$DW$11        .dwtag  DW_TAG_variable
     149                      .dwattr $C$DW$11, DW_AT_name("lowPowerMode")
     150                      .dwattr $C$DW$11, DW_AT_TI_symbol_name("_lowPowerMode")
     151                      .dwattr $C$DW$11, DW_AT_type(*$C$DW$T$26)
     152                      .dwattr $C$DW$11, DW_AT_location[DW_OP_reg16]
     153              
     154                      .dwcfi  cfa_offset, -2
     155                      .dwcfi  save_reg_to_mem, 26, 0
     156 00000011 88A9          MOVZ      AR6,AL                ; [CPU_ALU] |129| 
     157 00000012 7622   EALLOW
     158                      .dwpsn  file "D:/GIANT/GIANT_TI_instaspin/TI_instaspin_indoor_smart_trainer/motorware/motorware_1_01_
     159 00000013 A8A9          MOVL      ACC,XAR4              ; [CPU_ALU] |137| 
     160 00000014 FF10          ADD       ACC,#26265 << 0       ; [CPU_ALU] |137| 
         00000015 6699 
     161 00000016 83A9          MOVL      XAR5,ACC              ; [CPU_ALU] |137| 
TMS320C2000 Assembler PC v22.6.0 Mon Mar  6 12:21:59 2023

Copyright (c) 1996-2018 Texas Instruments Incorporated
C:\Users\User\AppData\Local\Temp\{E842F97B-3128-4870-921A-6090BABC4810} PAGE    4

     162                      .dwpsn  file "D:/GIANT/GIANT_TI_instaspin/TI_instaspin_indoor_smart_trainer/motorware/motorware_1_01_
     163 00000017 A8A9          MOVL      ACC,XAR4              ; [CPU_ALU] |140| 
     164 00000018 FF10          ADD       ACC,#26265 << 0       ; [CPU_ALU] |140| 
         00000019 6699 
     165 0000001a 8AA9          MOVL      XAR4,ACC              ; [CPU_ALU] |140| 
     166                      .dwpsn  file "D:/GIANT/GIANT_TI_instaspin/TI_instaspin_indoor_smart_trainer/motorware/motorware_1_01_
     167 0000001b 18C5          AND       *+XAR5[0],#0xfffc     ; [CPU_ALU] |137| 
         0000001c FFFC 
     168                      .dwpsn  file "D:/GIANT/GIANT_TI_instaspin/TI_instaspin_indoor_smart_trainer/motorware/motorware_1_01_
     169 0000001d 92A6          MOV       AL,AR6                ; [CPU_ALU] |140| 
     170 0000001e 98C4          OR        *+XAR4[0],AL          ; [CPU_ALU] |140| 
     171 0000001f 761A   EDIS
     172 00000020 FF69          SPM       #0                    ; [CPU_ALU] 
     173              $C$DW$12        .dwtag  DW_TAG_TI_branch
     174                      .dwattr $C$DW$12, DW_AT_low_pc(0x00)
     175                      .dwattr $C$DW$12, DW_AT_TI_return
     176              
     177 00000021 0006          LRETR     ; [CPU_ALU] 
     178                      ; return occurs ; [] 
     179                      .dwattr $C$DW$7, DW_AT_TI_end_file("D:/GIANT/GIANT_TI_instaspin/TI_instaspin_indoor_smart_trainer/mot
     180                      .dwattr $C$DW$7, DW_AT_TI_end_line(0x91)
     181                      .dwattr $C$DW$7, DW_AT_TI_end_column(0x01)
     182                      .dwendentry
     183                      .dwendtag $C$DW$7
     184              
     185 00000022               .sect   ".text"
     186                      .clink
     187                      .global _PWR_init
     188              
     189              $C$DW$13        .dwtag  DW_TAG_subprogram
     190                      .dwattr $C$DW$13, DW_AT_name("PWR_init")
     191                      .dwattr $C$DW$13, DW_AT_low_pc(_PWR_init)
     192                      .dwattr $C$DW$13, DW_AT_high_pc(0x00)
     193                      .dwattr $C$DW$13, DW_AT_TI_symbol_name("_PWR_init")
     194                      .dwattr $C$DW$13, DW_AT_external
     195                      .dwattr $C$DW$13, DW_AT_type(*$C$DW$T$32)
     196                      .dwattr $C$DW$13, DW_AT_TI_begin_file("D:/GIANT/GIANT_TI_instaspin/TI_instaspin_indoor_smart_trainer/
     197                      .dwattr $C$DW$13, DW_AT_TI_begin_line(0x71)
     198                      .dwattr $C$DW$13, DW_AT_TI_begin_column(0x0c)
     199                      .dwattr $C$DW$13, DW_AT_TI_max_frame_size(-2)
     200                      .dwpsn  file "D:/GIANT/GIANT_TI_instaspin/TI_instaspin_indoor_smart_trainer/motorware/motorware_1_01_
     201              
     202                      .dwfde $C$DW$CIE, _PWR_init
     203              $C$DW$14        .dwtag  DW_TAG_formal_parameter
     204                      .dwattr $C$DW$14, DW_AT_name("pMemory")
     205                      .dwattr $C$DW$14, DW_AT_TI_symbol_name("_pMemory")
     206                      .dwattr $C$DW$14, DW_AT_type(*$C$DW$T$3)
     207                      .dwattr $C$DW$14, DW_AT_location[DW_OP_reg12]
     208              
     209              $C$DW$15        .dwtag  DW_TAG_formal_parameter
     210                      .dwattr $C$DW$15, DW_AT_name("numBytes")
     211                      .dwattr $C$DW$15, DW_AT_TI_symbol_name("_numBytes")
     212                      .dwattr $C$DW$15, DW_AT_type(*$C$DW$T$34)
     213                      .dwattr $C$DW$15, DW_AT_location[DW_OP_reg0]
     214              
TMS320C2000 Assembler PC v22.6.0 Mon Mar  6 12:21:59 2023

Copyright (c) 1996-2018 Texas Instruments Incorporated
C:\Users\User\AppData\Local\Temp\{E842F97B-3128-4870-921A-6090BABC4810} PAGE    5

     215              
     216              ;***************************************************************
     217              ;* FNAME: _PWR_init                     FR SIZE:   0           *
     218              ;*                                                             *
     219              ;* FUNCTION ENVIRONMENT                                        *
     220              ;*                                                             *
     221              ;* FUNCTION PROPERTIES                                         *
     222              ;*                            0 Parameter,  0 Auto,  0 SOE     *
     223              ;***************************************************************
     224              
     225              _PWR_init:
     226              ;* AR6   assigned to _numBytes
     227              $C$DW$16        .dwtag  DW_TAG_variable
     228                      .dwattr $C$DW$16, DW_AT_name("numBytes")
     229                      .dwattr $C$DW$16, DW_AT_TI_symbol_name("_numBytes")
     230                      .dwattr $C$DW$16, DW_AT_type(*$C$DW$T$35)
     231                      .dwattr $C$DW$16, DW_AT_location[DW_OP_reg16]
     232              
     233                      .dwcfi  cfa_offset, -2
     234                      .dwcfi  save_reg_to_mem, 26, 0
     235 00000022 1EA6          MOVL      XAR6,ACC              ; [CPU_ALU] |114| 
     236                      .dwpsn  file "D:/GIANT/GIANT_TI_instaspin/TI_instaspin_indoor_smart_trainer/motorware/motorware_1_01_
     237 00000023 FF20          MOV       ACC,#26266            ; [CPU_ALU] |119| 
         00000024 669A 
     238 00000025 0FA6          CMPL      ACC,XAR6              ; [CPU_ALU] |119| 
     239 00000026 6902          B         $C$L1,LOS             ; [CPU_ALU] |119| 
     240                      ; branchcc occurs ; [] |119| 
     241 00000027 D400          MOVB      XAR4,#0               ; [CPU_ALU] |119| 
     242              $C$L1:    
     243              $C$DW$17        .dwtag  DW_TAG_TI_branch
     244                      .dwattr $C$DW$17, DW_AT_low_pc(0x00)
     245                      .dwattr $C$DW$17, DW_AT_TI_return
     246              
     247 00000028 0006          LRETR     ; [CPU_ALU] 
     248                      ; return occurs ; [] 
     249                      .dwattr $C$DW$13, DW_AT_TI_end_file("D:/GIANT/GIANT_TI_instaspin/TI_instaspin_indoor_smart_trainer/mo
     250                      .dwattr $C$DW$13, DW_AT_TI_end_line(0x7d)
     251                      .dwattr $C$DW$13, DW_AT_TI_end_column(0x01)
     252                      .dwendentry
     253                      .dwendtag $C$DW$13
     254              
     255 00000029               .sect   ".text"
     256                      .clink
     257                      .global _PWR_enableWatchDogInt
     258              
     259              $C$DW$18        .dwtag  DW_TAG_subprogram
     260                      .dwattr $C$DW$18, DW_AT_name("PWR_enableWatchDogInt")
     261                      .dwattr $C$DW$18, DW_AT_low_pc(_PWR_enableWatchDogInt)
     262                      .dwattr $C$DW$18, DW_AT_high_pc(0x00)
     263                      .dwattr $C$DW$18, DW_AT_TI_symbol_name("_PWR_enableWatchDogInt")
     264                      .dwattr $C$DW$18, DW_AT_external
     265                      .dwattr $C$DW$18, DW_AT_TI_begin_file("D:/GIANT/GIANT_TI_instaspin/TI_instaspin_indoor_smart_trainer/
     266                      .dwattr $C$DW$18, DW_AT_TI_begin_line(0x61)
     267                      .dwattr $C$DW$18, DW_AT_TI_begin_column(0x06)
     268                      .dwattr $C$DW$18, DW_AT_TI_max_frame_size(-2)
TMS320C2000 Assembler PC v22.6.0 Mon Mar  6 12:21:59 2023

Copyright (c) 1996-2018 Texas Instruments Incorporated
C:\Users\User\AppData\Local\Temp\{E842F97B-3128-4870-921A-6090BABC4810} PAGE    6

     269                      .dwpsn  file "D:/GIANT/GIANT_TI_instaspin/TI_instaspin_indoor_smart_trainer/motorware/motorware_1_01_
     270              
     271                      .dwfde $C$DW$CIE, _PWR_enableWatchDogInt
     272              $C$DW$19        .dwtag  DW_TAG_formal_parameter
     273                      .dwattr $C$DW$19, DW_AT_name("pwrHandle")
     274                      .dwattr $C$DW$19, DW_AT_TI_symbol_name("_pwrHandle")
     275                      .dwattr $C$DW$19, DW_AT_type(*$C$DW$T$32)
     276                      .dwattr $C$DW$19, DW_AT_location[DW_OP_reg12]
     277              
     278              
     279              ;***************************************************************
     280              ;* FNAME: _PWR_enableWatchDogInt        FR SIZE:   0           *
     281              ;*                                                             *
     282              ;* FUNCTION ENVIRONMENT                                        *
     283              ;*                                                             *
     284              ;* FUNCTION PROPERTIES                                         *
     285              ;*                            0 Parameter,  0 Auto,  0 SOE     *
     286              ;***************************************************************
     287              
     288              _PWR_enableWatchDogInt:
     289              ;* AR4   assigned to _pwrHandle
     290              $C$DW$20        .dwtag  DW_TAG_variable
     291                      .dwattr $C$DW$20, DW_AT_name("pwrHandle")
     292                      .dwattr $C$DW$20, DW_AT_TI_symbol_name("_pwrHandle")
     293                      .dwattr $C$DW$20, DW_AT_type(*$C$DW$T$33)
     294                      .dwattr $C$DW$20, DW_AT_location[DW_OP_reg12]
     295              
     296                      .dwcfi  cfa_offset, -2
     297                      .dwcfi  save_reg_to_mem, 26, 0
     298 00000029 7622   EALLOW
     299                      .dwpsn  file "D:/GIANT/GIANT_TI_instaspin/TI_instaspin_indoor_smart_trainer/motorware/motorware_1_01_
     300 0000002a A8A9          MOVL      ACC,XAR4              ; [CPU_ALU] |105| 
     301 0000002b FF10          ADD       ACC,#26265 << 0       ; [CPU_ALU] |105| 
         0000002c 6699 
     302 0000002d 8AA9          MOVL      XAR4,ACC              ; [CPU_ALU] |105| 
     303 0000002e 1AC4          OR        *+XAR4[0],#0x8000     ; [CPU_ALU] |105| 
         0000002f 8000 
     304 00000030 761A   EDIS
     305 00000031 FF69          SPM       #0                    ; [CPU_ALU] 
     306              $C$DW$21        .dwtag  DW_TAG_TI_branch
     307                      .dwattr $C$DW$21, DW_AT_low_pc(0x00)
     308                      .dwattr $C$DW$21, DW_AT_TI_return
     309              
     310 00000032 0006          LRETR     ; [CPU_ALU] 
     311                      ; return occurs ; [] 
     312                      .dwattr $C$DW$18, DW_AT_TI_end_file("D:/GIANT/GIANT_TI_instaspin/TI_instaspin_indoor_smart_trainer/mo
     313                      .dwattr $C$DW$18, DW_AT_TI_end_line(0x6e)
     314                      .dwattr $C$DW$18, DW_AT_TI_end_column(0x01)
     315                      .dwendentry
     316                      .dwendtag $C$DW$18
     317              
     318 00000033               .sect   ".text"
     319                      .clink
     320                      .global _PWR_enableBrownOutReset
     321              
TMS320C2000 Assembler PC v22.6.0 Mon Mar  6 12:21:59 2023

Copyright (c) 1996-2018 Texas Instruments Incorporated
C:\Users\User\AppData\Local\Temp\{E842F97B-3128-4870-921A-6090BABC4810} PAGE    7

     322              $C$DW$22        .dwtag  DW_TAG_subprogram
     323                      .dwattr $C$DW$22, DW_AT_name("PWR_enableBrownOutReset")
     324                      .dwattr $C$DW$22, DW_AT_low_pc(_PWR_enableBrownOutReset)
     325                      .dwattr $C$DW$22, DW_AT_high_pc(0x00)
     326                      .dwattr $C$DW$22, DW_AT_TI_symbol_name("_PWR_enableBrownOutReset")
     327                      .dwattr $C$DW$22, DW_AT_external
     328                      .dwattr $C$DW$22, DW_AT_TI_begin_file("D:/GIANT/GIANT_TI_instaspin/TI_instaspin_indoor_smart_trainer/
     329                      .dwattr $C$DW$22, DW_AT_TI_begin_line(0x55)
     330                      .dwattr $C$DW$22, DW_AT_TI_begin_column(0x06)
     331                      .dwattr $C$DW$22, DW_AT_TI_max_frame_size(-2)
     332                      .dwpsn  file "D:/GIANT/GIANT_TI_instaspin/TI_instaspin_indoor_smart_trainer/motorware/motorware_1_01_
     333              
     334                      .dwfde $C$DW$CIE, _PWR_enableBrownOutReset
     335              $C$DW$23        .dwtag  DW_TAG_formal_parameter
     336                      .dwattr $C$DW$23, DW_AT_name("pwrHandle")
     337                      .dwattr $C$DW$23, DW_AT_TI_symbol_name("_pwrHandle")
     338                      .dwattr $C$DW$23, DW_AT_type(*$C$DW$T$32)
     339                      .dwattr $C$DW$23, DW_AT_location[DW_OP_reg12]
     340              
     341              
     342              ;***************************************************************
     343              ;* FNAME: _PWR_enableBrownOutReset      FR SIZE:   0           *
     344              ;*                                                             *
     345              ;* FUNCTION ENVIRONMENT                                        *
     346              ;*                                                             *
     347              ;* FUNCTION PROPERTIES                                         *
     348              ;*                            0 Parameter,  0 Auto,  0 SOE     *
     349              ;***************************************************************
     350              
     351              _PWR_enableBrownOutReset:
     352              ;* AR4   assigned to _pwrHandle
     353              $C$DW$24        .dwtag  DW_TAG_variable
     354                      .dwattr $C$DW$24, DW_AT_name("pwrHandle")
     355                      .dwattr $C$DW$24, DW_AT_TI_symbol_name("_pwrHandle")
     356                      .dwattr $C$DW$24, DW_AT_type(*$C$DW$T$33)
     357                      .dwattr $C$DW$24, DW_AT_location[DW_OP_reg12]
     358              
     359                      .dwcfi  cfa_offset, -2
     360                      .dwcfi  save_reg_to_mem, 26, 0
     361                      .dwpsn  file "D:/GIANT/GIANT_TI_instaspin/TI_instaspin_indoor_smart_trainer/motorware/motorware_1_01_
     362 00000033 18C4          AND       *+XAR4[0],#0xfffe     ; [CPU_ALU] |91| 
         00000034 FFFE 
     363              $C$DW$25        .dwtag  DW_TAG_TI_branch
     364                      .dwattr $C$DW$25, DW_AT_low_pc(0x00)
     365                      .dwattr $C$DW$25, DW_AT_TI_return
     366              
     367 00000035 0006          LRETR     ; [CPU_ALU] 
     368                      ; return occurs ; [] 
     369                      .dwattr $C$DW$22, DW_AT_TI_end_file("D:/GIANT/GIANT_TI_instaspin/TI_instaspin_indoor_smart_trainer/mo
     370                      .dwattr $C$DW$22, DW_AT_TI_end_line(0x5e)
     371                      .dwattr $C$DW$22, DW_AT_TI_end_column(0x01)
     372                      .dwendentry
     373                      .dwendtag $C$DW$22
     374              
     375 00000036               .sect   ".text"
TMS320C2000 Assembler PC v22.6.0 Mon Mar  6 12:21:59 2023

Copyright (c) 1996-2018 Texas Instruments Incorporated
C:\Users\User\AppData\Local\Temp\{E842F97B-3128-4870-921A-6090BABC4810} PAGE    8

     376                      .clink
     377                      .global _PWR_disableWatchDogInt
     378              
     379              $C$DW$26        .dwtag  DW_TAG_subprogram
     380                      .dwattr $C$DW$26, DW_AT_name("PWR_disableWatchDogInt")
     381                      .dwattr $C$DW$26, DW_AT_low_pc(_PWR_disableWatchDogInt)
     382                      .dwattr $C$DW$26, DW_AT_high_pc(0x00)
     383                      .dwattr $C$DW$26, DW_AT_TI_symbol_name("_PWR_disableWatchDogInt")
     384                      .dwattr $C$DW$26, DW_AT_external
     385                      .dwattr $C$DW$26, DW_AT_TI_begin_file("D:/GIANT/GIANT_TI_instaspin/TI_instaspin_indoor_smart_trainer/
     386                      .dwattr $C$DW$26, DW_AT_TI_begin_line(0x45)
     387                      .dwattr $C$DW$26, DW_AT_TI_begin_column(0x06)
     388                      .dwattr $C$DW$26, DW_AT_TI_max_frame_size(-2)
     389                      .dwpsn  file "D:/GIANT/GIANT_TI_instaspin/TI_instaspin_indoor_smart_trainer/motorware/motorware_1_01_
     390              
     391                      .dwfde $C$DW$CIE, _PWR_disableWatchDogInt
     392              $C$DW$27        .dwtag  DW_TAG_formal_parameter
     393                      .dwattr $C$DW$27, DW_AT_name("pwrHandle")
     394                      .dwattr $C$DW$27, DW_AT_TI_symbol_name("_pwrHandle")
     395                      .dwattr $C$DW$27, DW_AT_type(*$C$DW$T$32)
     396                      .dwattr $C$DW$27, DW_AT_location[DW_OP_reg12]
     397              
     398              
     399              ;***************************************************************
     400              ;* FNAME: _PWR_disableWatchDogInt       FR SIZE:   0           *
     401              ;*                                                             *
     402              ;* FUNCTION ENVIRONMENT                                        *
     403              ;*                                                             *
     404              ;* FUNCTION PROPERTIES                                         *
     405              ;*                            0 Parameter,  0 Auto,  0 SOE     *
     406              ;***************************************************************
     407              
     408              _PWR_disableWatchDogInt:
     409              ;* AR4   assigned to _pwrHandle
     410              $C$DW$28        .dwtag  DW_TAG_variable
     411                      .dwattr $C$DW$28, DW_AT_name("pwrHandle")
     412                      .dwattr $C$DW$28, DW_AT_TI_symbol_name("_pwrHandle")
     413                      .dwattr $C$DW$28, DW_AT_type(*$C$DW$T$33)
     414                      .dwattr $C$DW$28, DW_AT_location[DW_OP_reg12]
     415              
     416                      .dwcfi  cfa_offset, -2
     417                      .dwcfi  save_reg_to_mem, 26, 0
     418 00000036 7622   EALLOW
     419                      .dwpsn  file "D:/GIANT/GIANT_TI_instaspin/TI_instaspin_indoor_smart_trainer/motorware/motorware_1_01_
     420 00000037 A8A9          MOVL      ACC,XAR4              ; [CPU_ALU] |77| 
     421 00000038 FF10          ADD       ACC,#26265 << 0       ; [CPU_ALU] |77| 
         00000039 6699 
     422 0000003a 8AA9          MOVL      XAR4,ACC              ; [CPU_ALU] |77| 
     423 0000003b 18C4          AND       *+XAR4[0],#0x7fff     ; [CPU_ALU] |77| 
         0000003c 7FFF 
     424 0000003d 761A   EDIS
     425 0000003e FF69          SPM       #0                    ; [CPU_ALU] 
     426              $C$DW$29        .dwtag  DW_TAG_TI_branch
     427                      .dwattr $C$DW$29, DW_AT_low_pc(0x00)
     428                      .dwattr $C$DW$29, DW_AT_TI_return
TMS320C2000 Assembler PC v22.6.0 Mon Mar  6 12:21:59 2023

Copyright (c) 1996-2018 Texas Instruments Incorporated
C:\Users\User\AppData\Local\Temp\{E842F97B-3128-4870-921A-6090BABC4810} PAGE    9

     429              
     430 0000003f 0006          LRETR     ; [CPU_ALU] 
     431                      ; return occurs ; [] 
     432                      .dwattr $C$DW$26, DW_AT_TI_end_file("D:/GIANT/GIANT_TI_instaspin/TI_instaspin_indoor_smart_trainer/mo
     433                      .dwattr $C$DW$26, DW_AT_TI_end_line(0x52)
     434                      .dwattr $C$DW$26, DW_AT_TI_end_column(0x01)
     435                      .dwendentry
     436                      .dwendtag $C$DW$26
     437              
     438 00000040               .sect   ".text"
     439                      .clink
     440                      .global _PWR_disableBrownOutReset
     441              
     442              $C$DW$30        .dwtag  DW_TAG_subprogram
     443                      .dwattr $C$DW$30, DW_AT_name("PWR_disableBrownOutReset")
     444                      .dwattr $C$DW$30, DW_AT_low_pc(_PWR_disableBrownOutReset)
     445                      .dwattr $C$DW$30, DW_AT_high_pc(0x00)
     446                      .dwattr $C$DW$30, DW_AT_TI_symbol_name("_PWR_disableBrownOutReset")
     447                      .dwattr $C$DW$30, DW_AT_external
     448                      .dwattr $C$DW$30, DW_AT_TI_begin_file("D:/GIANT/GIANT_TI_instaspin/TI_instaspin_indoor_smart_trainer/
     449                      .dwattr $C$DW$30, DW_AT_TI_begin_line(0x39)
     450                      .dwattr $C$DW$30, DW_AT_TI_begin_column(0x06)
     451                      .dwattr $C$DW$30, DW_AT_TI_max_frame_size(-2)
     452                      .dwpsn  file "D:/GIANT/GIANT_TI_instaspin/TI_instaspin_indoor_smart_trainer/motorware/motorware_1_01_
     453              
     454                      .dwfde $C$DW$CIE, _PWR_disableBrownOutReset
     455              $C$DW$31        .dwtag  DW_TAG_formal_parameter
     456                      .dwattr $C$DW$31, DW_AT_name("pwrHandle")
     457                      .dwattr $C$DW$31, DW_AT_TI_symbol_name("_pwrHandle")
     458                      .dwattr $C$DW$31, DW_AT_type(*$C$DW$T$32)
     459                      .dwattr $C$DW$31, DW_AT_location[DW_OP_reg12]
     460              
     461              
     462              ;***************************************************************
     463              ;* FNAME: _PWR_disableBrownOutReset     FR SIZE:   0           *
     464              ;*                                                             *
     465              ;* FUNCTION ENVIRONMENT                                        *
     466              ;*                                                             *
     467              ;* FUNCTION PROPERTIES                                         *
     468              ;*                            0 Parameter,  0 Auto,  0 SOE     *
     469              ;***************************************************************
     470              
     471              _PWR_disableBrownOutReset:
     472              ;* AR4   assigned to _pwrHandle
     473              $C$DW$32        .dwtag  DW_TAG_variable
     474                      .dwattr $C$DW$32, DW_AT_name("pwrHandle")
     475                      .dwattr $C$DW$32, DW_AT_TI_symbol_name("_pwrHandle")
     476                      .dwattr $C$DW$32, DW_AT_type(*$C$DW$T$33)
     477                      .dwattr $C$DW$32, DW_AT_location[DW_OP_reg12]
     478              
     479                      .dwcfi  cfa_offset, -2
     480                      .dwcfi  save_reg_to_mem, 26, 0
     481                      .dwpsn  file "D:/GIANT/GIANT_TI_instaspin/TI_instaspin_indoor_smart_trainer/motorware/motorware_1_01_
     482 00000040 1AC4          OR        *+XAR4[0],#0x0001     ; [CPU_ALU] |63| 
         00000041 0001 
TMS320C2000 Assembler PC v22.6.0 Mon Mar  6 12:21:59 2023

Copyright (c) 1996-2018 Texas Instruments Incorporated
C:\Users\User\AppData\Local\Temp\{E842F97B-3128-4870-921A-6090BABC4810} PAGE   10

     483              $C$DW$33        .dwtag  DW_TAG_TI_branch
     484                      .dwattr $C$DW$33, DW_AT_low_pc(0x00)
     485                      .dwattr $C$DW$33, DW_AT_TI_return
     486              
     487 00000042 0006          LRETR     ; [CPU_ALU] 
     488                      ; return occurs ; [] 
     489                      .dwattr $C$DW$30, DW_AT_TI_end_file("D:/GIANT/GIANT_TI_instaspin/TI_instaspin_indoor_smart_trainer/mo
     490                      .dwattr $C$DW$30, DW_AT_TI_end_line(0x42)
     491                      .dwattr $C$DW$30, DW_AT_TI_end_column(0x01)
     492                      .dwendentry
     493                      .dwendtag $C$DW$30
     494              
     495              
     496              ;***************************************************************
     497              ;* TYPE INFORMATION                                            *
     498              ;***************************************************************
     499              
     500              $C$DW$T$24      .dwtag  DW_TAG_enumeration_type
     501                      .dwattr $C$DW$T$24, DW_AT_byte_size(0x01)
     502              $C$DW$34        .dwtag  DW_TAG_enumerator
     503                      .dwattr $C$DW$34, DW_AT_name("PWR_LowPowerMode_Idle")
     504                      .dwattr $C$DW$34, DW_AT_const_value(0x00)
     505              
     506              $C$DW$35        .dwtag  DW_TAG_enumerator
     507                      .dwattr $C$DW$35, DW_AT_name("PWR_LowPowerMode_Standby")
     508                      .dwattr $C$DW$35, DW_AT_const_value(0x01)
     509              
     510              $C$DW$36        .dwtag  DW_TAG_enumerator
     511                      .dwattr $C$DW$36, DW_AT_name("PWR_LowPowerMode_Halt")
     512                      .dwattr $C$DW$36, DW_AT_const_value(0x02)
     513              
     514                      .dwendtag $C$DW$T$24
     515              
     516              $C$DW$T$25      .dwtag  DW_TAG_typedef
     517                      .dwattr $C$DW$T$25, DW_AT_name("PWR_LowPowerMode_e")
     518                      .dwattr $C$DW$T$25, DW_AT_type(*$C$DW$T$24)
     519                      .dwattr $C$DW$T$25, DW_AT_language(DW_LANG_C)
     520              
     521              $C$DW$37        .dwtag  DW_TAG_TI_far_type
     522                      .dwattr $C$DW$37, DW_AT_type(*$C$DW$T$25)
     523              
     524              $C$DW$T$26      .dwtag  DW_TAG_const_type
     525                      .dwattr $C$DW$T$26, DW_AT_type(*$C$DW$37)
     526              
     527              
     528              $C$DW$T$27      .dwtag  DW_TAG_enumeration_type
     529                      .dwattr $C$DW$T$27, DW_AT_byte_size(0x01)
     530              $C$DW$38        .dwtag  DW_TAG_enumerator
     531                      .dwattr $C$DW$38, DW_AT_name("PWR_NumStandByClocks_2")
     532                      .dwattr $C$DW$38, DW_AT_const_value(0x00)
     533              
     534              $C$DW$39        .dwtag  DW_TAG_enumerator
     535                      .dwattr $C$DW$39, DW_AT_name("PWR_NumStandByClocks_3")
     536                      .dwattr $C$DW$39, DW_AT_const_value(0x04)
     537              
TMS320C2000 Assembler PC v22.6.0 Mon Mar  6 12:21:59 2023

Copyright (c) 1996-2018 Texas Instruments Incorporated
C:\Users\User\AppData\Local\Temp\{E842F97B-3128-4870-921A-6090BABC4810} PAGE   11

     538              $C$DW$40        .dwtag  DW_TAG_enumerator
     539                      .dwattr $C$DW$40, DW_AT_name("PWR_NumStandByClocks_4")
     540                      .dwattr $C$DW$40, DW_AT_const_value(0x08)
     541              
     542              $C$DW$41        .dwtag  DW_TAG_enumerator
     543                      .dwattr $C$DW$41, DW_AT_name("PWR_NumStandByClocks_5")
     544                      .dwattr $C$DW$41, DW_AT_const_value(0x0c)
     545              
     546              $C$DW$42        .dwtag  DW_TAG_enumerator
     547                      .dwattr $C$DW$42, DW_AT_name("PWR_NumStandByClocks_6")
     548                      .dwattr $C$DW$42, DW_AT_const_value(0x10)
     549              
     550              $C$DW$43        .dwtag  DW_TAG_enumerator
     551                      .dwattr $C$DW$43, DW_AT_name("PWR_NumStandByClocks_7")
     552                      .dwattr $C$DW$43, DW_AT_const_value(0x14)
     553              
     554              $C$DW$44        .dwtag  DW_TAG_enumerator
     555                      .dwattr $C$DW$44, DW_AT_name("PWR_NumStandByClocks_8")
     556                      .dwattr $C$DW$44, DW_AT_const_value(0x18)
     557              
     558              $C$DW$45        .dwtag  DW_TAG_enumerator
     559                      .dwattr $C$DW$45, DW_AT_name("PWR_NumStandByClocks_9")
     560                      .dwattr $C$DW$45, DW_AT_const_value(0x1c)
     561              
     562              $C$DW$46        .dwtag  DW_TAG_enumerator
     563                      .dwattr $C$DW$46, DW_AT_name("PWR_NumStandByClocks_10")
     564                      .dwattr $C$DW$46, DW_AT_const_value(0x20)
     565              
     566              $C$DW$47        .dwtag  DW_TAG_enumerator
     567                      .dwattr $C$DW$47, DW_AT_name("PWR_NumStandByClocks_11")
     568                      .dwattr $C$DW$47, DW_AT_const_value(0x24)
     569              
     570              $C$DW$48        .dwtag  DW_TAG_enumerator
     571                      .dwattr $C$DW$48, DW_AT_name("PWR_NumStandByClocks_12")
     572                      .dwattr $C$DW$48, DW_AT_const_value(0x28)
     573              
     574              $C$DW$49        .dwtag  DW_TAG_enumerator
     575                      .dwattr $C$DW$49, DW_AT_name("PWR_NumStandByClocks_13")
     576                      .dwattr $C$DW$49, DW_AT_const_value(0x2c)
     577              
     578              $C$DW$50        .dwtag  DW_TAG_enumerator
     579                      .dwattr $C$DW$50, DW_AT_name("PWR_NumStandByClocks_14")
     580                      .dwattr $C$DW$50, DW_AT_const_value(0x30)
     581              
     582              $C$DW$51        .dwtag  DW_TAG_enumerator
     583                      .dwattr $C$DW$51, DW_AT_name("PWR_NumStandByClocks_15")
     584                      .dwattr $C$DW$51, DW_AT_const_value(0x34)
     585              
     586              $C$DW$52        .dwtag  DW_TAG_enumerator
     587                      .dwattr $C$DW$52, DW_AT_name("PWR_NumStandByClocks_16")
     588                      .dwattr $C$DW$52, DW_AT_const_value(0x38)
     589              
     590              $C$DW$53        .dwtag  DW_TAG_enumerator
     591                      .dwattr $C$DW$53, DW_AT_name("PWR_NumStandByClocks_17")
     592                      .dwattr $C$DW$53, DW_AT_const_value(0x3c)
TMS320C2000 Assembler PC v22.6.0 Mon Mar  6 12:21:59 2023

Copyright (c) 1996-2018 Texas Instruments Incorporated
C:\Users\User\AppData\Local\Temp\{E842F97B-3128-4870-921A-6090BABC4810} PAGE   12

     593              
     594              $C$DW$54        .dwtag  DW_TAG_enumerator
     595                      .dwattr $C$DW$54, DW_AT_name("PWR_NumStandByClocks_18")
     596                      .dwattr $C$DW$54, DW_AT_const_value(0x40)
     597              
     598              $C$DW$55        .dwtag  DW_TAG_enumerator
     599                      .dwattr $C$DW$55, DW_AT_name("PWR_NumStandByClocks_19")
     600                      .dwattr $C$DW$55, DW_AT_const_value(0x44)
     601              
     602              $C$DW$56        .dwtag  DW_TAG_enumerator
     603                      .dwattr $C$DW$56, DW_AT_name("PWR_NumStandByClocks_20")
     604                      .dwattr $C$DW$56, DW_AT_const_value(0x48)
     605              
     606              $C$DW$57        .dwtag  DW_TAG_enumerator
     607                      .dwattr $C$DW$57, DW_AT_name("PWR_NumStandByClocks_21")
     608                      .dwattr $C$DW$57, DW_AT_const_value(0x4c)
     609              
     610              $C$DW$58        .dwtag  DW_TAG_enumerator
     611                      .dwattr $C$DW$58, DW_AT_name("PWR_NumStandByClocks_22")
     612                      .dwattr $C$DW$58, DW_AT_const_value(0x50)
     613              
     614              $C$DW$59        .dwtag  DW_TAG_enumerator
     615                      .dwattr $C$DW$59, DW_AT_name("PWR_NumStandByClocks_23")
     616                      .dwattr $C$DW$59, DW_AT_const_value(0x54)
     617              
     618              $C$DW$60        .dwtag  DW_TAG_enumerator
     619                      .dwattr $C$DW$60, DW_AT_name("PWR_NumStandByClocks_24")
     620                      .dwattr $C$DW$60, DW_AT_const_value(0x58)
     621              
     622              $C$DW$61        .dwtag  DW_TAG_enumerator
     623                      .dwattr $C$DW$61, DW_AT_name("PWR_NumStandByClocks_25")
     624                      .dwattr $C$DW$61, DW_AT_const_value(0x5c)
     625              
     626              $C$DW$62        .dwtag  DW_TAG_enumerator
     627                      .dwattr $C$DW$62, DW_AT_name("PWR_NumStandByClocks_26")
     628                      .dwattr $C$DW$62, DW_AT_const_value(0x60)
     629              
     630              $C$DW$63        .dwtag  DW_TAG_enumerator
     631                      .dwattr $C$DW$63, DW_AT_name("PWR_NumStandByClocks_27")
     632                      .dwattr $C$DW$63, DW_AT_const_value(0x64)
     633              
     634              $C$DW$64        .dwtag  DW_TAG_enumerator
     635                      .dwattr $C$DW$64, DW_AT_name("PWR_NumStandByClocks_28")
     636                      .dwattr $C$DW$64, DW_AT_const_value(0x68)
     637              
     638              $C$DW$65        .dwtag  DW_TAG_enumerator
     639                      .dwattr $C$DW$65, DW_AT_name("PWR_NumStandByClocks_29")
     640                      .dwattr $C$DW$65, DW_AT_const_value(0x6c)
     641              
     642              $C$DW$66        .dwtag  DW_TAG_enumerator
     643                      .dwattr $C$DW$66, DW_AT_name("PWR_NumStandByClocks_30")
     644                      .dwattr $C$DW$66, DW_AT_const_value(0x70)
     645              
     646              $C$DW$67        .dwtag  DW_TAG_enumerator
     647                      .dwattr $C$DW$67, DW_AT_name("PWR_NumStandByClocks_31")
TMS320C2000 Assembler PC v22.6.0 Mon Mar  6 12:21:59 2023

Copyright (c) 1996-2018 Texas Instruments Incorporated
C:\Users\User\AppData\Local\Temp\{E842F97B-3128-4870-921A-6090BABC4810} PAGE   13

     648                      .dwattr $C$DW$67, DW_AT_const_value(0x74)
     649              
     650              $C$DW$68        .dwtag  DW_TAG_enumerator
     651                      .dwattr $C$DW$68, DW_AT_name("PWR_NumStandByClocks_32")
     652                      .dwattr $C$DW$68, DW_AT_const_value(0x78)
     653              
     654              $C$DW$69        .dwtag  DW_TAG_enumerator
     655                      .dwattr $C$DW$69, DW_AT_name("PWR_NumStandByClocks_33")
     656                      .dwattr $C$DW$69, DW_AT_const_value(0x7c)
     657              
     658              $C$DW$70        .dwtag  DW_TAG_enumerator
     659                      .dwattr $C$DW$70, DW_AT_name("PWR_NumStandByClocks_34")
     660                      .dwattr $C$DW$70, DW_AT_const_value(0x80)
     661              
     662              $C$DW$71        .dwtag  DW_TAG_enumerator
     663                      .dwattr $C$DW$71, DW_AT_name("PWR_NumStandByClocks_35")
     664                      .dwattr $C$DW$71, DW_AT_const_value(0x84)
     665              
     666              $C$DW$72        .dwtag  DW_TAG_enumerator
     667                      .dwattr $C$DW$72, DW_AT_name("PWR_NumStandByClocks_36")
     668                      .dwattr $C$DW$72, DW_AT_const_value(0x88)
     669              
     670              $C$DW$73        .dwtag  DW_TAG_enumerator
     671                      .dwattr $C$DW$73, DW_AT_name("PWR_NumStandByClocks_37")
     672                      .dwattr $C$DW$73, DW_AT_const_value(0x8c)
     673              
     674              $C$DW$74        .dwtag  DW_TAG_enumerator
     675                      .dwattr $C$DW$74, DW_AT_name("PWR_NumStandByClocks_38")
     676                      .dwattr $C$DW$74, DW_AT_const_value(0x90)
     677              
     678              $C$DW$75        .dwtag  DW_TAG_enumerator
     679                      .dwattr $C$DW$75, DW_AT_name("PWR_NumStandByClocks_39")
     680                      .dwattr $C$DW$75, DW_AT_const_value(0x94)
     681              
     682              $C$DW$76        .dwtag  DW_TAG_enumerator
     683                      .dwattr $C$DW$76, DW_AT_name("PWR_NumStandByClocks_40")
     684                      .dwattr $C$DW$76, DW_AT_const_value(0x98)
     685              
     686              $C$DW$77        .dwtag  DW_TAG_enumerator
     687                      .dwattr $C$DW$77, DW_AT_name("PWR_NumStandByClocks_41")
     688                      .dwattr $C$DW$77, DW_AT_const_value(0x9c)
     689              
     690              $C$DW$78        .dwtag  DW_TAG_enumerator
     691                      .dwattr $C$DW$78, DW_AT_name("PWR_NumStandByClocks_42")
     692                      .dwattr $C$DW$78, DW_AT_const_value(0xa0)
     693              
     694              $C$DW$79        .dwtag  DW_TAG_enumerator
     695                      .dwattr $C$DW$79, DW_AT_name("PWR_NumStandByClocks_43")
     696                      .dwattr $C$DW$79, DW_AT_const_value(0xa4)
     697              
     698              $C$DW$80        .dwtag  DW_TAG_enumerator
     699                      .dwattr $C$DW$80, DW_AT_name("PWR_NumStandByClocks_44")
     700                      .dwattr $C$DW$80, DW_AT_const_value(0xa8)
     701              
     702              $C$DW$81        .dwtag  DW_TAG_enumerator
TMS320C2000 Assembler PC v22.6.0 Mon Mar  6 12:21:59 2023

Copyright (c) 1996-2018 Texas Instruments Incorporated
C:\Users\User\AppData\Local\Temp\{E842F97B-3128-4870-921A-6090BABC4810} PAGE   14

     703                      .dwattr $C$DW$81, DW_AT_name("PWR_NumStandByClocks_45")
     704                      .dwattr $C$DW$81, DW_AT_const_value(0xac)
     705              
     706              $C$DW$82        .dwtag  DW_TAG_enumerator
     707                      .dwattr $C$DW$82, DW_AT_name("PWR_NumStandByClocks_46")
     708                      .dwattr $C$DW$82, DW_AT_const_value(0xb0)
     709              
     710              $C$DW$83        .dwtag  DW_TAG_enumerator
     711                      .dwattr $C$DW$83, DW_AT_name("PWR_NumStandByClocks_47")
     712                      .dwattr $C$DW$83, DW_AT_const_value(0xb4)
     713              
     714              $C$DW$84        .dwtag  DW_TAG_enumerator
     715                      .dwattr $C$DW$84, DW_AT_name("PWR_NumStandByClocks_48")
     716                      .dwattr $C$DW$84, DW_AT_const_value(0xb8)
     717              
     718              $C$DW$85        .dwtag  DW_TAG_enumerator
     719                      .dwattr $C$DW$85, DW_AT_name("PWR_NumStandByClocks_49")
     720                      .dwattr $C$DW$85, DW_AT_const_value(0xbc)
     721              
     722              $C$DW$86        .dwtag  DW_TAG_enumerator
     723                      .dwattr $C$DW$86, DW_AT_name("PWR_NumStandByClocks_50")
     724                      .dwattr $C$DW$86, DW_AT_const_value(0xc0)
     725              
     726              $C$DW$87        .dwtag  DW_TAG_enumerator
     727                      .dwattr $C$DW$87, DW_AT_name("PWR_NumStandByClocks_51")
     728                      .dwattr $C$DW$87, DW_AT_const_value(0xc4)
     729              
     730              $C$DW$88        .dwtag  DW_TAG_enumerator
     731                      .dwattr $C$DW$88, DW_AT_name("PWR_NumStandByClocks_52")
     732                      .dwattr $C$DW$88, DW_AT_const_value(0xc8)
     733              
     734              $C$DW$89        .dwtag  DW_TAG_enumerator
     735                      .dwattr $C$DW$89, DW_AT_name("PWR_NumStandByClocks_53")
     736                      .dwattr $C$DW$89, DW_AT_const_value(0xcc)
     737              
     738              $C$DW$90        .dwtag  DW_TAG_enumerator
     739                      .dwattr $C$DW$90, DW_AT_name("PWR_NumStandByClocks_54")
     740                      .dwattr $C$DW$90, DW_AT_const_value(0xd0)
     741              
     742              $C$DW$91        .dwtag  DW_TAG_enumerator
     743                      .dwattr $C$DW$91, DW_AT_name("PWR_NumStandByClocks_55")
     744                      .dwattr $C$DW$91, DW_AT_const_value(0xd4)
     745              
     746              $C$DW$92        .dwtag  DW_TAG_enumerator
     747                      .dwattr $C$DW$92, DW_AT_name("PWR_NumStandByClocks_56")
     748                      .dwattr $C$DW$92, DW_AT_const_value(0xd8)
     749              
     750              $C$DW$93        .dwtag  DW_TAG_enumerator
     751                      .dwattr $C$DW$93, DW_AT_name("PWR_NumStandByClocks_57")
     752                      .dwattr $C$DW$93, DW_AT_const_value(0xdc)
     753              
     754              $C$DW$94        .dwtag  DW_TAG_enumerator
     755                      .dwattr $C$DW$94, DW_AT_name("PWR_NumStandByClocks_58")
     756                      .dwattr $C$DW$94, DW_AT_const_value(0xe0)
     757              
TMS320C2000 Assembler PC v22.6.0 Mon Mar  6 12:21:59 2023

Copyright (c) 1996-2018 Texas Instruments Incorporated
C:\Users\User\AppData\Local\Temp\{E842F97B-3128-4870-921A-6090BABC4810} PAGE   15

     758              $C$DW$95        .dwtag  DW_TAG_enumerator
     759                      .dwattr $C$DW$95, DW_AT_name("PWR_NumStandByClocks_59")
     760                      .dwattr $C$DW$95, DW_AT_const_value(0xe4)
     761              
     762              $C$DW$96        .dwtag  DW_TAG_enumerator
     763                      .dwattr $C$DW$96, DW_AT_name("PWR_NumStandByClocks_60")
     764                      .dwattr $C$DW$96, DW_AT_const_value(0xe8)
     765              
     766              $C$DW$97        .dwtag  DW_TAG_enumerator
     767                      .dwattr $C$DW$97, DW_AT_name("PWR_NumStandByClocks_61")
     768                      .dwattr $C$DW$97, DW_AT_const_value(0xec)
     769              
     770              $C$DW$98        .dwtag  DW_TAG_enumerator
     771                      .dwattr $C$DW$98, DW_AT_name("PWR_NumStandByClocks_62")
     772                      .dwattr $C$DW$98, DW_AT_const_value(0xf0)
     773              
     774              $C$DW$99        .dwtag  DW_TAG_enumerator
     775                      .dwattr $C$DW$99, DW_AT_name("PWR_NumStandByClocks_63")
     776                      .dwattr $C$DW$99, DW_AT_const_value(0xf4)
     777              
     778              $C$DW$100       .dwtag  DW_TAG_enumerator
     779                      .dwattr $C$DW$100, DW_AT_name("PWR_NumStandByClocks_64")
     780                      .dwattr $C$DW$100, DW_AT_const_value(0xf8)
     781              
     782              $C$DW$101       .dwtag  DW_TAG_enumerator
     783                      .dwattr $C$DW$101, DW_AT_name("PWR_NumStandByClocks_65")
     784                      .dwattr $C$DW$101, DW_AT_const_value(0xfc)
     785              
     786                      .dwendtag $C$DW$T$27
     787              
     788              $C$DW$T$28      .dwtag  DW_TAG_typedef
     789                      .dwattr $C$DW$T$28, DW_AT_name("PWR_NumStandByClocks_e")
     790                      .dwattr $C$DW$T$28, DW_AT_type(*$C$DW$T$27)
     791                      .dwattr $C$DW$T$28, DW_AT_language(DW_LANG_C)
     792              
     793              $C$DW$102       .dwtag  DW_TAG_TI_far_type
     794                      .dwattr $C$DW$102, DW_AT_type(*$C$DW$T$28)
     795              
     796              $C$DW$T$29      .dwtag  DW_TAG_const_type
     797                      .dwattr $C$DW$T$29, DW_AT_type(*$C$DW$102)
     798              
     799              
     800              $C$DW$T$23      .dwtag  DW_TAG_structure_type
     801                      .dwattr $C$DW$T$23, DW_AT_name("_PWR_Obj_")
     802                      .dwattr $C$DW$T$23, DW_AT_byte_size(0x669a)
     803              $C$DW$103       .dwtag  DW_TAG_member
     804                      .dwattr $C$DW$103, DW_AT_type(*$C$DW$T$21)
     805                      .dwattr $C$DW$103, DW_AT_name("BORCFG")
     806                      .dwattr $C$DW$103, DW_AT_TI_symbol_name("_BORCFG")
     807                      .dwattr $C$DW$103, DW_AT_data_member_location[DW_OP_plus_uconst 0x0]
     808                      .dwattr $C$DW$103, DW_AT_accessibility(DW_ACCESS_public)
     809              
     810              $C$DW$104       .dwtag  DW_TAG_member
     811                      .dwattr $C$DW$104, DW_AT_type(*$C$DW$T$22)
     812                      .dwattr $C$DW$104, DW_AT_name("rsvd_1")
TMS320C2000 Assembler PC v22.6.0 Mon Mar  6 12:21:59 2023

Copyright (c) 1996-2018 Texas Instruments Incorporated
C:\Users\User\AppData\Local\Temp\{E842F97B-3128-4870-921A-6090BABC4810} PAGE   16

     813                      .dwattr $C$DW$104, DW_AT_TI_symbol_name("_rsvd_1")
     814                      .dwattr $C$DW$104, DW_AT_data_member_location[DW_OP_plus_uconst 0x1]
     815                      .dwattr $C$DW$104, DW_AT_accessibility(DW_ACCESS_public)
     816              
     817              $C$DW$105       .dwtag  DW_TAG_member
     818                      .dwattr $C$DW$105, DW_AT_type(*$C$DW$T$21)
     819                      .dwattr $C$DW$105, DW_AT_name("LPMCR0")
     820                      .dwattr $C$DW$105, DW_AT_TI_symbol_name("_LPMCR0")
     821                      .dwattr $C$DW$105, DW_AT_data_member_location[DW_OP_plus_uconst 0x6699]
     822                      .dwattr $C$DW$105, DW_AT_accessibility(DW_ACCESS_public)
     823              
     824                      .dwendtag $C$DW$T$23
     825              
     826              $C$DW$T$30      .dwtag  DW_TAG_typedef
     827                      .dwattr $C$DW$T$30, DW_AT_name("PWR_Obj")
     828                      .dwattr $C$DW$T$30, DW_AT_type(*$C$DW$T$23)
     829                      .dwattr $C$DW$T$30, DW_AT_language(DW_LANG_C)
     830              
     831              $C$DW$T$31      .dwtag  DW_TAG_pointer_type
     832                      .dwattr $C$DW$T$31, DW_AT_type(*$C$DW$T$23)
     833                      .dwattr $C$DW$T$31, DW_AT_address_class(0x20)
     834              
     835              $C$DW$T$32      .dwtag  DW_TAG_typedef
     836                      .dwattr $C$DW$T$32, DW_AT_name("PWR_Handle")
     837                      .dwattr $C$DW$T$32, DW_AT_type(*$C$DW$T$31)
     838                      .dwattr $C$DW$T$32, DW_AT_language(DW_LANG_C)
     839              
     840              $C$DW$106       .dwtag  DW_TAG_TI_far_type
     841                      .dwattr $C$DW$106, DW_AT_type(*$C$DW$T$32)
     842              
     843              $C$DW$T$33      .dwtag  DW_TAG_const_type
     844                      .dwattr $C$DW$T$33, DW_AT_type(*$C$DW$106)
     845              
     846              $C$DW$T$2       .dwtag  DW_TAG_unspecified_type
     847                      .dwattr $C$DW$T$2, DW_AT_name("void")
     848              
     849              $C$DW$T$3       .dwtag  DW_TAG_pointer_type
     850                      .dwattr $C$DW$T$3, DW_AT_type(*$C$DW$T$2)
     851                      .dwattr $C$DW$T$3, DW_AT_address_class(0x20)
     852              
     853              $C$DW$T$4       .dwtag  DW_TAG_base_type
     854                      .dwattr $C$DW$T$4, DW_AT_encoding(DW_ATE_boolean)
     855                      .dwattr $C$DW$T$4, DW_AT_name("bool")
     856                      .dwattr $C$DW$T$4, DW_AT_byte_size(0x01)
     857              
     858              $C$DW$T$5       .dwtag  DW_TAG_base_type
     859                      .dwattr $C$DW$T$5, DW_AT_encoding(DW_ATE_signed_char)
     860                      .dwattr $C$DW$T$5, DW_AT_name("signed char")
     861                      .dwattr $C$DW$T$5, DW_AT_byte_size(0x01)
     862              
     863              $C$DW$T$6       .dwtag  DW_TAG_base_type
     864                      .dwattr $C$DW$T$6, DW_AT_encoding(DW_ATE_unsigned_char)
     865                      .dwattr $C$DW$T$6, DW_AT_name("unsigned char")
     866                      .dwattr $C$DW$T$6, DW_AT_byte_size(0x01)
     867              
TMS320C2000 Assembler PC v22.6.0 Mon Mar  6 12:21:59 2023

Copyright (c) 1996-2018 Texas Instruments Incorporated
C:\Users\User\AppData\Local\Temp\{E842F97B-3128-4870-921A-6090BABC4810} PAGE   17

     868              $C$DW$T$7       .dwtag  DW_TAG_base_type
     869                      .dwattr $C$DW$T$7, DW_AT_encoding(DW_ATE_signed_char)
     870                      .dwattr $C$DW$T$7, DW_AT_name("wchar_t")
     871                      .dwattr $C$DW$T$7, DW_AT_byte_size(0x01)
     872              
     873              $C$DW$T$8       .dwtag  DW_TAG_base_type
     874                      .dwattr $C$DW$T$8, DW_AT_encoding(DW_ATE_signed)
     875                      .dwattr $C$DW$T$8, DW_AT_name("short")
     876                      .dwattr $C$DW$T$8, DW_AT_byte_size(0x01)
     877              
     878              $C$DW$T$9       .dwtag  DW_TAG_base_type
     879                      .dwattr $C$DW$T$9, DW_AT_encoding(DW_ATE_unsigned)
     880                      .dwattr $C$DW$T$9, DW_AT_name("unsigned short")
     881                      .dwattr $C$DW$T$9, DW_AT_byte_size(0x01)
     882              
     883              $C$DW$T$10      .dwtag  DW_TAG_base_type
     884                      .dwattr $C$DW$T$10, DW_AT_encoding(DW_ATE_signed)
     885                      .dwattr $C$DW$T$10, DW_AT_name("int")
     886                      .dwattr $C$DW$T$10, DW_AT_byte_size(0x01)
     887              
     888              $C$DW$T$11      .dwtag  DW_TAG_base_type
     889                      .dwattr $C$DW$T$11, DW_AT_encoding(DW_ATE_unsigned)
     890                      .dwattr $C$DW$T$11, DW_AT_name("unsigned int")
     891                      .dwattr $C$DW$T$11, DW_AT_byte_size(0x01)
     892              
     893              $C$DW$T$19      .dwtag  DW_TAG_typedef
     894                      .dwattr $C$DW$T$19, DW_AT_name("__uint16_t")
     895                      .dwattr $C$DW$T$19, DW_AT_type(*$C$DW$T$11)
     896                      .dwattr $C$DW$T$19, DW_AT_language(DW_LANG_C)
     897              
     898              $C$DW$T$20      .dwtag  DW_TAG_typedef
     899                      .dwattr $C$DW$T$20, DW_AT_name("uint16_t")
     900                      .dwattr $C$DW$T$20, DW_AT_type(*$C$DW$T$19)
     901                      .dwattr $C$DW$T$20, DW_AT_language(DW_LANG_C)
     902              
     903              $C$DW$107       .dwtag  DW_TAG_TI_far_type
     904                      .dwattr $C$DW$107, DW_AT_type(*$C$DW$T$20)
     905              
     906              $C$DW$T$21      .dwtag  DW_TAG_volatile_type
     907                      .dwattr $C$DW$T$21, DW_AT_type(*$C$DW$107)
     908              
     909              
     910              $C$DW$T$22      .dwtag  DW_TAG_array_type
     911                      .dwattr $C$DW$T$22, DW_AT_type(*$C$DW$T$21)
     912                      .dwattr $C$DW$T$22, DW_AT_language(DW_LANG_C)
     913                      .dwattr $C$DW$T$22, DW_AT_byte_size(0x6698)
     914              $C$DW$108       .dwtag  DW_TAG_subrange_type
     915                      .dwattr $C$DW$108, DW_AT_upper_bound(0x6697)
     916              
     917                      .dwendtag $C$DW$T$22
     918              
     919              $C$DW$T$12      .dwtag  DW_TAG_base_type
     920                      .dwattr $C$DW$T$12, DW_AT_encoding(DW_ATE_signed)
     921                      .dwattr $C$DW$T$12, DW_AT_name("long")
     922                      .dwattr $C$DW$T$12, DW_AT_byte_size(0x02)
TMS320C2000 Assembler PC v22.6.0 Mon Mar  6 12:21:59 2023

Copyright (c) 1996-2018 Texas Instruments Incorporated
C:\Users\User\AppData\Local\Temp\{E842F97B-3128-4870-921A-6090BABC4810} PAGE   18

     923              
     924              $C$DW$T$13      .dwtag  DW_TAG_base_type
     925                      .dwattr $C$DW$T$13, DW_AT_encoding(DW_ATE_unsigned)
     926                      .dwattr $C$DW$T$13, DW_AT_name("unsigned long")
     927                      .dwattr $C$DW$T$13, DW_AT_byte_size(0x02)
     928              
     929              $C$DW$T$34      .dwtag  DW_TAG_typedef
     930                      .dwattr $C$DW$T$34, DW_AT_name("size_t")
     931                      .dwattr $C$DW$T$34, DW_AT_type(*$C$DW$T$13)
     932                      .dwattr $C$DW$T$34, DW_AT_language(DW_LANG_C)
     933              
     934              $C$DW$109       .dwtag  DW_TAG_TI_far_type
     935                      .dwattr $C$DW$109, DW_AT_type(*$C$DW$T$34)
     936              
     937              $C$DW$T$35      .dwtag  DW_TAG_const_type
     938                      .dwattr $C$DW$T$35, DW_AT_type(*$C$DW$109)
     939              
     940              $C$DW$T$14      .dwtag  DW_TAG_base_type
     941                      .dwattr $C$DW$T$14, DW_AT_encoding(DW_ATE_signed)
     942                      .dwattr $C$DW$T$14, DW_AT_name("long long")
     943                      .dwattr $C$DW$T$14, DW_AT_byte_size(0x04)
     944              
     945              $C$DW$T$15      .dwtag  DW_TAG_base_type
     946                      .dwattr $C$DW$T$15, DW_AT_encoding(DW_ATE_unsigned)
     947                      .dwattr $C$DW$T$15, DW_AT_name("unsigned long long")
     948                      .dwattr $C$DW$T$15, DW_AT_byte_size(0x04)
     949              
     950              $C$DW$T$16      .dwtag  DW_TAG_base_type
     951                      .dwattr $C$DW$T$16, DW_AT_encoding(DW_ATE_float)
     952                      .dwattr $C$DW$T$16, DW_AT_name("float")
     953                      .dwattr $C$DW$T$16, DW_AT_byte_size(0x02)
     954              
     955              $C$DW$T$17      .dwtag  DW_TAG_base_type
     956                      .dwattr $C$DW$T$17, DW_AT_encoding(DW_ATE_float)
     957                      .dwattr $C$DW$T$17, DW_AT_name("double")
     958                      .dwattr $C$DW$T$17, DW_AT_byte_size(0x02)
     959              
     960              $C$DW$T$18      .dwtag  DW_TAG_base_type
     961                      .dwattr $C$DW$T$18, DW_AT_encoding(DW_ATE_float)
     962                      .dwattr $C$DW$T$18, DW_AT_name("long double")
     963                      .dwattr $C$DW$T$18, DW_AT_byte_size(0x04)
     964              
     965                      .dwattr $C$DW$CU, DW_AT_language(DW_LANG_C)
     966              
     967              ;***************************************************************
     968              ;* DWARF CIE ENTRIES                                           *
     969              ;***************************************************************
     970              
     971              $C$DW$CIE       .dwcie 26
     972                      .dwcfi  cfa_register, 20
     973                      .dwcfi  cfa_offset, 0
     974                      .dwcfi  same_value, 28
     975                      .dwcfi  same_value, 6
     976                      .dwcfi  same_value, 7
     977                      .dwcfi  same_value, 8
TMS320C2000 Assembler PC v22.6.0 Mon Mar  6 12:21:59 2023

Copyright (c) 1996-2018 Texas Instruments Incorporated
C:\Users\User\AppData\Local\Temp\{E842F97B-3128-4870-921A-6090BABC4810} PAGE   19

     978                      .dwcfi  same_value, 9
     979                      .dwcfi  same_value, 10
     980                      .dwcfi  same_value, 11
     981                      .dwendentry
     982              
     983              ;***************************************************************
     984              ;* DWARF REGISTER MAP                                          *
     985              ;***************************************************************
     986              
     987              $C$DW$110       .dwtag  DW_TAG_TI_assign_register
     988                      .dwattr $C$DW$110, DW_AT_name("AL")
     989                      .dwattr $C$DW$110, DW_AT_location[DW_OP_reg0]
     990              
     991              $C$DW$111       .dwtag  DW_TAG_TI_assign_register
     992                      .dwattr $C$DW$111, DW_AT_name("AH")
     993                      .dwattr $C$DW$111, DW_AT_location[DW_OP_reg1]
     994              
     995              $C$DW$112       .dwtag  DW_TAG_TI_assign_register
     996                      .dwattr $C$DW$112, DW_AT_name("PL")
     997                      .dwattr $C$DW$112, DW_AT_location[DW_OP_reg2]
     998              
     999              $C$DW$113       .dwtag  DW_TAG_TI_assign_register
    1000                      .dwattr $C$DW$113, DW_AT_name("PH")
    1001                      .dwattr $C$DW$113, DW_AT_location[DW_OP_reg3]
    1002              
    1003              $C$DW$114       .dwtag  DW_TAG_TI_assign_register
    1004                      .dwattr $C$DW$114, DW_AT_name("SP")
    1005                      .dwattr $C$DW$114, DW_AT_location[DW_OP_reg20]
    1006              
    1007              $C$DW$115       .dwtag  DW_TAG_TI_assign_register
    1008                      .dwattr $C$DW$115, DW_AT_name("XT")
    1009                      .dwattr $C$DW$115, DW_AT_location[DW_OP_reg21]
    1010              
    1011              $C$DW$116       .dwtag  DW_TAG_TI_assign_register
    1012                      .dwattr $C$DW$116, DW_AT_name("T")
    1013                      .dwattr $C$DW$116, DW_AT_location[DW_OP_reg22]
    1014              
    1015              $C$DW$117       .dwtag  DW_TAG_TI_assign_register
    1016                      .dwattr $C$DW$117, DW_AT_name("ST0")
    1017                      .dwattr $C$DW$117, DW_AT_location[DW_OP_reg23]
    1018              
    1019              $C$DW$118       .dwtag  DW_TAG_TI_assign_register
    1020                      .dwattr $C$DW$118, DW_AT_name("ST1")
    1021                      .dwattr $C$DW$118, DW_AT_location[DW_OP_reg24]
    1022              
    1023              $C$DW$119       .dwtag  DW_TAG_TI_assign_register
    1024                      .dwattr $C$DW$119, DW_AT_name("PC")
    1025                      .dwattr $C$DW$119, DW_AT_location[DW_OP_reg25]
    1026              
    1027              $C$DW$120       .dwtag  DW_TAG_TI_assign_register
    1028                      .dwattr $C$DW$120, DW_AT_name("RPC")
    1029                      .dwattr $C$DW$120, DW_AT_location[DW_OP_reg26]
    1030              
    1031              $C$DW$121       .dwtag  DW_TAG_TI_assign_register
    1032                      .dwattr $C$DW$121, DW_AT_name("FP")
TMS320C2000 Assembler PC v22.6.0 Mon Mar  6 12:21:59 2023

Copyright (c) 1996-2018 Texas Instruments Incorporated
C:\Users\User\AppData\Local\Temp\{E842F97B-3128-4870-921A-6090BABC4810} PAGE   20

    1033                      .dwattr $C$DW$121, DW_AT_location[DW_OP_reg28]
    1034              
    1035              $C$DW$122       .dwtag  DW_TAG_TI_assign_register
    1036                      .dwattr $C$DW$122, DW_AT_name("DP")
    1037                      .dwattr $C$DW$122, DW_AT_location[DW_OP_reg29]
    1038              
    1039              $C$DW$123       .dwtag  DW_TAG_TI_assign_register
    1040                      .dwattr $C$DW$123, DW_AT_name("SXM")
    1041                      .dwattr $C$DW$123, DW_AT_location[DW_OP_reg30]
    1042              
    1043              $C$DW$124       .dwtag  DW_TAG_TI_assign_register
    1044                      .dwattr $C$DW$124, DW_AT_name("PM")
    1045                      .dwattr $C$DW$124, DW_AT_location[DW_OP_reg31]
    1046              
    1047              $C$DW$125       .dwtag  DW_TAG_TI_assign_register
    1048                      .dwattr $C$DW$125, DW_AT_name("OVM")
    1049                      .dwattr $C$DW$125, DW_AT_location[DW_OP_regx 0x20]
    1050              
    1051              $C$DW$126       .dwtag  DW_TAG_TI_assign_register
    1052                      .dwattr $C$DW$126, DW_AT_name("PAGE0")
    1053                      .dwattr $C$DW$126, DW_AT_location[DW_OP_regx 0x21]
    1054              
    1055              $C$DW$127       .dwtag  DW_TAG_TI_assign_register
    1056                      .dwattr $C$DW$127, DW_AT_name("AMODE")
    1057                      .dwattr $C$DW$127, DW_AT_location[DW_OP_regx 0x22]
    1058              
    1059              $C$DW$128       .dwtag  DW_TAG_TI_assign_register
    1060                      .dwattr $C$DW$128, DW_AT_name("EALLOW")
    1061                      .dwattr $C$DW$128, DW_AT_location[DW_OP_regx 0x4e]
    1062              
    1063              $C$DW$129       .dwtag  DW_TAG_TI_assign_register
    1064                      .dwattr $C$DW$129, DW_AT_name("INTM")
    1065                      .dwattr $C$DW$129, DW_AT_location[DW_OP_regx 0x23]
    1066              
    1067              $C$DW$130       .dwtag  DW_TAG_TI_assign_register
    1068                      .dwattr $C$DW$130, DW_AT_name("IFR")
    1069                      .dwattr $C$DW$130, DW_AT_location[DW_OP_regx 0x24]
    1070              
    1071              $C$DW$131       .dwtag  DW_TAG_TI_assign_register
    1072                      .dwattr $C$DW$131, DW_AT_name("IER")
    1073                      .dwattr $C$DW$131, DW_AT_location[DW_OP_regx 0x25]
    1074              
    1075              $C$DW$132       .dwtag  DW_TAG_TI_assign_register
    1076                      .dwattr $C$DW$132, DW_AT_name("V")
    1077                      .dwattr $C$DW$132, DW_AT_location[DW_OP_regx 0x26]
    1078              
    1079              $C$DW$133       .dwtag  DW_TAG_TI_assign_register
    1080                      .dwattr $C$DW$133, DW_AT_name("PSEUDOH")
    1081                      .dwattr $C$DW$133, DW_AT_location[DW_OP_regx 0x4c]
    1082              
    1083              $C$DW$134       .dwtag  DW_TAG_TI_assign_register
    1084                      .dwattr $C$DW$134, DW_AT_name("VOL")
    1085                      .dwattr $C$DW$134, DW_AT_location[DW_OP_regx 0x4d]
    1086              
    1087              $C$DW$135       .dwtag  DW_TAG_TI_assign_register
TMS320C2000 Assembler PC v22.6.0 Mon Mar  6 12:21:59 2023

Copyright (c) 1996-2018 Texas Instruments Incorporated
C:\Users\User\AppData\Local\Temp\{E842F97B-3128-4870-921A-6090BABC4810} PAGE   21

    1088                      .dwattr $C$DW$135, DW_AT_name("AR0")
    1089                      .dwattr $C$DW$135, DW_AT_location[DW_OP_reg4]
    1090              
    1091              $C$DW$136       .dwtag  DW_TAG_TI_assign_register
    1092                      .dwattr $C$DW$136, DW_AT_name("XAR0")
    1093                      .dwattr $C$DW$136, DW_AT_location[DW_OP_reg5]
    1094              
    1095              $C$DW$137       .dwtag  DW_TAG_TI_assign_register
    1096                      .dwattr $C$DW$137, DW_AT_name("AR1")
    1097                      .dwattr $C$DW$137, DW_AT_location[DW_OP_reg6]
    1098              
    1099              $C$DW$138       .dwtag  DW_TAG_TI_assign_register
    1100                      .dwattr $C$DW$138, DW_AT_name("XAR1")
    1101                      .dwattr $C$DW$138, DW_AT_location[DW_OP_reg7]
    1102              
    1103              $C$DW$139       .dwtag  DW_TAG_TI_assign_register
    1104                      .dwattr $C$DW$139, DW_AT_name("AR2")
    1105                      .dwattr $C$DW$139, DW_AT_location[DW_OP_reg8]
    1106              
    1107              $C$DW$140       .dwtag  DW_TAG_TI_assign_register
    1108                      .dwattr $C$DW$140, DW_AT_name("XAR2")
    1109                      .dwattr $C$DW$140, DW_AT_location[DW_OP_reg9]
    1110              
    1111              $C$DW$141       .dwtag  DW_TAG_TI_assign_register
    1112                      .dwattr $C$DW$141, DW_AT_name("AR3")
    1113                      .dwattr $C$DW$141, DW_AT_location[DW_OP_reg10]
    1114              
    1115              $C$DW$142       .dwtag  DW_TAG_TI_assign_register
    1116                      .dwattr $C$DW$142, DW_AT_name("XAR3")
    1117                      .dwattr $C$DW$142, DW_AT_location[DW_OP_reg11]
    1118              
    1119              $C$DW$143       .dwtag  DW_TAG_TI_assign_register
    1120                      .dwattr $C$DW$143, DW_AT_name("AR4")
    1121                      .dwattr $C$DW$143, DW_AT_location[DW_OP_reg12]
    1122              
    1123              $C$DW$144       .dwtag  DW_TAG_TI_assign_register
    1124                      .dwattr $C$DW$144, DW_AT_name("XAR4")
    1125                      .dwattr $C$DW$144, DW_AT_location[DW_OP_reg13]
    1126              
    1127              $C$DW$145       .dwtag  DW_TAG_TI_assign_register
    1128                      .dwattr $C$DW$145, DW_AT_name("AR5")
    1129                      .dwattr $C$DW$145, DW_AT_location[DW_OP_reg14]
    1130              
    1131              $C$DW$146       .dwtag  DW_TAG_TI_assign_register
    1132                      .dwattr $C$DW$146, DW_AT_name("XAR5")
    1133                      .dwattr $C$DW$146, DW_AT_location[DW_OP_reg15]
    1134              
    1135              $C$DW$147       .dwtag  DW_TAG_TI_assign_register
    1136                      .dwattr $C$DW$147, DW_AT_name("AR6")
    1137                      .dwattr $C$DW$147, DW_AT_location[DW_OP_reg16]
    1138              
    1139              $C$DW$148       .dwtag  DW_TAG_TI_assign_register
    1140                      .dwattr $C$DW$148, DW_AT_name("XAR6")
    1141                      .dwattr $C$DW$148, DW_AT_location[DW_OP_reg17]
    1142              
TMS320C2000 Assembler PC v22.6.0 Mon Mar  6 12:21:59 2023

Copyright (c) 1996-2018 Texas Instruments Incorporated
C:\Users\User\AppData\Local\Temp\{E842F97B-3128-4870-921A-6090BABC4810} PAGE   22

    1143              $C$DW$149       .dwtag  DW_TAG_TI_assign_register
    1144                      .dwattr $C$DW$149, DW_AT_name("AR7")
    1145                      .dwattr $C$DW$149, DW_AT_location[DW_OP_reg18]
    1146              
    1147              $C$DW$150       .dwtag  DW_TAG_TI_assign_register
    1148                      .dwattr $C$DW$150, DW_AT_name("XAR7")
    1149                      .dwattr $C$DW$150, DW_AT_location[DW_OP_reg19]
    1150              
    1151                      .dwendtag $C$DW$CU
    1152              

No Assembly Errors, No Assembly Warnings
