TMS320C2000 Assembler PC v22.6.0 Mon Mar  6 14:18:46 2023

Copyright (c) 1996-2018 Texas Instruments Incorporated
C:\Users\GA5354\AppData\Local\Temp\{7F391C7F-2C3E-4E60-9A4B-8C204E7BB7EF} PAGE    1

       1              ;***************************************************************
       2              ;* TMS320C2000 G3 C/C++ Codegen                               PC v22.6.0.LTS *
       3              ;* Date/Time created: Mon Mar  6 14:18:46 2023                 *
       4              ;***************************************************************
       5                      .compiler_opts --abi=coffabi --float_support=softlib --hll_source=on --mem_model:code=flat --mem_mode
       6                      .asg    XAR2, FP
       7              
       8              $C$DW$CU        .dwtag  DW_TAG_compile_unit
       9                      .dwattr $C$DW$CU, DW_AT_name("D:/GIANT/TI_instaspin_indoor_smart_trainer/motorware/motorware_1_01_00_
      10                      .dwattr $C$DW$CU, DW_AT_producer("TI TMS320C2000 G3 C/C++ Codegen PC v22.6.0.LTS Copyright (c) 1996-2
      11                      .dwattr $C$DW$CU, DW_AT_TI_version(0x01)
      12                      .dwattr $C$DW$CU, DW_AT_comp_dir("D:\GIANT\TI_instaspin_indoor_smart_trainer\motorware\motorware_1_01
      13              ;       C:\ti\ccs1200\ccs\tools\compiler\ti-cgt-c2000_22.6.0.LTS\bin\opt2000.exe C:\\Users\\GA5354\\AppData\\
      14              ;       C:\ti\ccs1200\ccs\tools\compiler\ti-cgt-c2000_22.6.0.LTS\bin\ac2000.exe -@C:\\Users\\GA5354\\AppData\
      15 00000000               .sect   ".text"
      16                      .clink
      17                      .global _WDOG_setPreScaler
      18              
      19              $C$DW$1 .dwtag  DW_TAG_subprogram
      20                      .dwattr $C$DW$1, DW_AT_name("WDOG_setPreScaler")
      21                      .dwattr $C$DW$1, DW_AT_low_pc(_WDOG_setPreScaler)
      22                      .dwattr $C$DW$1, DW_AT_high_pc(0x00)
      23                      .dwattr $C$DW$1, DW_AT_TI_symbol_name("_WDOG_setPreScaler")
      24                      .dwattr $C$DW$1, DW_AT_external
      25                      .dwattr $C$DW$1, DW_AT_TI_begin_file("D:/GIANT/TI_instaspin_indoor_smart_trainer/motorware/motorware_
      26                      .dwattr $C$DW$1, DW_AT_TI_begin_line(0xdb)
      27                      .dwattr $C$DW$1, DW_AT_TI_begin_column(0x06)
      28                      .dwattr $C$DW$1, DW_AT_TI_max_frame_size(-2)
      29                      .dwpsn  file "D:/GIANT/TI_instaspin_indoor_smart_trainer/motorware/motorware_1_01_00_18/sw/drivers/wd
      30              
      31                      .dwfde $C$DW$CIE, _WDOG_setPreScaler
      32              $C$DW$2 .dwtag  DW_TAG_formal_parameter
      33                      .dwattr $C$DW$2, DW_AT_name("wdogHandle")
      34                      .dwattr $C$DW$2, DW_AT_TI_symbol_name("_wdogHandle")
      35                      .dwattr $C$DW$2, DW_AT_type(*$C$DW$T$27)
      36                      .dwattr $C$DW$2, DW_AT_location[DW_OP_reg12]
      37              
      38              $C$DW$3 .dwtag  DW_TAG_formal_parameter
      39                      .dwattr $C$DW$3, DW_AT_name("preScaler")
      40                      .dwattr $C$DW$3, DW_AT_TI_symbol_name("_preScaler")
      41                      .dwattr $C$DW$3, DW_AT_type(*$C$DW$T$31)
      42                      .dwattr $C$DW$3, DW_AT_location[DW_OP_reg0]
      43              
      44              
      45              ;***************************************************************
      46              ;* FNAME: _WDOG_setPreScaler            FR SIZE:   0           *
      47              ;*                                                             *
      48              ;* FUNCTION ENVIRONMENT                                        *
      49              ;*                                                             *
      50              ;* FUNCTION PROPERTIES                                         *
      51              ;*                            0 Parameter,  0 Auto,  0 SOE     *
      52              ;***************************************************************
      53              
      54              _WDOG_setPreScaler:
      55              ;* AR4   assigned to _wdogHandle
TMS320C2000 Assembler PC v22.6.0 Mon Mar  6 14:18:46 2023

Copyright (c) 1996-2018 Texas Instruments Incorporated
C:\Users\GA5354\AppData\Local\Temp\{7F391C7F-2C3E-4E60-9A4B-8C204E7BB7EF} PAGE    2

      56              $C$DW$4 .dwtag  DW_TAG_variable
      57                      .dwattr $C$DW$4, DW_AT_name("wdogHandle")
      58                      .dwattr $C$DW$4, DW_AT_TI_symbol_name("_wdogHandle")
      59                      .dwattr $C$DW$4, DW_AT_type(*$C$DW$T$34)
      60                      .dwattr $C$DW$4, DW_AT_location[DW_OP_reg12]
      61              
      62              ;* AL    assigned to _preScaler
      63              $C$DW$5 .dwtag  DW_TAG_variable
      64                      .dwattr $C$DW$5, DW_AT_name("preScaler")
      65                      .dwattr $C$DW$5, DW_AT_TI_symbol_name("_preScaler")
      66                      .dwattr $C$DW$5, DW_AT_type(*$C$DW$T$32)
      67                      .dwattr $C$DW$5, DW_AT_location[DW_OP_reg0]
      68              
      69              ;* AH    assigned to _regValue
      70              $C$DW$6 .dwtag  DW_TAG_variable
      71                      .dwattr $C$DW$6, DW_AT_name("regValue")
      72                      .dwattr $C$DW$6, DW_AT_TI_symbol_name("_regValue")
      73                      .dwattr $C$DW$6, DW_AT_type(*$C$DW$T$20)
      74                      .dwattr $C$DW$6, DW_AT_location[DW_OP_reg1]
      75              
      76                      .dwcfi  cfa_offset, -2
      77                      .dwcfi  save_reg_to_mem, 26, 0
      78                      .dwpsn  file "D:/GIANT/TI_instaspin_indoor_smart_trainer/motorware/motorware_1_01_00_18/sw/drivers/wd
      79 00000000 93FC          MOV       AH,*+XAR4[7]          ; [CPU_ALU] |222| 
      80                      .dwpsn  file "D:/GIANT/TI_instaspin_indoor_smart_trainer/motorware/motorware_1_01_00_18/sw/drivers/wd
      81 00000001 18A8          AND       AH,#0xfff8            ; [CPU_ALU] |226| 
         00000002 FFF8 
      82 00000003 CBA9          OR        AH,AL                 ; [CPU_ALU] |226| 
      83 00000004 7622   EALLOW
      84                      .dwpsn  file "D:/GIANT/TI_instaspin_indoor_smart_trainer/motorware/motorware_1_01_00_18/sw/drivers/wd
      85 00000005 5128          ORB       AH,#0x28              ; [CPU_ALU] |234| 
      86 00000006 97FC          MOV       *+XAR4[7],AH          ; [CPU_ALU] |234| 
      87 00000007 761A   EDIS
      88 00000008 FF69          SPM       #0                    ; [CPU_ALU] 
      89              $C$DW$7 .dwtag  DW_TAG_TI_branch
      90                      .dwattr $C$DW$7, DW_AT_low_pc(0x00)
      91                      .dwattr $C$DW$7, DW_AT_TI_return
      92              
      93 00000009 0006          LRETR     ; [CPU_ALU] 
      94                      ; return occurs ; [] 
      95                      .dwattr $C$DW$1, DW_AT_TI_end_file("D:/GIANT/TI_instaspin_indoor_smart_trainer/motorware/motorware_1_
      96                      .dwattr $C$DW$1, DW_AT_TI_end_line(0xef)
      97                      .dwattr $C$DW$1, DW_AT_TI_end_column(0x01)
      98                      .dwendentry
      99                      .dwendtag $C$DW$1
     100              
     101 0000000a               .sect   ".text"
     102                      .clink
     103                      .global _WDOG_setCount
     104              
     105              $C$DW$8 .dwtag  DW_TAG_subprogram
     106                      .dwattr $C$DW$8, DW_AT_name("WDOG_setCount")
     107                      .dwattr $C$DW$8, DW_AT_low_pc(_WDOG_setCount)
     108                      .dwattr $C$DW$8, DW_AT_high_pc(0x00)
     109                      .dwattr $C$DW$8, DW_AT_TI_symbol_name("_WDOG_setCount")
TMS320C2000 Assembler PC v22.6.0 Mon Mar  6 14:18:46 2023

Copyright (c) 1996-2018 Texas Instruments Incorporated
C:\Users\GA5354\AppData\Local\Temp\{7F391C7F-2C3E-4E60-9A4B-8C204E7BB7EF} PAGE    3

     110                      .dwattr $C$DW$8, DW_AT_external
     111                      .dwattr $C$DW$8, DW_AT_TI_begin_file("D:/GIANT/TI_instaspin_indoor_smart_trainer/motorware/motorware_
     112                      .dwattr $C$DW$8, DW_AT_TI_begin_line(0xcf)
     113                      .dwattr $C$DW$8, DW_AT_TI_begin_column(0x06)
     114                      .dwattr $C$DW$8, DW_AT_TI_max_frame_size(-2)
     115                      .dwpsn  file "D:/GIANT/TI_instaspin_indoor_smart_trainer/motorware/motorware_1_01_00_18/sw/drivers/wd
     116              
     117                      .dwfde $C$DW$CIE, _WDOG_setCount
     118              $C$DW$9 .dwtag  DW_TAG_formal_parameter
     119                      .dwattr $C$DW$9, DW_AT_name("wdogHandle")
     120                      .dwattr $C$DW$9, DW_AT_TI_symbol_name("_wdogHandle")
     121                      .dwattr $C$DW$9, DW_AT_type(*$C$DW$T$27)
     122                      .dwattr $C$DW$9, DW_AT_location[DW_OP_reg12]
     123              
     124              $C$DW$10        .dwtag  DW_TAG_formal_parameter
     125                      .dwattr $C$DW$10, DW_AT_name("count")
     126                      .dwattr $C$DW$10, DW_AT_TI_symbol_name("_count")
     127                      .dwattr $C$DW$10, DW_AT_type(*$C$DW$T$43)
     128                      .dwattr $C$DW$10, DW_AT_location[DW_OP_reg0]
     129              
     130              
     131              ;***************************************************************
     132              ;* FNAME: _WDOG_setCount                FR SIZE:   0           *
     133              ;*                                                             *
     134              ;* FUNCTION ENVIRONMENT                                        *
     135              ;*                                                             *
     136              ;* FUNCTION PROPERTIES                                         *
     137              ;*                            0 Parameter,  0 Auto,  0 SOE     *
     138              ;***************************************************************
     139              
     140              _WDOG_setCount:
     141              ;* AR4   assigned to _wdogHandle
     142              $C$DW$11        .dwtag  DW_TAG_variable
     143                      .dwattr $C$DW$11, DW_AT_name("wdogHandle")
     144                      .dwattr $C$DW$11, DW_AT_TI_symbol_name("_wdogHandle")
     145                      .dwattr $C$DW$11, DW_AT_type(*$C$DW$T$34)
     146                      .dwattr $C$DW$11, DW_AT_location[DW_OP_reg12]
     147              
     148              ;* AL    assigned to _count
     149              $C$DW$12        .dwtag  DW_TAG_variable
     150                      .dwattr $C$DW$12, DW_AT_name("count")
     151                      .dwattr $C$DW$12, DW_AT_TI_symbol_name("_count")
     152                      .dwattr $C$DW$12, DW_AT_type(*$C$DW$T$44)
     153                      .dwattr $C$DW$12, DW_AT_location[DW_OP_reg0]
     154              
     155                      .dwcfi  cfa_offset, -2
     156                      .dwcfi  save_reg_to_mem, 26, 0
     157                      .dwpsn  file "D:/GIANT/TI_instaspin_indoor_smart_trainer/motorware/motorware_1_01_00_18/sw/drivers/wd
     158 0000000a 96CC          MOV       *+XAR4[1],AL          ; [CPU_ALU] |213| 
     159              $C$DW$13        .dwtag  DW_TAG_TI_branch
     160                      .dwattr $C$DW$13, DW_AT_low_pc(0x00)
     161                      .dwattr $C$DW$13, DW_AT_TI_return
     162              
     163 0000000b 0006          LRETR     ; [CPU_ALU] 
     164                      ; return occurs ; [] 
TMS320C2000 Assembler PC v22.6.0 Mon Mar  6 14:18:46 2023

Copyright (c) 1996-2018 Texas Instruments Incorporated
C:\Users\GA5354\AppData\Local\Temp\{7F391C7F-2C3E-4E60-9A4B-8C204E7BB7EF} PAGE    4

     165                      .dwattr $C$DW$8, DW_AT_TI_end_file("D:/GIANT/TI_instaspin_indoor_smart_trainer/motorware/motorware_1_
     166                      .dwattr $C$DW$8, DW_AT_TI_end_line(0xd8)
     167                      .dwattr $C$DW$8, DW_AT_TI_end_column(0x01)
     168                      .dwendentry
     169                      .dwendtag $C$DW$8
     170              
     171 0000000c               .sect   ".text"
     172                      .clink
     173                      .global _WDOG_init
     174              
     175              $C$DW$14        .dwtag  DW_TAG_subprogram
     176                      .dwattr $C$DW$14, DW_AT_name("WDOG_init")
     177                      .dwattr $C$DW$14, DW_AT_low_pc(_WDOG_init)
     178                      .dwattr $C$DW$14, DW_AT_high_pc(0x00)
     179                      .dwattr $C$DW$14, DW_AT_TI_symbol_name("_WDOG_init")
     180                      .dwattr $C$DW$14, DW_AT_external
     181                      .dwattr $C$DW$14, DW_AT_type(*$C$DW$T$27)
     182                      .dwattr $C$DW$14, DW_AT_TI_begin_file("D:/GIANT/TI_instaspin_indoor_smart_trainer/motorware/motorware
     183                      .dwattr $C$DW$14, DW_AT_TI_begin_line(0xc0)
     184                      .dwattr $C$DW$14, DW_AT_TI_begin_column(0x0d)
     185                      .dwattr $C$DW$14, DW_AT_TI_max_frame_size(-2)
     186                      .dwpsn  file "D:/GIANT/TI_instaspin_indoor_smart_trainer/motorware/motorware_1_01_00_18/sw/drivers/wd
     187              
     188                      .dwfde $C$DW$CIE, _WDOG_init
     189              $C$DW$15        .dwtag  DW_TAG_formal_parameter
     190                      .dwattr $C$DW$15, DW_AT_name("pMemory")
     191                      .dwattr $C$DW$15, DW_AT_TI_symbol_name("_pMemory")
     192                      .dwattr $C$DW$15, DW_AT_type(*$C$DW$T$3)
     193                      .dwattr $C$DW$15, DW_AT_location[DW_OP_reg12]
     194              
     195              $C$DW$16        .dwtag  DW_TAG_formal_parameter
     196                      .dwattr $C$DW$16, DW_AT_name("numBytes")
     197                      .dwattr $C$DW$16, DW_AT_TI_symbol_name("_numBytes")
     198                      .dwattr $C$DW$16, DW_AT_type(*$C$DW$T$35)
     199                      .dwattr $C$DW$16, DW_AT_location[DW_OP_reg0]
     200              
     201              
     202              ;***************************************************************
     203              ;* FNAME: _WDOG_init                    FR SIZE:   0           *
     204              ;*                                                             *
     205              ;* FUNCTION ENVIRONMENT                                        *
     206              ;*                                                             *
     207              ;* FUNCTION PROPERTIES                                         *
     208              ;*                            0 Parameter,  0 Auto,  0 SOE     *
     209              ;***************************************************************
     210              
     211              _WDOG_init:
     212              ;* AR6   assigned to _numBytes
     213              $C$DW$17        .dwtag  DW_TAG_variable
     214                      .dwattr $C$DW$17, DW_AT_name("numBytes")
     215                      .dwattr $C$DW$17, DW_AT_TI_symbol_name("_numBytes")
     216                      .dwattr $C$DW$17, DW_AT_type(*$C$DW$T$36)
     217                      .dwattr $C$DW$17, DW_AT_location[DW_OP_reg16]
     218              
     219                      .dwcfi  cfa_offset, -2
TMS320C2000 Assembler PC v22.6.0 Mon Mar  6 14:18:46 2023

Copyright (c) 1996-2018 Texas Instruments Incorporated
C:\Users\GA5354\AppData\Local\Temp\{7F391C7F-2C3E-4E60-9A4B-8C204E7BB7EF} PAGE    5

     220                      .dwcfi  save_reg_to_mem, 26, 0
     221 0000000c 1EA6          MOVL      XAR6,ACC              ; [CPU_ALU] |193| 
     222                      .dwpsn  file "D:/GIANT/TI_instaspin_indoor_smart_trainer/motorware/motorware_1_01_00_18/sw/drivers/wd
     223 0000000d 0208          MOVB      ACC,#8                ; [CPU_ALU] |198| 
     224 0000000e 0FA6          CMPL      ACC,XAR6              ; [CPU_ALU] |198| 
     225 0000000f 6902          B         $C$L1,LOS             ; [CPU_ALU] |198| 
     226                      ; branchcc occurs ; [] |198| 
     227 00000010 D400          MOVB      XAR4,#0               ; [CPU_ALU] |198| 
     228              $C$L1:    
     229              $C$DW$18        .dwtag  DW_TAG_TI_branch
     230                      .dwattr $C$DW$18, DW_AT_low_pc(0x00)
     231                      .dwattr $C$DW$18, DW_AT_TI_return
     232              
     233 00000011 0006          LRETR     ; [CPU_ALU] 
     234                      ; return occurs ; [] 
     235                      .dwattr $C$DW$14, DW_AT_TI_end_file("D:/GIANT/TI_instaspin_indoor_smart_trainer/motorware/motorware_1
     236                      .dwattr $C$DW$14, DW_AT_TI_end_line(0xcc)
     237                      .dwattr $C$DW$14, DW_AT_TI_end_column(0x01)
     238                      .dwendentry
     239                      .dwendtag $C$DW$14
     240              
     241 00000012               .sect   ".text"
     242                      .clink
     243                      .global _WDOG_getIntStatus
     244              
     245              $C$DW$19        .dwtag  DW_TAG_subprogram
     246                      .dwattr $C$DW$19, DW_AT_name("WDOG_getIntStatus")
     247                      .dwattr $C$DW$19, DW_AT_low_pc(_WDOG_getIntStatus)
     248                      .dwattr $C$DW$19, DW_AT_high_pc(0x00)
     249                      .dwattr $C$DW$19, DW_AT_TI_symbol_name("_WDOG_getIntStatus")
     250                      .dwattr $C$DW$19, DW_AT_external
     251                      .dwattr $C$DW$19, DW_AT_type(*$C$DW$T$25)
     252                      .dwattr $C$DW$19, DW_AT_TI_begin_file("D:/GIANT/TI_instaspin_indoor_smart_trainer/motorware/motorware
     253                      .dwattr $C$DW$19, DW_AT_TI_begin_line(0xb4)
     254                      .dwattr $C$DW$19, DW_AT_TI_begin_column(0x12)
     255                      .dwattr $C$DW$19, DW_AT_TI_max_frame_size(-2)
     256                      .dwpsn  file "D:/GIANT/TI_instaspin_indoor_smart_trainer/motorware/motorware_1_01_00_18/sw/drivers/wd
     257              
     258                      .dwfde $C$DW$CIE, _WDOG_getIntStatus
     259              $C$DW$20        .dwtag  DW_TAG_formal_parameter
     260                      .dwattr $C$DW$20, DW_AT_name("wdogHandle")
     261                      .dwattr $C$DW$20, DW_AT_TI_symbol_name("_wdogHandle")
     262                      .dwattr $C$DW$20, DW_AT_type(*$C$DW$T$27)
     263                      .dwattr $C$DW$20, DW_AT_location[DW_OP_reg12]
     264              
     265              
     266              ;***************************************************************
     267              ;* FNAME: _WDOG_getIntStatus            FR SIZE:   0           *
     268              ;*                                                             *
     269              ;* FUNCTION ENVIRONMENT                                        *
     270              ;*                                                             *
     271              ;* FUNCTION PROPERTIES                                         *
     272              ;*                            0 Parameter,  0 Auto,  0 SOE     *
     273              ;***************************************************************
     274              
TMS320C2000 Assembler PC v22.6.0 Mon Mar  6 14:18:46 2023

Copyright (c) 1996-2018 Texas Instruments Incorporated
C:\Users\GA5354\AppData\Local\Temp\{7F391C7F-2C3E-4E60-9A4B-8C204E7BB7EF} PAGE    6

     275              _WDOG_getIntStatus:
     276              ;* AR4   assigned to _wdogHandle
     277              $C$DW$21        .dwtag  DW_TAG_variable
     278                      .dwattr $C$DW$21, DW_AT_name("wdogHandle")
     279                      .dwattr $C$DW$21, DW_AT_TI_symbol_name("_wdogHandle")
     280                      .dwattr $C$DW$21, DW_AT_type(*$C$DW$T$34)
     281                      .dwattr $C$DW$21, DW_AT_location[DW_OP_reg12]
     282              
     283              ;* AL    assigned to _status
     284              $C$DW$22        .dwtag  DW_TAG_variable
     285                      .dwattr $C$DW$22, DW_AT_name("status")
     286                      .dwattr $C$DW$22, DW_AT_TI_symbol_name("_status")
     287                      .dwattr $C$DW$22, DW_AT_type(*$C$DW$T$25)
     288                      .dwattr $C$DW$22, DW_AT_location[DW_OP_reg0]
     289              
     290                      .dwcfi  cfa_offset, -2
     291                      .dwcfi  save_reg_to_mem, 26, 0
     292                      .dwpsn  file "D:/GIANT/TI_instaspin_indoor_smart_trainer/motorware/motorware_1_01_00_18/sw/drivers/wd
     293 00000012 CCC4          AND       AL,*+XAR4[0],#0x0004  ; [CPU_ALU] |185| 
         00000013 0004 
     294              $C$DW$23        .dwtag  DW_TAG_TI_branch
     295                      .dwattr $C$DW$23, DW_AT_low_pc(0x00)
     296                      .dwattr $C$DW$23, DW_AT_TI_return
     297              
     298 00000014 0006          LRETR     ; [CPU_ALU] 
     299                      ; return occurs ; [] 
     300                      .dwattr $C$DW$19, DW_AT_TI_end_file("D:/GIANT/TI_instaspin_indoor_smart_trainer/motorware/motorware_1
     301                      .dwattr $C$DW$19, DW_AT_TI_end_line(0xbd)
     302                      .dwattr $C$DW$19, DW_AT_TI_end_column(0x01)
     303                      .dwendentry
     304                      .dwendtag $C$DW$19
     305              
     306 00000015               .sect   ".text"
     307                      .clink
     308                      .global _WDOG_enableOverRide
     309              
     310              $C$DW$24        .dwtag  DW_TAG_subprogram
     311                      .dwattr $C$DW$24, DW_AT_name("WDOG_enableOverRide")
     312                      .dwattr $C$DW$24, DW_AT_low_pc(_WDOG_enableOverRide)
     313                      .dwattr $C$DW$24, DW_AT_high_pc(0x00)
     314                      .dwattr $C$DW$24, DW_AT_TI_symbol_name("_WDOG_enableOverRide")
     315                      .dwattr $C$DW$24, DW_AT_external
     316                      .dwattr $C$DW$24, DW_AT_TI_begin_file("D:/GIANT/TI_instaspin_indoor_smart_trainer/motorware/motorware
     317                      .dwattr $C$DW$24, DW_AT_TI_begin_line(0xa4)
     318                      .dwattr $C$DW$24, DW_AT_TI_begin_column(0x06)
     319                      .dwattr $C$DW$24, DW_AT_TI_max_frame_size(-2)
     320                      .dwpsn  file "D:/GIANT/TI_instaspin_indoor_smart_trainer/motorware/motorware_1_01_00_18/sw/drivers/wd
     321              
     322                      .dwfde $C$DW$CIE, _WDOG_enableOverRide
     323              $C$DW$25        .dwtag  DW_TAG_formal_parameter
     324                      .dwattr $C$DW$25, DW_AT_name("wdogHandle")
     325                      .dwattr $C$DW$25, DW_AT_TI_symbol_name("_wdogHandle")
     326                      .dwattr $C$DW$25, DW_AT_type(*$C$DW$T$27)
     327                      .dwattr $C$DW$25, DW_AT_location[DW_OP_reg12]
     328              
TMS320C2000 Assembler PC v22.6.0 Mon Mar  6 14:18:46 2023

Copyright (c) 1996-2018 Texas Instruments Incorporated
C:\Users\GA5354\AppData\Local\Temp\{7F391C7F-2C3E-4E60-9A4B-8C204E7BB7EF} PAGE    7

     329              
     330              ;***************************************************************
     331              ;* FNAME: _WDOG_enableOverRide          FR SIZE:   0           *
     332              ;*                                                             *
     333              ;* FUNCTION ENVIRONMENT                                        *
     334              ;*                                                             *
     335              ;* FUNCTION PROPERTIES                                         *
     336              ;*                            0 Parameter,  0 Auto,  0 SOE     *
     337              ;***************************************************************
     338              
     339              _WDOG_enableOverRide:
     340              ;* AR4   assigned to _wdogHandle
     341              $C$DW$26        .dwtag  DW_TAG_variable
     342                      .dwattr $C$DW$26, DW_AT_name("wdogHandle")
     343                      .dwattr $C$DW$26, DW_AT_TI_symbol_name("_wdogHandle")
     344                      .dwattr $C$DW$26, DW_AT_type(*$C$DW$T$34)
     345                      .dwattr $C$DW$26, DW_AT_location[DW_OP_reg12]
     346              
     347                      .dwcfi  cfa_offset, -2
     348                      .dwcfi  save_reg_to_mem, 26, 0
     349 00000015 7622   EALLOW
     350                      .dwpsn  file "D:/GIANT/TI_instaspin_indoor_smart_trainer/motorware/motorware_1_01_00_18/sw/drivers/wd
     351 00000016 1AC4          OR        *+XAR4[0],#0x0001     ; [CPU_ALU] |172| 
         00000017 0001 
     352 00000018 761A   EDIS
     353 00000019 FF69          SPM       #0                    ; [CPU_ALU] 
     354              $C$DW$27        .dwtag  DW_TAG_TI_branch
     355                      .dwattr $C$DW$27, DW_AT_low_pc(0x00)
     356                      .dwattr $C$DW$27, DW_AT_TI_return
     357              
     358 0000001a 0006          LRETR     ; [CPU_ALU] 
     359                      ; return occurs ; [] 
     360                      .dwattr $C$DW$24, DW_AT_TI_end_file("D:/GIANT/TI_instaspin_indoor_smart_trainer/motorware/motorware_1
     361                      .dwattr $C$DW$24, DW_AT_TI_end_line(0xb1)
     362                      .dwattr $C$DW$24, DW_AT_TI_end_column(0x01)
     363                      .dwendentry
     364                      .dwendtag $C$DW$24
     365              
     366 0000001b               .sect   ".text"
     367                      .clink
     368                      .global _WDOG_enableInt
     369              
     370              $C$DW$28        .dwtag  DW_TAG_subprogram
     371                      .dwattr $C$DW$28, DW_AT_name("WDOG_enableInt")
     372                      .dwattr $C$DW$28, DW_AT_low_pc(_WDOG_enableInt)
     373                      .dwattr $C$DW$28, DW_AT_high_pc(0x00)
     374                      .dwattr $C$DW$28, DW_AT_TI_symbol_name("_WDOG_enableInt")
     375                      .dwattr $C$DW$28, DW_AT_external
     376                      .dwattr $C$DW$28, DW_AT_TI_begin_file("D:/GIANT/TI_instaspin_indoor_smart_trainer/motorware/motorware
     377                      .dwattr $C$DW$28, DW_AT_TI_begin_line(0x94)
     378                      .dwattr $C$DW$28, DW_AT_TI_begin_column(0x06)
     379                      .dwattr $C$DW$28, DW_AT_TI_max_frame_size(-2)
     380                      .dwpsn  file "D:/GIANT/TI_instaspin_indoor_smart_trainer/motorware/motorware_1_01_00_18/sw/drivers/wd
     381              
     382                      .dwfde $C$DW$CIE, _WDOG_enableInt
TMS320C2000 Assembler PC v22.6.0 Mon Mar  6 14:18:46 2023

Copyright (c) 1996-2018 Texas Instruments Incorporated
C:\Users\GA5354\AppData\Local\Temp\{7F391C7F-2C3E-4E60-9A4B-8C204E7BB7EF} PAGE    8

     383              $C$DW$29        .dwtag  DW_TAG_formal_parameter
     384                      .dwattr $C$DW$29, DW_AT_name("wdogHandle")
     385                      .dwattr $C$DW$29, DW_AT_TI_symbol_name("_wdogHandle")
     386                      .dwattr $C$DW$29, DW_AT_type(*$C$DW$T$27)
     387                      .dwattr $C$DW$29, DW_AT_location[DW_OP_reg12]
     388              
     389              
     390              ;***************************************************************
     391              ;* FNAME: _WDOG_enableInt               FR SIZE:   0           *
     392              ;*                                                             *
     393              ;* FUNCTION ENVIRONMENT                                        *
     394              ;*                                                             *
     395              ;* FUNCTION PROPERTIES                                         *
     396              ;*                            0 Parameter,  0 Auto,  0 SOE     *
     397              ;***************************************************************
     398              
     399              _WDOG_enableInt:
     400              ;* AR4   assigned to _wdogHandle
     401              $C$DW$30        .dwtag  DW_TAG_variable
     402                      .dwattr $C$DW$30, DW_AT_name("wdogHandle")
     403                      .dwattr $C$DW$30, DW_AT_TI_symbol_name("_wdogHandle")
     404                      .dwattr $C$DW$30, DW_AT_type(*$C$DW$T$34)
     405                      .dwattr $C$DW$30, DW_AT_location[DW_OP_reg12]
     406              
     407                      .dwcfi  cfa_offset, -2
     408                      .dwcfi  save_reg_to_mem, 26, 0
     409 0000001b 7622   EALLOW
     410                      .dwpsn  file "D:/GIANT/TI_instaspin_indoor_smart_trainer/motorware/motorware_1_01_00_18/sw/drivers/wd
     411 0000001c 1AC4          OR        *+XAR4[0],#0x0002     ; [CPU_ALU] |156| 
         0000001d 0002 
     412 0000001e 761A   EDIS
     413 0000001f FF69          SPM       #0                    ; [CPU_ALU] 
     414              $C$DW$31        .dwtag  DW_TAG_TI_branch
     415                      .dwattr $C$DW$31, DW_AT_low_pc(0x00)
     416                      .dwattr $C$DW$31, DW_AT_TI_return
     417              
     418 00000020 0006          LRETR     ; [CPU_ALU] 
     419                      ; return occurs ; [] 
     420                      .dwattr $C$DW$28, DW_AT_TI_end_file("D:/GIANT/TI_instaspin_indoor_smart_trainer/motorware/motorware_1
     421                      .dwattr $C$DW$28, DW_AT_TI_end_line(0xa1)
     422                      .dwattr $C$DW$28, DW_AT_TI_end_column(0x01)
     423                      .dwendentry
     424                      .dwendtag $C$DW$28
     425              
     426 00000021               .sect   ".text"
     427                      .clink
     428                      .global _WDOG_enable
     429              
     430              $C$DW$32        .dwtag  DW_TAG_subprogram
     431                      .dwattr $C$DW$32, DW_AT_name("WDOG_enable")
     432                      .dwattr $C$DW$32, DW_AT_low_pc(_WDOG_enable)
     433                      .dwattr $C$DW$32, DW_AT_high_pc(0x00)
     434                      .dwattr $C$DW$32, DW_AT_TI_symbol_name("_WDOG_enable")
     435                      .dwattr $C$DW$32, DW_AT_external
     436                      .dwattr $C$DW$32, DW_AT_TI_begin_file("D:/GIANT/TI_instaspin_indoor_smart_trainer/motorware/motorware
TMS320C2000 Assembler PC v22.6.0 Mon Mar  6 14:18:46 2023

Copyright (c) 1996-2018 Texas Instruments Incorporated
C:\Users\GA5354\AppData\Local\Temp\{7F391C7F-2C3E-4E60-9A4B-8C204E7BB7EF} PAGE    9

     437                      .dwattr $C$DW$32, DW_AT_TI_begin_line(0x80)
     438                      .dwattr $C$DW$32, DW_AT_TI_begin_column(0x06)
     439                      .dwattr $C$DW$32, DW_AT_TI_max_frame_size(-2)
     440                      .dwpsn  file "D:/GIANT/TI_instaspin_indoor_smart_trainer/motorware/motorware_1_01_00_18/sw/drivers/wd
     441              
     442                      .dwfde $C$DW$CIE, _WDOG_enable
     443              $C$DW$33        .dwtag  DW_TAG_formal_parameter
     444                      .dwattr $C$DW$33, DW_AT_name("wdogHandle")
     445                      .dwattr $C$DW$33, DW_AT_TI_symbol_name("_wdogHandle")
     446                      .dwattr $C$DW$33, DW_AT_type(*$C$DW$T$27)
     447                      .dwattr $C$DW$33, DW_AT_location[DW_OP_reg12]
     448              
     449              
     450              ;***************************************************************
     451              ;* FNAME: _WDOG_enable                  FR SIZE:   0           *
     452              ;*                                                             *
     453              ;* FUNCTION ENVIRONMENT                                        *
     454              ;*                                                             *
     455              ;* FUNCTION PROPERTIES                                         *
     456              ;*                            0 Parameter,  0 Auto,  0 SOE     *
     457              ;***************************************************************
     458              
     459              _WDOG_enable:
     460              ;* AR4   assigned to _wdogHandle
     461              $C$DW$34        .dwtag  DW_TAG_variable
     462                      .dwattr $C$DW$34, DW_AT_name("wdogHandle")
     463                      .dwattr $C$DW$34, DW_AT_TI_symbol_name("_wdogHandle")
     464                      .dwattr $C$DW$34, DW_AT_type(*$C$DW$T$34)
     465                      .dwattr $C$DW$34, DW_AT_location[DW_OP_reg12]
     466              
     467              ;* AL    assigned to _regValue
     468              $C$DW$35        .dwtag  DW_TAG_variable
     469                      .dwattr $C$DW$35, DW_AT_name("regValue")
     470                      .dwattr $C$DW$35, DW_AT_TI_symbol_name("_regValue")
     471                      .dwattr $C$DW$35, DW_AT_type(*$C$DW$T$20)
     472                      .dwattr $C$DW$35, DW_AT_location[DW_OP_reg0]
     473              
     474                      .dwcfi  cfa_offset, -2
     475                      .dwcfi  save_reg_to_mem, 26, 0
     476                      .dwpsn  file "D:/GIANT/TI_instaspin_indoor_smart_trainer/motorware/motorware_1_01_00_18/sw/drivers/wd
     477 00000021 92FC          MOV       AL,*+XAR4[7]          ; [CPU_ALU] |131| 
     478 00000022 7622   EALLOW
     479                      .dwpsn  file "D:/GIANT/TI_instaspin_indoor_smart_trainer/motorware/motorware_1_01_00_18/sw/drivers/wd
     480 00000023 18A9          AND       AL,#0xffbf            ; [CPU_ALU] |140| 
         00000024 FFBF 
     481 00000025 5028          ORB       AL,#0x28              ; [CPU_ALU] |140| 
     482 00000026 96FC          MOV       *+XAR4[7],AL          ; [CPU_ALU] |140| 
     483 00000027 761A   EDIS
     484 00000028 FF69          SPM       #0                    ; [CPU_ALU] 
     485              $C$DW$36        .dwtag  DW_TAG_TI_branch
     486                      .dwattr $C$DW$36, DW_AT_low_pc(0x00)
     487                      .dwattr $C$DW$36, DW_AT_TI_return
     488              
     489 00000029 0006          LRETR     ; [CPU_ALU] 
     490                      ; return occurs ; [] 
TMS320C2000 Assembler PC v22.6.0 Mon Mar  6 14:18:46 2023

Copyright (c) 1996-2018 Texas Instruments Incorporated
C:\Users\GA5354\AppData\Local\Temp\{7F391C7F-2C3E-4E60-9A4B-8C204E7BB7EF} PAGE   10

     491                      .dwattr $C$DW$32, DW_AT_TI_end_file("D:/GIANT/TI_instaspin_indoor_smart_trainer/motorware/motorware_1
     492                      .dwattr $C$DW$32, DW_AT_TI_end_line(0x91)
     493                      .dwattr $C$DW$32, DW_AT_TI_end_column(0x01)
     494                      .dwendentry
     495                      .dwendtag $C$DW$32
     496              
     497 0000002a               .sect   ".text"
     498                      .clink
     499                      .global _WDOG_disableOverRide
     500              
     501              $C$DW$37        .dwtag  DW_TAG_subprogram
     502                      .dwattr $C$DW$37, DW_AT_name("WDOG_disableOverRide")
     503                      .dwattr $C$DW$37, DW_AT_low_pc(_WDOG_disableOverRide)
     504                      .dwattr $C$DW$37, DW_AT_high_pc(0x00)
     505                      .dwattr $C$DW$37, DW_AT_TI_symbol_name("_WDOG_disableOverRide")
     506                      .dwattr $C$DW$37, DW_AT_external
     507                      .dwattr $C$DW$37, DW_AT_TI_begin_file("D:/GIANT/TI_instaspin_indoor_smart_trainer/motorware/motorware
     508                      .dwattr $C$DW$37, DW_AT_TI_begin_line(0x70)
     509                      .dwattr $C$DW$37, DW_AT_TI_begin_column(0x06)
     510                      .dwattr $C$DW$37, DW_AT_TI_max_frame_size(-2)
     511                      .dwpsn  file "D:/GIANT/TI_instaspin_indoor_smart_trainer/motorware/motorware_1_01_00_18/sw/drivers/wd
     512              
     513                      .dwfde $C$DW$CIE, _WDOG_disableOverRide
     514              $C$DW$38        .dwtag  DW_TAG_formal_parameter
     515                      .dwattr $C$DW$38, DW_AT_name("wdogHandle")
     516                      .dwattr $C$DW$38, DW_AT_TI_symbol_name("_wdogHandle")
     517                      .dwattr $C$DW$38, DW_AT_type(*$C$DW$T$27)
     518                      .dwattr $C$DW$38, DW_AT_location[DW_OP_reg12]
     519              
     520              
     521              ;***************************************************************
     522              ;* FNAME: _WDOG_disableOverRide         FR SIZE:   0           *
     523              ;*                                                             *
     524              ;* FUNCTION ENVIRONMENT                                        *
     525              ;*                                                             *
     526              ;* FUNCTION PROPERTIES                                         *
     527              ;*                            0 Parameter,  0 Auto,  0 SOE     *
     528              ;***************************************************************
     529              
     530              _WDOG_disableOverRide:
     531              ;* AR4   assigned to _wdogHandle
     532              $C$DW$39        .dwtag  DW_TAG_variable
     533                      .dwattr $C$DW$39, DW_AT_name("wdogHandle")
     534                      .dwattr $C$DW$39, DW_AT_TI_symbol_name("_wdogHandle")
     535                      .dwattr $C$DW$39, DW_AT_type(*$C$DW$T$34)
     536                      .dwattr $C$DW$39, DW_AT_location[DW_OP_reg12]
     537              
     538                      .dwcfi  cfa_offset, -2
     539                      .dwcfi  save_reg_to_mem, 26, 0
     540 0000002a 7622   EALLOW
     541                      .dwpsn  file "D:/GIANT/TI_instaspin_indoor_smart_trainer/motorware/motorware_1_01_00_18/sw/drivers/wd
     542 0000002b 18C4          AND       *+XAR4[0],#0xfffe     ; [CPU_ALU] |120| 
         0000002c FFFE 
     543 0000002d 761A   EDIS
     544 0000002e FF69          SPM       #0                    ; [CPU_ALU] 
TMS320C2000 Assembler PC v22.6.0 Mon Mar  6 14:18:46 2023

Copyright (c) 1996-2018 Texas Instruments Incorporated
C:\Users\GA5354\AppData\Local\Temp\{7F391C7F-2C3E-4E60-9A4B-8C204E7BB7EF} PAGE   11

     545              $C$DW$40        .dwtag  DW_TAG_TI_branch
     546                      .dwattr $C$DW$40, DW_AT_low_pc(0x00)
     547                      .dwattr $C$DW$40, DW_AT_TI_return
     548              
     549 0000002f 0006          LRETR     ; [CPU_ALU] 
     550                      ; return occurs ; [] 
     551                      .dwattr $C$DW$37, DW_AT_TI_end_file("D:/GIANT/TI_instaspin_indoor_smart_trainer/motorware/motorware_1
     552                      .dwattr $C$DW$37, DW_AT_TI_end_line(0x7d)
     553                      .dwattr $C$DW$37, DW_AT_TI_end_column(0x01)
     554                      .dwendentry
     555                      .dwendtag $C$DW$37
     556              
     557 00000030               .sect   ".text"
     558                      .clink
     559                      .global _WDOG_disableInt
     560              
     561              $C$DW$41        .dwtag  DW_TAG_subprogram
     562                      .dwattr $C$DW$41, DW_AT_name("WDOG_disableInt")
     563                      .dwattr $C$DW$41, DW_AT_low_pc(_WDOG_disableInt)
     564                      .dwattr $C$DW$41, DW_AT_high_pc(0x00)
     565                      .dwattr $C$DW$41, DW_AT_TI_symbol_name("_WDOG_disableInt")
     566                      .dwattr $C$DW$41, DW_AT_external
     567                      .dwattr $C$DW$41, DW_AT_TI_begin_file("D:/GIANT/TI_instaspin_indoor_smart_trainer/motorware/motorware
     568                      .dwattr $C$DW$41, DW_AT_TI_begin_line(0x60)
     569                      .dwattr $C$DW$41, DW_AT_TI_begin_column(0x06)
     570                      .dwattr $C$DW$41, DW_AT_TI_max_frame_size(-2)
     571                      .dwpsn  file "D:/GIANT/TI_instaspin_indoor_smart_trainer/motorware/motorware_1_01_00_18/sw/drivers/wd
     572              
     573                      .dwfde $C$DW$CIE, _WDOG_disableInt
     574              $C$DW$42        .dwtag  DW_TAG_formal_parameter
     575                      .dwattr $C$DW$42, DW_AT_name("wdogHandle")
     576                      .dwattr $C$DW$42, DW_AT_TI_symbol_name("_wdogHandle")
     577                      .dwattr $C$DW$42, DW_AT_type(*$C$DW$T$27)
     578                      .dwattr $C$DW$42, DW_AT_location[DW_OP_reg12]
     579              
     580              
     581              ;***************************************************************
     582              ;* FNAME: _WDOG_disableInt              FR SIZE:   0           *
     583              ;*                                                             *
     584              ;* FUNCTION ENVIRONMENT                                        *
     585              ;*                                                             *
     586              ;* FUNCTION PROPERTIES                                         *
     587              ;*                            0 Parameter,  0 Auto,  0 SOE     *
     588              ;***************************************************************
     589              
     590              _WDOG_disableInt:
     591              ;* AR4   assigned to _wdogHandle
     592              $C$DW$43        .dwtag  DW_TAG_variable
     593                      .dwattr $C$DW$43, DW_AT_name("wdogHandle")
     594                      .dwattr $C$DW$43, DW_AT_TI_symbol_name("_wdogHandle")
     595                      .dwattr $C$DW$43, DW_AT_type(*$C$DW$T$34)
     596                      .dwattr $C$DW$43, DW_AT_location[DW_OP_reg12]
     597              
     598                      .dwcfi  cfa_offset, -2
     599                      .dwcfi  save_reg_to_mem, 26, 0
TMS320C2000 Assembler PC v22.6.0 Mon Mar  6 14:18:46 2023

Copyright (c) 1996-2018 Texas Instruments Incorporated
C:\Users\GA5354\AppData\Local\Temp\{7F391C7F-2C3E-4E60-9A4B-8C204E7BB7EF} PAGE   12

     600 00000030 7622   EALLOW
     601                      .dwpsn  file "D:/GIANT/TI_instaspin_indoor_smart_trainer/motorware/motorware_1_01_00_18/sw/drivers/wd
     602 00000031 18C4          AND       *+XAR4[0],#0xfffd     ; [CPU_ALU] |104| 
         00000032 FFFD 
     603 00000033 761A   EDIS
     604 00000034 FF69          SPM       #0                    ; [CPU_ALU] 
     605              $C$DW$44        .dwtag  DW_TAG_TI_branch
     606                      .dwattr $C$DW$44, DW_AT_low_pc(0x00)
     607                      .dwattr $C$DW$44, DW_AT_TI_return
     608              
     609 00000035 0006          LRETR     ; [CPU_ALU] 
     610                      ; return occurs ; [] 
     611                      .dwattr $C$DW$41, DW_AT_TI_end_file("D:/GIANT/TI_instaspin_indoor_smart_trainer/motorware/motorware_1
     612                      .dwattr $C$DW$41, DW_AT_TI_end_line(0x6d)
     613                      .dwattr $C$DW$41, DW_AT_TI_end_column(0x01)
     614                      .dwendentry
     615                      .dwendtag $C$DW$41
     616              
     617 00000036               .sect   ".text"
     618                      .clink
     619                      .global _WDOG_disable
     620              
     621              $C$DW$45        .dwtag  DW_TAG_subprogram
     622                      .dwattr $C$DW$45, DW_AT_name("WDOG_disable")
     623                      .dwattr $C$DW$45, DW_AT_low_pc(_WDOG_disable)
     624                      .dwattr $C$DW$45, DW_AT_high_pc(0x00)
     625                      .dwattr $C$DW$45, DW_AT_TI_symbol_name("_WDOG_disable")
     626                      .dwattr $C$DW$45, DW_AT_external
     627                      .dwattr $C$DW$45, DW_AT_TI_begin_file("D:/GIANT/TI_instaspin_indoor_smart_trainer/motorware/motorware
     628                      .dwattr $C$DW$45, DW_AT_TI_begin_line(0x4c)
     629                      .dwattr $C$DW$45, DW_AT_TI_begin_column(0x06)
     630                      .dwattr $C$DW$45, DW_AT_TI_max_frame_size(-2)
     631                      .dwpsn  file "D:/GIANT/TI_instaspin_indoor_smart_trainer/motorware/motorware_1_01_00_18/sw/drivers/wd
     632              
     633                      .dwfde $C$DW$CIE, _WDOG_disable
     634              $C$DW$46        .dwtag  DW_TAG_formal_parameter
     635                      .dwattr $C$DW$46, DW_AT_name("wdogHandle")
     636                      .dwattr $C$DW$46, DW_AT_TI_symbol_name("_wdogHandle")
     637                      .dwattr $C$DW$46, DW_AT_type(*$C$DW$T$27)
     638                      .dwattr $C$DW$46, DW_AT_location[DW_OP_reg12]
     639              
     640              
     641              ;***************************************************************
     642              ;* FNAME: _WDOG_disable                 FR SIZE:   0           *
     643              ;*                                                             *
     644              ;* FUNCTION ENVIRONMENT                                        *
     645              ;*                                                             *
     646              ;* FUNCTION PROPERTIES                                         *
     647              ;*                            0 Parameter,  0 Auto,  0 SOE     *
     648              ;***************************************************************
     649              
     650              _WDOG_disable:
     651              ;* AR4   assigned to _wdogHandle
     652              $C$DW$47        .dwtag  DW_TAG_variable
     653                      .dwattr $C$DW$47, DW_AT_name("wdogHandle")
TMS320C2000 Assembler PC v22.6.0 Mon Mar  6 14:18:46 2023

Copyright (c) 1996-2018 Texas Instruments Incorporated
C:\Users\GA5354\AppData\Local\Temp\{7F391C7F-2C3E-4E60-9A4B-8C204E7BB7EF} PAGE   13

     654                      .dwattr $C$DW$47, DW_AT_TI_symbol_name("_wdogHandle")
     655                      .dwattr $C$DW$47, DW_AT_type(*$C$DW$T$34)
     656                      .dwattr $C$DW$47, DW_AT_location[DW_OP_reg12]
     657              
     658              ;* AL    assigned to _regValue
     659              $C$DW$48        .dwtag  DW_TAG_variable
     660                      .dwattr $C$DW$48, DW_AT_name("regValue")
     661                      .dwattr $C$DW$48, DW_AT_TI_symbol_name("_regValue")
     662                      .dwattr $C$DW$48, DW_AT_type(*$C$DW$T$20)
     663                      .dwattr $C$DW$48, DW_AT_location[DW_OP_reg0]
     664              
     665                      .dwcfi  cfa_offset, -2
     666                      .dwcfi  save_reg_to_mem, 26, 0
     667                      .dwpsn  file "D:/GIANT/TI_instaspin_indoor_smart_trainer/motorware/motorware_1_01_00_18/sw/drivers/wd
     668 00000036 92FC          MOV       AL,*+XAR4[7]          ; [CPU_ALU] |79| 
     669 00000037 7622   EALLOW
     670                      .dwpsn  file "D:/GIANT/TI_instaspin_indoor_smart_trainer/motorware/motorware_1_01_00_18/sw/drivers/wd
     671 00000038 5040          ORB       AL,#0x40              ; [CPU_ALU] |88| 
     672 00000039 5028          ORB       AL,#0x28              ; [CPU_ALU] |88| 
     673 0000003a 96FC          MOV       *+XAR4[7],AL          ; [CPU_ALU] |88| 
     674 0000003b 761A   EDIS
     675 0000003c FF69          SPM       #0                    ; [CPU_ALU] 
     676              $C$DW$49        .dwtag  DW_TAG_TI_branch
     677                      .dwattr $C$DW$49, DW_AT_low_pc(0x00)
     678                      .dwattr $C$DW$49, DW_AT_TI_return
     679              
     680 0000003d 0006          LRETR     ; [CPU_ALU] 
     681                      ; return occurs ; [] 
     682                      .dwattr $C$DW$45, DW_AT_TI_end_file("D:/GIANT/TI_instaspin_indoor_smart_trainer/motorware/motorware_1
     683                      .dwattr $C$DW$45, DW_AT_TI_end_line(0x5d)
     684                      .dwattr $C$DW$45, DW_AT_TI_end_column(0x01)
     685                      .dwendentry
     686                      .dwendtag $C$DW$45
     687              
     688 0000003e               .sect   ".text"
     689                      .clink
     690                      .global _WDOG_clearCounter
     691              
     692              $C$DW$50        .dwtag  DW_TAG_subprogram
     693                      .dwattr $C$DW$50, DW_AT_name("WDOG_clearCounter")
     694                      .dwattr $C$DW$50, DW_AT_low_pc(_WDOG_clearCounter)
     695                      .dwattr $C$DW$50, DW_AT_high_pc(0x00)
     696                      .dwattr $C$DW$50, DW_AT_TI_symbol_name("_WDOG_clearCounter")
     697                      .dwattr $C$DW$50, DW_AT_external
     698                      .dwattr $C$DW$50, DW_AT_TI_begin_file("D:/GIANT/TI_instaspin_indoor_smart_trainer/motorware/motorware
     699                      .dwattr $C$DW$50, DW_AT_TI_begin_line(0x39)
     700                      .dwattr $C$DW$50, DW_AT_TI_begin_column(0x06)
     701                      .dwattr $C$DW$50, DW_AT_TI_max_frame_size(-2)
     702                      .dwpsn  file "D:/GIANT/TI_instaspin_indoor_smart_trainer/motorware/motorware_1_01_00_18/sw/drivers/wd
     703              
     704                      .dwfde $C$DW$CIE, _WDOG_clearCounter
     705              $C$DW$51        .dwtag  DW_TAG_formal_parameter
     706                      .dwattr $C$DW$51, DW_AT_name("wdogHandle")
     707                      .dwattr $C$DW$51, DW_AT_TI_symbol_name("_wdogHandle")
     708                      .dwattr $C$DW$51, DW_AT_type(*$C$DW$T$27)
TMS320C2000 Assembler PC v22.6.0 Mon Mar  6 14:18:46 2023

Copyright (c) 1996-2018 Texas Instruments Incorporated
C:\Users\GA5354\AppData\Local\Temp\{7F391C7F-2C3E-4E60-9A4B-8C204E7BB7EF} PAGE   14

     709                      .dwattr $C$DW$51, DW_AT_location[DW_OP_reg12]
     710              
     711              
     712              ;***************************************************************
     713              ;* FNAME: _WDOG_clearCounter            FR SIZE:   0           *
     714              ;*                                                             *
     715              ;* FUNCTION ENVIRONMENT                                        *
     716              ;*                                                             *
     717              ;* FUNCTION PROPERTIES                                         *
     718              ;*                            0 Parameter,  0 Auto,  0 SOE     *
     719              ;***************************************************************
     720              
     721              _WDOG_clearCounter:
     722              ;* AR4   assigned to _wdogHandle
     723              $C$DW$52        .dwtag  DW_TAG_variable
     724                      .dwattr $C$DW$52, DW_AT_name("wdogHandle")
     725                      .dwattr $C$DW$52, DW_AT_TI_symbol_name("_wdogHandle")
     726                      .dwattr $C$DW$52, DW_AT_type(*$C$DW$T$34)
     727                      .dwattr $C$DW$52, DW_AT_location[DW_OP_reg12]
     728              
     729                      .dwcfi  cfa_offset, -2
     730                      .dwcfi  save_reg_to_mem, 26, 0
     731 0000003e 7622   EALLOW
     732                      .dwpsn  file "D:/GIANT/TI_instaspin_indoor_smart_trainer/motorware/motorware_1_01_00_18/sw/drivers/wd
     733 0000003f 56BF          MOVB      *+XAR4[3],#85,UNC     ; [CPU_ALU] |65| 
         00000040 55DC 
     734                      .dwpsn  file "D:/GIANT/TI_instaspin_indoor_smart_trainer/motorware/motorware_1_01_00_18/sw/drivers/wd
     735 00000041 56BF          MOVB      *+XAR4[3],#170,UNC    ; [CPU_ALU] |68| 
         00000042 AADC 
     736 00000043 761A   EDIS
     737 00000044 FF69          SPM       #0                    ; [CPU_ALU] 
     738              $C$DW$53        .dwtag  DW_TAG_TI_branch
     739                      .dwattr $C$DW$53, DW_AT_low_pc(0x00)
     740                      .dwattr $C$DW$53, DW_AT_TI_return
     741              
     742 00000045 0006          LRETR     ; [CPU_ALU] 
     743                      ; return occurs ; [] 
     744                      .dwattr $C$DW$50, DW_AT_TI_end_file("D:/GIANT/TI_instaspin_indoor_smart_trainer/motorware/motorware_1
     745                      .dwattr $C$DW$50, DW_AT_TI_end_line(0x49)
     746                      .dwattr $C$DW$50, DW_AT_TI_end_column(0x01)
     747                      .dwendentry
     748                      .dwendtag $C$DW$50
     749              
     750              
     751              ;***************************************************************
     752              ;* TYPE INFORMATION                                            *
     753              ;***************************************************************
     754              
     755              $C$DW$T$24      .dwtag  DW_TAG_enumeration_type
     756                      .dwattr $C$DW$T$24, DW_AT_byte_size(0x01)
     757              $C$DW$54        .dwtag  DW_TAG_enumerator
     758                      .dwattr $C$DW$54, DW_AT_name("WDOG_IntStatus_Active")
     759                      .dwattr $C$DW$54, DW_AT_const_value(0x00)
     760              
     761              $C$DW$55        .dwtag  DW_TAG_enumerator
TMS320C2000 Assembler PC v22.6.0 Mon Mar  6 14:18:46 2023

Copyright (c) 1996-2018 Texas Instruments Incorporated
C:\Users\GA5354\AppData\Local\Temp\{7F391C7F-2C3E-4E60-9A4B-8C204E7BB7EF} PAGE   15

     762                      .dwattr $C$DW$55, DW_AT_name("WDOG_IntStatus_InActive")
     763                      .dwattr $C$DW$55, DW_AT_const_value(0x04)
     764              
     765                      .dwendtag $C$DW$T$24
     766              
     767              $C$DW$T$25      .dwtag  DW_TAG_typedef
     768                      .dwattr $C$DW$T$25, DW_AT_name("WDOG_IntStatus_e")
     769                      .dwattr $C$DW$T$25, DW_AT_type(*$C$DW$T$24)
     770                      .dwattr $C$DW$T$25, DW_AT_language(DW_LANG_C)
     771              
     772              
     773              $C$DW$T$30      .dwtag  DW_TAG_enumeration_type
     774                      .dwattr $C$DW$T$30, DW_AT_byte_size(0x01)
     775              $C$DW$56        .dwtag  DW_TAG_enumerator
     776                      .dwattr $C$DW$56, DW_AT_name("WDOG_PreScaler_OscClk_by_512_by_1")
     777                      .dwattr $C$DW$56, DW_AT_const_value(0x01)
     778              
     779              $C$DW$57        .dwtag  DW_TAG_enumerator
     780                      .dwattr $C$DW$57, DW_AT_name("WDOG_PreScaler_OscClk_by_512_by_2")
     781                      .dwattr $C$DW$57, DW_AT_const_value(0x02)
     782              
     783              $C$DW$58        .dwtag  DW_TAG_enumerator
     784                      .dwattr $C$DW$58, DW_AT_name("WDOG_PreScaler_OscClk_by_512_by_4")
     785                      .dwattr $C$DW$58, DW_AT_const_value(0x03)
     786              
     787              $C$DW$59        .dwtag  DW_TAG_enumerator
     788                      .dwattr $C$DW$59, DW_AT_name("WDOG_PreScaler_OscClk_by_512_by_8")
     789                      .dwattr $C$DW$59, DW_AT_const_value(0x04)
     790              
     791              $C$DW$60        .dwtag  DW_TAG_enumerator
     792                      .dwattr $C$DW$60, DW_AT_name("WDOG_PreScaler_OscClk_by_512_by_16")
     793                      .dwattr $C$DW$60, DW_AT_const_value(0x05)
     794              
     795              $C$DW$61        .dwtag  DW_TAG_enumerator
     796                      .dwattr $C$DW$61, DW_AT_name("WDOG_PreScaler_OscClk_by_512_by_32")
     797                      .dwattr $C$DW$61, DW_AT_const_value(0x06)
     798              
     799              $C$DW$62        .dwtag  DW_TAG_enumerator
     800                      .dwattr $C$DW$62, DW_AT_name("WDOG_PreScaler_OscClk_by_512_by_64")
     801                      .dwattr $C$DW$62, DW_AT_const_value(0x07)
     802              
     803                      .dwendtag $C$DW$T$30
     804              
     805              $C$DW$T$31      .dwtag  DW_TAG_typedef
     806                      .dwattr $C$DW$T$31, DW_AT_name("WDOG_PreScaler_e")
     807                      .dwattr $C$DW$T$31, DW_AT_type(*$C$DW$T$30)
     808                      .dwattr $C$DW$T$31, DW_AT_language(DW_LANG_C)
     809              
     810              $C$DW$63        .dwtag  DW_TAG_TI_far_type
     811                      .dwattr $C$DW$63, DW_AT_type(*$C$DW$T$31)
     812              
     813              $C$DW$T$32      .dwtag  DW_TAG_const_type
     814                      .dwattr $C$DW$T$32, DW_AT_type(*$C$DW$63)
     815              
     816              
TMS320C2000 Assembler PC v22.6.0 Mon Mar  6 14:18:46 2023

Copyright (c) 1996-2018 Texas Instruments Incorporated
C:\Users\GA5354\AppData\Local\Temp\{7F391C7F-2C3E-4E60-9A4B-8C204E7BB7EF} PAGE   16

     817              $C$DW$T$23      .dwtag  DW_TAG_structure_type
     818                      .dwattr $C$DW$T$23, DW_AT_name("_WDOG_Obj_")
     819                      .dwattr $C$DW$T$23, DW_AT_byte_size(0x08)
     820              $C$DW$64        .dwtag  DW_TAG_member
     821                      .dwattr $C$DW$64, DW_AT_type(*$C$DW$T$21)
     822                      .dwattr $C$DW$64, DW_AT_name("SCSR")
     823                      .dwattr $C$DW$64, DW_AT_TI_symbol_name("_SCSR")
     824                      .dwattr $C$DW$64, DW_AT_data_member_location[DW_OP_plus_uconst 0x0]
     825                      .dwattr $C$DW$64, DW_AT_accessibility(DW_ACCESS_public)
     826              
     827              $C$DW$65        .dwtag  DW_TAG_member
     828                      .dwattr $C$DW$65, DW_AT_type(*$C$DW$T$21)
     829                      .dwattr $C$DW$65, DW_AT_name("WDCNTR")
     830                      .dwattr $C$DW$65, DW_AT_TI_symbol_name("_WDCNTR")
     831                      .dwattr $C$DW$65, DW_AT_data_member_location[DW_OP_plus_uconst 0x1]
     832                      .dwattr $C$DW$65, DW_AT_accessibility(DW_ACCESS_public)
     833              
     834              $C$DW$66        .dwtag  DW_TAG_member
     835                      .dwattr $C$DW$66, DW_AT_type(*$C$DW$T$21)
     836                      .dwattr $C$DW$66, DW_AT_name("rsvd_1")
     837                      .dwattr $C$DW$66, DW_AT_TI_symbol_name("_rsvd_1")
     838                      .dwattr $C$DW$66, DW_AT_data_member_location[DW_OP_plus_uconst 0x2]
     839                      .dwattr $C$DW$66, DW_AT_accessibility(DW_ACCESS_public)
     840              
     841              $C$DW$67        .dwtag  DW_TAG_member
     842                      .dwattr $C$DW$67, DW_AT_type(*$C$DW$T$21)
     843                      .dwattr $C$DW$67, DW_AT_name("WDKEY")
     844                      .dwattr $C$DW$67, DW_AT_TI_symbol_name("_WDKEY")
     845                      .dwattr $C$DW$67, DW_AT_data_member_location[DW_OP_plus_uconst 0x3]
     846                      .dwattr $C$DW$67, DW_AT_accessibility(DW_ACCESS_public)
     847              
     848              $C$DW$68        .dwtag  DW_TAG_member
     849                      .dwattr $C$DW$68, DW_AT_type(*$C$DW$T$22)
     850                      .dwattr $C$DW$68, DW_AT_name("rsvd_2")
     851                      .dwattr $C$DW$68, DW_AT_TI_symbol_name("_rsvd_2")
     852                      .dwattr $C$DW$68, DW_AT_data_member_location[DW_OP_plus_uconst 0x4]
     853                      .dwattr $C$DW$68, DW_AT_accessibility(DW_ACCESS_public)
     854              
     855              $C$DW$69        .dwtag  DW_TAG_member
     856                      .dwattr $C$DW$69, DW_AT_type(*$C$DW$T$21)
     857                      .dwattr $C$DW$69, DW_AT_name("WDCR")
     858                      .dwattr $C$DW$69, DW_AT_TI_symbol_name("_WDCR")
     859                      .dwattr $C$DW$69, DW_AT_data_member_location[DW_OP_plus_uconst 0x7]
     860                      .dwattr $C$DW$69, DW_AT_accessibility(DW_ACCESS_public)
     861              
     862                      .dwendtag $C$DW$T$23
     863              
     864              $C$DW$T$33      .dwtag  DW_TAG_typedef
     865                      .dwattr $C$DW$T$33, DW_AT_name("WDOG_Obj")
     866                      .dwattr $C$DW$T$33, DW_AT_type(*$C$DW$T$23)
     867                      .dwattr $C$DW$T$33, DW_AT_language(DW_LANG_C)
     868              
     869              $C$DW$T$26      .dwtag  DW_TAG_pointer_type
     870                      .dwattr $C$DW$T$26, DW_AT_type(*$C$DW$T$23)
     871                      .dwattr $C$DW$T$26, DW_AT_address_class(0x20)
TMS320C2000 Assembler PC v22.6.0 Mon Mar  6 14:18:46 2023

Copyright (c) 1996-2018 Texas Instruments Incorporated
C:\Users\GA5354\AppData\Local\Temp\{7F391C7F-2C3E-4E60-9A4B-8C204E7BB7EF} PAGE   17

     872              
     873              $C$DW$T$27      .dwtag  DW_TAG_typedef
     874                      .dwattr $C$DW$T$27, DW_AT_name("WDOG_Handle")
     875                      .dwattr $C$DW$T$27, DW_AT_type(*$C$DW$T$26)
     876                      .dwattr $C$DW$T$27, DW_AT_language(DW_LANG_C)
     877              
     878              $C$DW$70        .dwtag  DW_TAG_TI_far_type
     879                      .dwattr $C$DW$70, DW_AT_type(*$C$DW$T$27)
     880              
     881              $C$DW$T$34      .dwtag  DW_TAG_const_type
     882                      .dwattr $C$DW$T$34, DW_AT_type(*$C$DW$70)
     883              
     884              $C$DW$T$2       .dwtag  DW_TAG_unspecified_type
     885                      .dwattr $C$DW$T$2, DW_AT_name("void")
     886              
     887              $C$DW$T$3       .dwtag  DW_TAG_pointer_type
     888                      .dwattr $C$DW$T$3, DW_AT_type(*$C$DW$T$2)
     889                      .dwattr $C$DW$T$3, DW_AT_address_class(0x20)
     890              
     891              $C$DW$T$4       .dwtag  DW_TAG_base_type
     892                      .dwattr $C$DW$T$4, DW_AT_encoding(DW_ATE_boolean)
     893                      .dwattr $C$DW$T$4, DW_AT_name("bool")
     894                      .dwattr $C$DW$T$4, DW_AT_byte_size(0x01)
     895              
     896              $C$DW$T$5       .dwtag  DW_TAG_base_type
     897                      .dwattr $C$DW$T$5, DW_AT_encoding(DW_ATE_signed_char)
     898                      .dwattr $C$DW$T$5, DW_AT_name("signed char")
     899                      .dwattr $C$DW$T$5, DW_AT_byte_size(0x01)
     900              
     901              $C$DW$T$6       .dwtag  DW_TAG_base_type
     902                      .dwattr $C$DW$T$6, DW_AT_encoding(DW_ATE_unsigned_char)
     903                      .dwattr $C$DW$T$6, DW_AT_name("unsigned char")
     904                      .dwattr $C$DW$T$6, DW_AT_byte_size(0x01)
     905              
     906              $C$DW$T$7       .dwtag  DW_TAG_base_type
     907                      .dwattr $C$DW$T$7, DW_AT_encoding(DW_ATE_signed_char)
     908                      .dwattr $C$DW$T$7, DW_AT_name("wchar_t")
     909                      .dwattr $C$DW$T$7, DW_AT_byte_size(0x01)
     910              
     911              $C$DW$T$8       .dwtag  DW_TAG_base_type
     912                      .dwattr $C$DW$T$8, DW_AT_encoding(DW_ATE_signed)
     913                      .dwattr $C$DW$T$8, DW_AT_name("short")
     914                      .dwattr $C$DW$T$8, DW_AT_byte_size(0x01)
     915              
     916              $C$DW$T$9       .dwtag  DW_TAG_base_type
     917                      .dwattr $C$DW$T$9, DW_AT_encoding(DW_ATE_unsigned)
     918                      .dwattr $C$DW$T$9, DW_AT_name("unsigned short")
     919                      .dwattr $C$DW$T$9, DW_AT_byte_size(0x01)
     920              
     921              $C$DW$T$10      .dwtag  DW_TAG_base_type
     922                      .dwattr $C$DW$T$10, DW_AT_encoding(DW_ATE_signed)
     923                      .dwattr $C$DW$T$10, DW_AT_name("int")
     924                      .dwattr $C$DW$T$10, DW_AT_byte_size(0x01)
     925              
     926              $C$DW$T$11      .dwtag  DW_TAG_base_type
TMS320C2000 Assembler PC v22.6.0 Mon Mar  6 14:18:46 2023

Copyright (c) 1996-2018 Texas Instruments Incorporated
C:\Users\GA5354\AppData\Local\Temp\{7F391C7F-2C3E-4E60-9A4B-8C204E7BB7EF} PAGE   18

     927                      .dwattr $C$DW$T$11, DW_AT_encoding(DW_ATE_unsigned)
     928                      .dwattr $C$DW$T$11, DW_AT_name("unsigned int")
     929                      .dwattr $C$DW$T$11, DW_AT_byte_size(0x01)
     930              
     931              $C$DW$T$19      .dwtag  DW_TAG_typedef
     932                      .dwattr $C$DW$T$19, DW_AT_name("__uint16_t")
     933                      .dwattr $C$DW$T$19, DW_AT_type(*$C$DW$T$11)
     934                      .dwattr $C$DW$T$19, DW_AT_language(DW_LANG_C)
     935              
     936              $C$DW$T$42      .dwtag  DW_TAG_typedef
     937                      .dwattr $C$DW$T$42, DW_AT_name("__uint_least8_t")
     938                      .dwattr $C$DW$T$42, DW_AT_type(*$C$DW$T$19)
     939                      .dwattr $C$DW$T$42, DW_AT_language(DW_LANG_C)
     940              
     941              $C$DW$T$43      .dwtag  DW_TAG_typedef
     942                      .dwattr $C$DW$T$43, DW_AT_name("uint_least8_t")
     943                      .dwattr $C$DW$T$43, DW_AT_type(*$C$DW$T$42)
     944                      .dwattr $C$DW$T$43, DW_AT_language(DW_LANG_C)
     945              
     946              $C$DW$71        .dwtag  DW_TAG_TI_far_type
     947                      .dwattr $C$DW$71, DW_AT_type(*$C$DW$T$43)
     948              
     949              $C$DW$T$44      .dwtag  DW_TAG_const_type
     950                      .dwattr $C$DW$T$44, DW_AT_type(*$C$DW$71)
     951              
     952              $C$DW$T$20      .dwtag  DW_TAG_typedef
     953                      .dwattr $C$DW$T$20, DW_AT_name("uint16_t")
     954                      .dwattr $C$DW$T$20, DW_AT_type(*$C$DW$T$19)
     955                      .dwattr $C$DW$T$20, DW_AT_language(DW_LANG_C)
     956              
     957              $C$DW$72        .dwtag  DW_TAG_TI_far_type
     958                      .dwattr $C$DW$72, DW_AT_type(*$C$DW$T$20)
     959              
     960              $C$DW$T$21      .dwtag  DW_TAG_volatile_type
     961                      .dwattr $C$DW$T$21, DW_AT_type(*$C$DW$72)
     962              
     963              
     964              $C$DW$T$22      .dwtag  DW_TAG_array_type
     965                      .dwattr $C$DW$T$22, DW_AT_type(*$C$DW$T$21)
     966                      .dwattr $C$DW$T$22, DW_AT_language(DW_LANG_C)
     967                      .dwattr $C$DW$T$22, DW_AT_byte_size(0x03)
     968              $C$DW$73        .dwtag  DW_TAG_subrange_type
     969                      .dwattr $C$DW$73, DW_AT_upper_bound(0x02)
     970              
     971                      .dwendtag $C$DW$T$22
     972              
     973              $C$DW$T$12      .dwtag  DW_TAG_base_type
     974                      .dwattr $C$DW$T$12, DW_AT_encoding(DW_ATE_signed)
     975                      .dwattr $C$DW$T$12, DW_AT_name("long")
     976                      .dwattr $C$DW$T$12, DW_AT_byte_size(0x02)
     977              
     978              $C$DW$T$13      .dwtag  DW_TAG_base_type
     979                      .dwattr $C$DW$T$13, DW_AT_encoding(DW_ATE_unsigned)
     980                      .dwattr $C$DW$T$13, DW_AT_name("unsigned long")
     981                      .dwattr $C$DW$T$13, DW_AT_byte_size(0x02)
TMS320C2000 Assembler PC v22.6.0 Mon Mar  6 14:18:46 2023

Copyright (c) 1996-2018 Texas Instruments Incorporated
C:\Users\GA5354\AppData\Local\Temp\{7F391C7F-2C3E-4E60-9A4B-8C204E7BB7EF} PAGE   19

     982              
     983              $C$DW$T$35      .dwtag  DW_TAG_typedef
     984                      .dwattr $C$DW$T$35, DW_AT_name("size_t")
     985                      .dwattr $C$DW$T$35, DW_AT_type(*$C$DW$T$13)
     986                      .dwattr $C$DW$T$35, DW_AT_language(DW_LANG_C)
     987              
     988              $C$DW$74        .dwtag  DW_TAG_TI_far_type
     989                      .dwattr $C$DW$74, DW_AT_type(*$C$DW$T$35)
     990              
     991              $C$DW$T$36      .dwtag  DW_TAG_const_type
     992                      .dwattr $C$DW$T$36, DW_AT_type(*$C$DW$74)
     993              
     994              $C$DW$T$14      .dwtag  DW_TAG_base_type
     995                      .dwattr $C$DW$T$14, DW_AT_encoding(DW_ATE_signed)
     996                      .dwattr $C$DW$T$14, DW_AT_name("long long")
     997                      .dwattr $C$DW$T$14, DW_AT_byte_size(0x04)
     998              
     999              $C$DW$T$15      .dwtag  DW_TAG_base_type
    1000                      .dwattr $C$DW$T$15, DW_AT_encoding(DW_ATE_unsigned)
    1001                      .dwattr $C$DW$T$15, DW_AT_name("unsigned long long")
    1002                      .dwattr $C$DW$T$15, DW_AT_byte_size(0x04)
    1003              
    1004              $C$DW$T$16      .dwtag  DW_TAG_base_type
    1005                      .dwattr $C$DW$T$16, DW_AT_encoding(DW_ATE_float)
    1006                      .dwattr $C$DW$T$16, DW_AT_name("float")
    1007                      .dwattr $C$DW$T$16, DW_AT_byte_size(0x02)
    1008              
    1009              $C$DW$T$17      .dwtag  DW_TAG_base_type
    1010                      .dwattr $C$DW$T$17, DW_AT_encoding(DW_ATE_float)
    1011                      .dwattr $C$DW$T$17, DW_AT_name("double")
    1012                      .dwattr $C$DW$T$17, DW_AT_byte_size(0x02)
    1013              
    1014              $C$DW$T$18      .dwtag  DW_TAG_base_type
    1015                      .dwattr $C$DW$T$18, DW_AT_encoding(DW_ATE_float)
    1016                      .dwattr $C$DW$T$18, DW_AT_name("long double")
    1017                      .dwattr $C$DW$T$18, DW_AT_byte_size(0x04)
    1018              
    1019                      .dwattr $C$DW$CU, DW_AT_language(DW_LANG_C)
    1020              
    1021              ;***************************************************************
    1022              ;* DWARF CIE ENTRIES                                           *
    1023              ;***************************************************************
    1024              
    1025              $C$DW$CIE       .dwcie 26
    1026                      .dwcfi  cfa_register, 20
    1027                      .dwcfi  cfa_offset, 0
    1028                      .dwcfi  same_value, 28
    1029                      .dwcfi  same_value, 6
    1030                      .dwcfi  same_value, 7
    1031                      .dwcfi  same_value, 8
    1032                      .dwcfi  same_value, 9
    1033                      .dwcfi  same_value, 10
    1034                      .dwcfi  same_value, 11
    1035                      .dwendentry
    1036              
TMS320C2000 Assembler PC v22.6.0 Mon Mar  6 14:18:46 2023

Copyright (c) 1996-2018 Texas Instruments Incorporated
C:\Users\GA5354\AppData\Local\Temp\{7F391C7F-2C3E-4E60-9A4B-8C204E7BB7EF} PAGE   20

    1037              ;***************************************************************
    1038              ;* DWARF REGISTER MAP                                          *
    1039              ;***************************************************************
    1040              
    1041              $C$DW$75        .dwtag  DW_TAG_TI_assign_register
    1042                      .dwattr $C$DW$75, DW_AT_name("AL")
    1043                      .dwattr $C$DW$75, DW_AT_location[DW_OP_reg0]
    1044              
    1045              $C$DW$76        .dwtag  DW_TAG_TI_assign_register
    1046                      .dwattr $C$DW$76, DW_AT_name("AH")
    1047                      .dwattr $C$DW$76, DW_AT_location[DW_OP_reg1]
    1048              
    1049              $C$DW$77        .dwtag  DW_TAG_TI_assign_register
    1050                      .dwattr $C$DW$77, DW_AT_name("PL")
    1051                      .dwattr $C$DW$77, DW_AT_location[DW_OP_reg2]
    1052              
    1053              $C$DW$78        .dwtag  DW_TAG_TI_assign_register
    1054                      .dwattr $C$DW$78, DW_AT_name("PH")
    1055                      .dwattr $C$DW$78, DW_AT_location[DW_OP_reg3]
    1056              
    1057              $C$DW$79        .dwtag  DW_TAG_TI_assign_register
    1058                      .dwattr $C$DW$79, DW_AT_name("SP")
    1059                      .dwattr $C$DW$79, DW_AT_location[DW_OP_reg20]
    1060              
    1061              $C$DW$80        .dwtag  DW_TAG_TI_assign_register
    1062                      .dwattr $C$DW$80, DW_AT_name("XT")
    1063                      .dwattr $C$DW$80, DW_AT_location[DW_OP_reg21]
    1064              
    1065              $C$DW$81        .dwtag  DW_TAG_TI_assign_register
    1066                      .dwattr $C$DW$81, DW_AT_name("T")
    1067                      .dwattr $C$DW$81, DW_AT_location[DW_OP_reg22]
    1068              
    1069              $C$DW$82        .dwtag  DW_TAG_TI_assign_register
    1070                      .dwattr $C$DW$82, DW_AT_name("ST0")
    1071                      .dwattr $C$DW$82, DW_AT_location[DW_OP_reg23]
    1072              
    1073              $C$DW$83        .dwtag  DW_TAG_TI_assign_register
    1074                      .dwattr $C$DW$83, DW_AT_name("ST1")
    1075                      .dwattr $C$DW$83, DW_AT_location[DW_OP_reg24]
    1076              
    1077              $C$DW$84        .dwtag  DW_TAG_TI_assign_register
    1078                      .dwattr $C$DW$84, DW_AT_name("PC")
    1079                      .dwattr $C$DW$84, DW_AT_location[DW_OP_reg25]
    1080              
    1081              $C$DW$85        .dwtag  DW_TAG_TI_assign_register
    1082                      .dwattr $C$DW$85, DW_AT_name("RPC")
    1083                      .dwattr $C$DW$85, DW_AT_location[DW_OP_reg26]
    1084              
    1085              $C$DW$86        .dwtag  DW_TAG_TI_assign_register
    1086                      .dwattr $C$DW$86, DW_AT_name("FP")
    1087                      .dwattr $C$DW$86, DW_AT_location[DW_OP_reg28]
    1088              
    1089              $C$DW$87        .dwtag  DW_TAG_TI_assign_register
    1090                      .dwattr $C$DW$87, DW_AT_name("DP")
    1091                      .dwattr $C$DW$87, DW_AT_location[DW_OP_reg29]
TMS320C2000 Assembler PC v22.6.0 Mon Mar  6 14:18:46 2023

Copyright (c) 1996-2018 Texas Instruments Incorporated
C:\Users\GA5354\AppData\Local\Temp\{7F391C7F-2C3E-4E60-9A4B-8C204E7BB7EF} PAGE   21

    1092              
    1093              $C$DW$88        .dwtag  DW_TAG_TI_assign_register
    1094                      .dwattr $C$DW$88, DW_AT_name("SXM")
    1095                      .dwattr $C$DW$88, DW_AT_location[DW_OP_reg30]
    1096              
    1097              $C$DW$89        .dwtag  DW_TAG_TI_assign_register
    1098                      .dwattr $C$DW$89, DW_AT_name("PM")
    1099                      .dwattr $C$DW$89, DW_AT_location[DW_OP_reg31]
    1100              
    1101              $C$DW$90        .dwtag  DW_TAG_TI_assign_register
    1102                      .dwattr $C$DW$90, DW_AT_name("OVM")
    1103                      .dwattr $C$DW$90, DW_AT_location[DW_OP_regx 0x20]
    1104              
    1105              $C$DW$91        .dwtag  DW_TAG_TI_assign_register
    1106                      .dwattr $C$DW$91, DW_AT_name("PAGE0")
    1107                      .dwattr $C$DW$91, DW_AT_location[DW_OP_regx 0x21]
    1108              
    1109              $C$DW$92        .dwtag  DW_TAG_TI_assign_register
    1110                      .dwattr $C$DW$92, DW_AT_name("AMODE")
    1111                      .dwattr $C$DW$92, DW_AT_location[DW_OP_regx 0x22]
    1112              
    1113              $C$DW$93        .dwtag  DW_TAG_TI_assign_register
    1114                      .dwattr $C$DW$93, DW_AT_name("EALLOW")
    1115                      .dwattr $C$DW$93, DW_AT_location[DW_OP_regx 0x4e]
    1116              
    1117              $C$DW$94        .dwtag  DW_TAG_TI_assign_register
    1118                      .dwattr $C$DW$94, DW_AT_name("INTM")
    1119                      .dwattr $C$DW$94, DW_AT_location[DW_OP_regx 0x23]
    1120              
    1121              $C$DW$95        .dwtag  DW_TAG_TI_assign_register
    1122                      .dwattr $C$DW$95, DW_AT_name("IFR")
    1123                      .dwattr $C$DW$95, DW_AT_location[DW_OP_regx 0x24]
    1124              
    1125              $C$DW$96        .dwtag  DW_TAG_TI_assign_register
    1126                      .dwattr $C$DW$96, DW_AT_name("IER")
    1127                      .dwattr $C$DW$96, DW_AT_location[DW_OP_regx 0x25]
    1128              
    1129              $C$DW$97        .dwtag  DW_TAG_TI_assign_register
    1130                      .dwattr $C$DW$97, DW_AT_name("V")
    1131                      .dwattr $C$DW$97, DW_AT_location[DW_OP_regx 0x26]
    1132              
    1133              $C$DW$98        .dwtag  DW_TAG_TI_assign_register
    1134                      .dwattr $C$DW$98, DW_AT_name("PSEUDOH")
    1135                      .dwattr $C$DW$98, DW_AT_location[DW_OP_regx 0x4c]
    1136              
    1137              $C$DW$99        .dwtag  DW_TAG_TI_assign_register
    1138                      .dwattr $C$DW$99, DW_AT_name("VOL")
    1139                      .dwattr $C$DW$99, DW_AT_location[DW_OP_regx 0x4d]
    1140              
    1141              $C$DW$100       .dwtag  DW_TAG_TI_assign_register
    1142                      .dwattr $C$DW$100, DW_AT_name("AR0")
    1143                      .dwattr $C$DW$100, DW_AT_location[DW_OP_reg4]
    1144              
    1145              $C$DW$101       .dwtag  DW_TAG_TI_assign_register
    1146                      .dwattr $C$DW$101, DW_AT_name("XAR0")
TMS320C2000 Assembler PC v22.6.0 Mon Mar  6 14:18:46 2023

Copyright (c) 1996-2018 Texas Instruments Incorporated
C:\Users\GA5354\AppData\Local\Temp\{7F391C7F-2C3E-4E60-9A4B-8C204E7BB7EF} PAGE   22

    1147                      .dwattr $C$DW$101, DW_AT_location[DW_OP_reg5]
    1148              
    1149              $C$DW$102       .dwtag  DW_TAG_TI_assign_register
    1150                      .dwattr $C$DW$102, DW_AT_name("AR1")
    1151                      .dwattr $C$DW$102, DW_AT_location[DW_OP_reg6]
    1152              
    1153              $C$DW$103       .dwtag  DW_TAG_TI_assign_register
    1154                      .dwattr $C$DW$103, DW_AT_name("XAR1")
    1155                      .dwattr $C$DW$103, DW_AT_location[DW_OP_reg7]
    1156              
    1157              $C$DW$104       .dwtag  DW_TAG_TI_assign_register
    1158                      .dwattr $C$DW$104, DW_AT_name("AR2")
    1159                      .dwattr $C$DW$104, DW_AT_location[DW_OP_reg8]
    1160              
    1161              $C$DW$105       .dwtag  DW_TAG_TI_assign_register
    1162                      .dwattr $C$DW$105, DW_AT_name("XAR2")
    1163                      .dwattr $C$DW$105, DW_AT_location[DW_OP_reg9]
    1164              
    1165              $C$DW$106       .dwtag  DW_TAG_TI_assign_register
    1166                      .dwattr $C$DW$106, DW_AT_name("AR3")
    1167                      .dwattr $C$DW$106, DW_AT_location[DW_OP_reg10]
    1168              
    1169              $C$DW$107       .dwtag  DW_TAG_TI_assign_register
    1170                      .dwattr $C$DW$107, DW_AT_name("XAR3")
    1171                      .dwattr $C$DW$107, DW_AT_location[DW_OP_reg11]
    1172              
    1173              $C$DW$108       .dwtag  DW_TAG_TI_assign_register
    1174                      .dwattr $C$DW$108, DW_AT_name("AR4")
    1175                      .dwattr $C$DW$108, DW_AT_location[DW_OP_reg12]
    1176              
    1177              $C$DW$109       .dwtag  DW_TAG_TI_assign_register
    1178                      .dwattr $C$DW$109, DW_AT_name("XAR4")
    1179                      .dwattr $C$DW$109, DW_AT_location[DW_OP_reg13]
    1180              
    1181              $C$DW$110       .dwtag  DW_TAG_TI_assign_register
    1182                      .dwattr $C$DW$110, DW_AT_name("AR5")
    1183                      .dwattr $C$DW$110, DW_AT_location[DW_OP_reg14]
    1184              
    1185              $C$DW$111       .dwtag  DW_TAG_TI_assign_register
    1186                      .dwattr $C$DW$111, DW_AT_name("XAR5")
    1187                      .dwattr $C$DW$111, DW_AT_location[DW_OP_reg15]
    1188              
    1189              $C$DW$112       .dwtag  DW_TAG_TI_assign_register
    1190                      .dwattr $C$DW$112, DW_AT_name("AR6")
    1191                      .dwattr $C$DW$112, DW_AT_location[DW_OP_reg16]
    1192              
    1193              $C$DW$113       .dwtag  DW_TAG_TI_assign_register
    1194                      .dwattr $C$DW$113, DW_AT_name("XAR6")
    1195                      .dwattr $C$DW$113, DW_AT_location[DW_OP_reg17]
    1196              
    1197              $C$DW$114       .dwtag  DW_TAG_TI_assign_register
    1198                      .dwattr $C$DW$114, DW_AT_name("AR7")
    1199                      .dwattr $C$DW$114, DW_AT_location[DW_OP_reg18]
    1200              
    1201              $C$DW$115       .dwtag  DW_TAG_TI_assign_register
TMS320C2000 Assembler PC v22.6.0 Mon Mar  6 14:18:46 2023

Copyright (c) 1996-2018 Texas Instruments Incorporated
C:\Users\GA5354\AppData\Local\Temp\{7F391C7F-2C3E-4E60-9A4B-8C204E7BB7EF} PAGE   23

    1202                      .dwattr $C$DW$115, DW_AT_name("XAR7")
    1203                      .dwattr $C$DW$115, DW_AT_location[DW_OP_reg19]
    1204              
    1205                      .dwendtag $C$DW$CU
    1206              

No Assembly Errors, No Assembly Warnings
